[2024-12-24T19:12:35.375+0000] {processor.py:186} INFO - Started process (PID=82) to work on /home/airflow/.local/lib/python3.12/site-packages/airflow/example_dags/tutorial.py
[2024-12-24T19:12:35.376+0000] {processor.py:914} INFO - Processing file /home/airflow/.local/lib/python3.12/site-packages/airflow/example_dags/tutorial.py for tasks to queue
[2024-12-24T19:12:35.379+0000] {logging_mixin.py:190} INFO - [2024-12-24T19:12:35.379+0000] {dagbag.py:588} INFO - Filling up the DagBag from /home/airflow/.local/lib/python3.12/site-packages/airflow/example_dags/tutorial.py
[2024-12-24T19:12:35.387+0000] {processor.py:925} INFO - DAG(s) 'tutorial' retrieved from /home/airflow/.local/lib/python3.12/site-packages/airflow/example_dags/tutorial.py
[2024-12-24T19:12:35.461+0000] {logging_mixin.py:190} INFO - [2024-12-24T19:12:35.460+0000] {override.py:1911} INFO - Created Permission View: can read on DAG:tutorial
[2024-12-24T19:12:35.511+0000] {logging_mixin.py:190} INFO - [2024-12-24T19:12:35.510+0000] {override.py:1911} INFO - Created Permission View: can delete on DAG:tutorial
[2024-12-24T19:12:35.518+0000] {logging_mixin.py:190} INFO - [2024-12-24T19:12:35.518+0000] {override.py:1911} INFO - Created Permission View: can edit on DAG:tutorial
[2024-12-24T19:12:35.525+0000] {logging_mixin.py:190} INFO - [2024-12-24T19:12:35.525+0000] {override.py:1911} INFO - Created Permission View: can read on DAG Run:tutorial
[2024-12-24T19:12:35.531+0000] {logging_mixin.py:190} INFO - [2024-12-24T19:12:35.531+0000] {override.py:1911} INFO - Created Permission View: can delete on DAG Run:tutorial
[2024-12-24T19:12:35.538+0000] {logging_mixin.py:190} INFO - [2024-12-24T19:12:35.538+0000] {override.py:1911} INFO - Created Permission View: menu access on DAG Run:tutorial
[2024-12-24T19:12:35.543+0000] {logging_mixin.py:190} INFO - [2024-12-24T19:12:35.543+0000] {override.py:1911} INFO - Created Permission View: can create on DAG Run:tutorial
[2024-12-24T19:12:35.544+0000] {logging_mixin.py:190} INFO - [2024-12-24T19:12:35.543+0000] {dag.py:3239} INFO - Sync 1 DAGs
[2024-12-24T19:12:35.552+0000] {logging_mixin.py:190} INFO - [2024-12-24T19:12:35.552+0000] {dag.py:3262} INFO - Creating ORM DAG for tutorial
[2024-12-24T19:12:35.559+0000] {logging_mixin.py:190} INFO - [2024-12-24T19:12:35.559+0000] {dag.py:4180} INFO - Setting next_dagrun for tutorial to 2024-12-23 00:00:00+00:00, run_after=2024-12-24 00:00:00+00:00
[2024-12-24T19:12:35.571+0000] {processor.py:208} INFO - Processing /home/airflow/.local/lib/python3.12/site-packages/airflow/example_dags/tutorial.py took 0.201 seconds
[2024-12-24T19:13:06.442+0000] {processor.py:186} INFO - Started process (PID=145) to work on /home/airflow/.local/lib/python3.12/site-packages/airflow/example_dags/tutorial.py
[2024-12-24T19:13:06.443+0000] {processor.py:914} INFO - Processing file /home/airflow/.local/lib/python3.12/site-packages/airflow/example_dags/tutorial.py for tasks to queue
[2024-12-24T19:13:06.445+0000] {logging_mixin.py:190} INFO - [2024-12-24T19:13:06.445+0000] {dagbag.py:588} INFO - Filling up the DagBag from /home/airflow/.local/lib/python3.12/site-packages/airflow/example_dags/tutorial.py
[2024-12-24T19:13:06.452+0000] {processor.py:925} INFO - DAG(s) 'tutorial' retrieved from /home/airflow/.local/lib/python3.12/site-packages/airflow/example_dags/tutorial.py
[2024-12-24T19:13:06.465+0000] {logging_mixin.py:190} INFO - [2024-12-24T19:13:06.464+0000] {dag.py:3239} INFO - Sync 1 DAGs
[2024-12-24T19:13:06.482+0000] {logging_mixin.py:190} INFO - [2024-12-24T19:13:06.482+0000] {dag.py:4180} INFO - Setting next_dagrun for tutorial to 2024-12-23 00:00:00+00:00, run_after=2024-12-24 00:00:00+00:00
[2024-12-24T19:13:06.494+0000] {processor.py:208} INFO - Processing /home/airflow/.local/lib/python3.12/site-packages/airflow/example_dags/tutorial.py took 0.055 seconds
[2024-12-24T19:13:37.478+0000] {processor.py:186} INFO - Started process (PID=208) to work on /home/airflow/.local/lib/python3.12/site-packages/airflow/example_dags/tutorial.py
[2024-12-24T19:13:37.480+0000] {processor.py:914} INFO - Processing file /home/airflow/.local/lib/python3.12/site-packages/airflow/example_dags/tutorial.py for tasks to queue
[2024-12-24T19:13:37.482+0000] {logging_mixin.py:190} INFO - [2024-12-24T19:13:37.481+0000] {dagbag.py:588} INFO - Filling up the DagBag from /home/airflow/.local/lib/python3.12/site-packages/airflow/example_dags/tutorial.py
[2024-12-24T19:13:37.487+0000] {processor.py:925} INFO - DAG(s) 'tutorial' retrieved from /home/airflow/.local/lib/python3.12/site-packages/airflow/example_dags/tutorial.py
[2024-12-24T19:13:37.499+0000] {logging_mixin.py:190} INFO - [2024-12-24T19:13:37.499+0000] {dag.py:3239} INFO - Sync 1 DAGs
[2024-12-24T19:13:37.512+0000] {logging_mixin.py:190} INFO - [2024-12-24T19:13:37.512+0000] {dag.py:4180} INFO - Setting next_dagrun for tutorial to 2024-12-23 00:00:00+00:00, run_after=2024-12-24 00:00:00+00:00
[2024-12-24T19:13:37.524+0000] {processor.py:208} INFO - Processing /home/airflow/.local/lib/python3.12/site-packages/airflow/example_dags/tutorial.py took 0.050 seconds
[2024-12-24T19:14:08.645+0000] {processor.py:186} INFO - Started process (PID=265) to work on /home/airflow/.local/lib/python3.12/site-packages/airflow/example_dags/tutorial.py
[2024-12-24T19:14:08.647+0000] {processor.py:914} INFO - Processing file /home/airflow/.local/lib/python3.12/site-packages/airflow/example_dags/tutorial.py for tasks to queue
[2024-12-24T19:14:08.648+0000] {logging_mixin.py:190} INFO - [2024-12-24T19:14:08.648+0000] {dagbag.py:588} INFO - Filling up the DagBag from /home/airflow/.local/lib/python3.12/site-packages/airflow/example_dags/tutorial.py
[2024-12-24T19:14:08.655+0000] {processor.py:925} INFO - DAG(s) 'tutorial' retrieved from /home/airflow/.local/lib/python3.12/site-packages/airflow/example_dags/tutorial.py
[2024-12-24T19:14:08.669+0000] {logging_mixin.py:190} INFO - [2024-12-24T19:14:08.669+0000] {dag.py:3239} INFO - Sync 1 DAGs
[2024-12-24T19:14:08.685+0000] {logging_mixin.py:190} INFO - [2024-12-24T19:14:08.685+0000] {dag.py:4180} INFO - Setting next_dagrun for tutorial to 2024-12-23 00:00:00+00:00, run_after=2024-12-24 00:00:00+00:00
[2024-12-24T19:14:08.702+0000] {processor.py:208} INFO - Processing /home/airflow/.local/lib/python3.12/site-packages/airflow/example_dags/tutorial.py took 0.061 seconds
[2024-12-24T19:14:39.745+0000] {processor.py:186} INFO - Started process (PID=328) to work on /home/airflow/.local/lib/python3.12/site-packages/airflow/example_dags/tutorial.py
[2024-12-24T19:14:39.747+0000] {processor.py:914} INFO - Processing file /home/airflow/.local/lib/python3.12/site-packages/airflow/example_dags/tutorial.py for tasks to queue
[2024-12-24T19:14:39.749+0000] {logging_mixin.py:190} INFO - [2024-12-24T19:14:39.748+0000] {dagbag.py:588} INFO - Filling up the DagBag from /home/airflow/.local/lib/python3.12/site-packages/airflow/example_dags/tutorial.py
[2024-12-24T19:14:39.754+0000] {processor.py:925} INFO - DAG(s) 'tutorial' retrieved from /home/airflow/.local/lib/python3.12/site-packages/airflow/example_dags/tutorial.py
[2024-12-24T19:14:39.765+0000] {logging_mixin.py:190} INFO - [2024-12-24T19:14:39.765+0000] {dag.py:3239} INFO - Sync 1 DAGs
[2024-12-24T19:14:39.780+0000] {logging_mixin.py:190} INFO - [2024-12-24T19:14:39.780+0000] {dag.py:4180} INFO - Setting next_dagrun for tutorial to 2024-12-23 00:00:00+00:00, run_after=2024-12-24 00:00:00+00:00
[2024-12-24T19:14:39.792+0000] {processor.py:208} INFO - Processing /home/airflow/.local/lib/python3.12/site-packages/airflow/example_dags/tutorial.py took 0.050 seconds
[2024-12-24T19:15:10.304+0000] {processor.py:186} INFO - Started process (PID=391) to work on /home/airflow/.local/lib/python3.12/site-packages/airflow/example_dags/tutorial.py
[2024-12-24T19:15:10.306+0000] {processor.py:914} INFO - Processing file /home/airflow/.local/lib/python3.12/site-packages/airflow/example_dags/tutorial.py for tasks to queue
[2024-12-24T19:15:10.308+0000] {logging_mixin.py:190} INFO - [2024-12-24T19:15:10.307+0000] {dagbag.py:588} INFO - Filling up the DagBag from /home/airflow/.local/lib/python3.12/site-packages/airflow/example_dags/tutorial.py
[2024-12-24T19:15:10.313+0000] {processor.py:925} INFO - DAG(s) 'tutorial' retrieved from /home/airflow/.local/lib/python3.12/site-packages/airflow/example_dags/tutorial.py
[2024-12-24T19:15:10.324+0000] {logging_mixin.py:190} INFO - [2024-12-24T19:15:10.323+0000] {dag.py:3239} INFO - Sync 1 DAGs
[2024-12-24T19:15:10.337+0000] {logging_mixin.py:190} INFO - [2024-12-24T19:15:10.337+0000] {dag.py:4180} INFO - Setting next_dagrun for tutorial to 2024-12-23 00:00:00+00:00, run_after=2024-12-24 00:00:00+00:00
[2024-12-24T19:15:10.348+0000] {processor.py:208} INFO - Processing /home/airflow/.local/lib/python3.12/site-packages/airflow/example_dags/tutorial.py took 0.047 seconds
[2024-12-24T19:15:42.456+0000] {processor.py:186} INFO - Started process (PID=454) to work on /home/airflow/.local/lib/python3.12/site-packages/airflow/example_dags/tutorial.py
[2024-12-24T19:15:42.457+0000] {processor.py:914} INFO - Processing file /home/airflow/.local/lib/python3.12/site-packages/airflow/example_dags/tutorial.py for tasks to queue
[2024-12-24T19:15:42.459+0000] {logging_mixin.py:190} INFO - [2024-12-24T19:15:42.459+0000] {dagbag.py:588} INFO - Filling up the DagBag from /home/airflow/.local/lib/python3.12/site-packages/airflow/example_dags/tutorial.py
[2024-12-24T19:15:42.468+0000] {processor.py:925} INFO - DAG(s) 'tutorial' retrieved from /home/airflow/.local/lib/python3.12/site-packages/airflow/example_dags/tutorial.py
[2024-12-24T19:15:42.483+0000] {logging_mixin.py:190} INFO - [2024-12-24T19:15:42.483+0000] {dag.py:3239} INFO - Sync 1 DAGs
[2024-12-24T19:15:42.498+0000] {logging_mixin.py:190} INFO - [2024-12-24T19:15:42.498+0000] {dag.py:4180} INFO - Setting next_dagrun for tutorial to 2024-12-23 00:00:00+00:00, run_after=2024-12-24 00:00:00+00:00
[2024-12-24T19:15:42.509+0000] {processor.py:208} INFO - Processing /home/airflow/.local/lib/python3.12/site-packages/airflow/example_dags/tutorial.py took 0.058 seconds
[2024-12-24T19:16:13.552+0000] {processor.py:186} INFO - Started process (PID=517) to work on /home/airflow/.local/lib/python3.12/site-packages/airflow/example_dags/tutorial.py
[2024-12-24T19:16:13.553+0000] {processor.py:914} INFO - Processing file /home/airflow/.local/lib/python3.12/site-packages/airflow/example_dags/tutorial.py for tasks to queue
[2024-12-24T19:16:13.555+0000] {logging_mixin.py:190} INFO - [2024-12-24T19:16:13.554+0000] {dagbag.py:588} INFO - Filling up the DagBag from /home/airflow/.local/lib/python3.12/site-packages/airflow/example_dags/tutorial.py
[2024-12-24T19:16:13.559+0000] {processor.py:925} INFO - DAG(s) 'tutorial' retrieved from /home/airflow/.local/lib/python3.12/site-packages/airflow/example_dags/tutorial.py
[2024-12-24T19:16:13.571+0000] {logging_mixin.py:190} INFO - [2024-12-24T19:16:13.571+0000] {dag.py:3239} INFO - Sync 1 DAGs
[2024-12-24T19:16:13.585+0000] {logging_mixin.py:190} INFO - [2024-12-24T19:16:13.585+0000] {dag.py:4180} INFO - Setting next_dagrun for tutorial to 2024-12-23 00:00:00+00:00, run_after=2024-12-24 00:00:00+00:00
[2024-12-24T19:16:13.597+0000] {processor.py:208} INFO - Processing /home/airflow/.local/lib/python3.12/site-packages/airflow/example_dags/tutorial.py took 0.049 seconds
[2024-12-24T19:16:44.401+0000] {processor.py:186} INFO - Started process (PID=580) to work on /home/airflow/.local/lib/python3.12/site-packages/airflow/example_dags/tutorial.py
[2024-12-24T19:16:44.403+0000] {processor.py:914} INFO - Processing file /home/airflow/.local/lib/python3.12/site-packages/airflow/example_dags/tutorial.py for tasks to queue
[2024-12-24T19:16:44.404+0000] {logging_mixin.py:190} INFO - [2024-12-24T19:16:44.404+0000] {dagbag.py:588} INFO - Filling up the DagBag from /home/airflow/.local/lib/python3.12/site-packages/airflow/example_dags/tutorial.py
[2024-12-24T19:16:44.409+0000] {processor.py:925} INFO - DAG(s) 'tutorial' retrieved from /home/airflow/.local/lib/python3.12/site-packages/airflow/example_dags/tutorial.py
[2024-12-24T19:16:44.421+0000] {logging_mixin.py:190} INFO - [2024-12-24T19:16:44.420+0000] {dag.py:3239} INFO - Sync 1 DAGs
[2024-12-24T19:16:44.435+0000] {logging_mixin.py:190} INFO - [2024-12-24T19:16:44.435+0000] {dag.py:4180} INFO - Setting next_dagrun for tutorial to 2024-12-23 00:00:00+00:00, run_after=2024-12-24 00:00:00+00:00
[2024-12-24T19:16:44.455+0000] {processor.py:208} INFO - Processing /home/airflow/.local/lib/python3.12/site-packages/airflow/example_dags/tutorial.py took 0.057 seconds
[2024-12-24T19:17:15.022+0000] {processor.py:186} INFO - Started process (PID=643) to work on /home/airflow/.local/lib/python3.12/site-packages/airflow/example_dags/tutorial.py
[2024-12-24T19:17:15.024+0000] {processor.py:914} INFO - Processing file /home/airflow/.local/lib/python3.12/site-packages/airflow/example_dags/tutorial.py for tasks to queue
[2024-12-24T19:17:15.026+0000] {logging_mixin.py:190} INFO - [2024-12-24T19:17:15.025+0000] {dagbag.py:588} INFO - Filling up the DagBag from /home/airflow/.local/lib/python3.12/site-packages/airflow/example_dags/tutorial.py
[2024-12-24T19:17:15.031+0000] {processor.py:925} INFO - DAG(s) 'tutorial' retrieved from /home/airflow/.local/lib/python3.12/site-packages/airflow/example_dags/tutorial.py
[2024-12-24T19:17:15.046+0000] {logging_mixin.py:190} INFO - [2024-12-24T19:17:15.045+0000] {dag.py:3239} INFO - Sync 1 DAGs
[2024-12-24T19:17:15.073+0000] {logging_mixin.py:190} INFO - [2024-12-24T19:17:15.073+0000] {dag.py:4180} INFO - Setting next_dagrun for tutorial to 2024-12-23 00:00:00+00:00, run_after=2024-12-24 00:00:00+00:00
[2024-12-24T19:17:15.087+0000] {processor.py:208} INFO - Processing /home/airflow/.local/lib/python3.12/site-packages/airflow/example_dags/tutorial.py took 0.069 seconds
[2024-12-24T19:17:45.633+0000] {processor.py:186} INFO - Started process (PID=706) to work on /home/airflow/.local/lib/python3.12/site-packages/airflow/example_dags/tutorial.py
[2024-12-24T19:17:45.635+0000] {processor.py:914} INFO - Processing file /home/airflow/.local/lib/python3.12/site-packages/airflow/example_dags/tutorial.py for tasks to queue
[2024-12-24T19:17:45.637+0000] {logging_mixin.py:190} INFO - [2024-12-24T19:17:45.637+0000] {dagbag.py:588} INFO - Filling up the DagBag from /home/airflow/.local/lib/python3.12/site-packages/airflow/example_dags/tutorial.py
[2024-12-24T19:17:45.642+0000] {processor.py:925} INFO - DAG(s) 'tutorial' retrieved from /home/airflow/.local/lib/python3.12/site-packages/airflow/example_dags/tutorial.py
[2024-12-24T19:17:45.653+0000] {logging_mixin.py:190} INFO - [2024-12-24T19:17:45.653+0000] {dag.py:3239} INFO - Sync 1 DAGs
[2024-12-24T19:17:45.667+0000] {logging_mixin.py:190} INFO - [2024-12-24T19:17:45.667+0000] {dag.py:4180} INFO - Setting next_dagrun for tutorial to 2024-12-23 00:00:00+00:00, run_after=2024-12-24 00:00:00+00:00
[2024-12-24T19:17:45.678+0000] {processor.py:208} INFO - Processing /home/airflow/.local/lib/python3.12/site-packages/airflow/example_dags/tutorial.py took 0.048 seconds
[2024-12-24T19:18:16.357+0000] {processor.py:186} INFO - Started process (PID=769) to work on /home/airflow/.local/lib/python3.12/site-packages/airflow/example_dags/tutorial.py
[2024-12-24T19:18:16.358+0000] {processor.py:914} INFO - Processing file /home/airflow/.local/lib/python3.12/site-packages/airflow/example_dags/tutorial.py for tasks to queue
[2024-12-24T19:18:16.360+0000] {logging_mixin.py:190} INFO - [2024-12-24T19:18:16.360+0000] {dagbag.py:588} INFO - Filling up the DagBag from /home/airflow/.local/lib/python3.12/site-packages/airflow/example_dags/tutorial.py
[2024-12-24T19:18:16.367+0000] {processor.py:925} INFO - DAG(s) 'tutorial' retrieved from /home/airflow/.local/lib/python3.12/site-packages/airflow/example_dags/tutorial.py
[2024-12-24T19:18:16.379+0000] {logging_mixin.py:190} INFO - [2024-12-24T19:18:16.379+0000] {dag.py:3239} INFO - Sync 1 DAGs
[2024-12-24T19:18:16.394+0000] {logging_mixin.py:190} INFO - [2024-12-24T19:18:16.393+0000] {dag.py:4180} INFO - Setting next_dagrun for tutorial to 2024-12-23 00:00:00+00:00, run_after=2024-12-24 00:00:00+00:00
[2024-12-24T19:18:16.404+0000] {processor.py:208} INFO - Processing /home/airflow/.local/lib/python3.12/site-packages/airflow/example_dags/tutorial.py took 0.050 seconds
[2024-12-24T19:18:47.028+0000] {processor.py:186} INFO - Started process (PID=832) to work on /home/airflow/.local/lib/python3.12/site-packages/airflow/example_dags/tutorial.py
[2024-12-24T19:18:47.029+0000] {processor.py:914} INFO - Processing file /home/airflow/.local/lib/python3.12/site-packages/airflow/example_dags/tutorial.py for tasks to queue
[2024-12-24T19:18:47.031+0000] {logging_mixin.py:190} INFO - [2024-12-24T19:18:47.031+0000] {dagbag.py:588} INFO - Filling up the DagBag from /home/airflow/.local/lib/python3.12/site-packages/airflow/example_dags/tutorial.py
[2024-12-24T19:18:47.035+0000] {processor.py:925} INFO - DAG(s) 'tutorial' retrieved from /home/airflow/.local/lib/python3.12/site-packages/airflow/example_dags/tutorial.py
[2024-12-24T19:18:47.047+0000] {logging_mixin.py:190} INFO - [2024-12-24T19:18:47.047+0000] {dag.py:3239} INFO - Sync 1 DAGs
[2024-12-24T19:18:47.059+0000] {logging_mixin.py:190} INFO - [2024-12-24T19:18:47.059+0000] {dag.py:4180} INFO - Setting next_dagrun for tutorial to 2024-12-23 00:00:00+00:00, run_after=2024-12-24 00:00:00+00:00
[2024-12-24T19:18:47.071+0000] {processor.py:208} INFO - Processing /home/airflow/.local/lib/python3.12/site-packages/airflow/example_dags/tutorial.py took 0.047 seconds
[2024-12-24T19:19:17.706+0000] {processor.py:186} INFO - Started process (PID=895) to work on /home/airflow/.local/lib/python3.12/site-packages/airflow/example_dags/tutorial.py
[2024-12-24T19:19:17.708+0000] {processor.py:914} INFO - Processing file /home/airflow/.local/lib/python3.12/site-packages/airflow/example_dags/tutorial.py for tasks to queue
[2024-12-24T19:19:17.709+0000] {logging_mixin.py:190} INFO - [2024-12-24T19:19:17.709+0000] {dagbag.py:588} INFO - Filling up the DagBag from /home/airflow/.local/lib/python3.12/site-packages/airflow/example_dags/tutorial.py
[2024-12-24T19:19:17.714+0000] {processor.py:925} INFO - DAG(s) 'tutorial' retrieved from /home/airflow/.local/lib/python3.12/site-packages/airflow/example_dags/tutorial.py
[2024-12-24T19:19:17.724+0000] {logging_mixin.py:190} INFO - [2024-12-24T19:19:17.724+0000] {dag.py:3239} INFO - Sync 1 DAGs
[2024-12-24T19:19:17.735+0000] {logging_mixin.py:190} INFO - [2024-12-24T19:19:17.735+0000] {dag.py:4180} INFO - Setting next_dagrun for tutorial to 2024-12-23 00:00:00+00:00, run_after=2024-12-24 00:00:00+00:00
[2024-12-24T19:19:17.745+0000] {processor.py:208} INFO - Processing /home/airflow/.local/lib/python3.12/site-packages/airflow/example_dags/tutorial.py took 0.041 seconds
[2024-12-24T19:19:48.233+0000] {processor.py:186} INFO - Started process (PID=958) to work on /home/airflow/.local/lib/python3.12/site-packages/airflow/example_dags/tutorial.py
[2024-12-24T19:19:48.235+0000] {processor.py:914} INFO - Processing file /home/airflow/.local/lib/python3.12/site-packages/airflow/example_dags/tutorial.py for tasks to queue
[2024-12-24T19:19:48.237+0000] {logging_mixin.py:190} INFO - [2024-12-24T19:19:48.237+0000] {dagbag.py:588} INFO - Filling up the DagBag from /home/airflow/.local/lib/python3.12/site-packages/airflow/example_dags/tutorial.py
[2024-12-24T19:19:48.243+0000] {processor.py:925} INFO - DAG(s) 'tutorial' retrieved from /home/airflow/.local/lib/python3.12/site-packages/airflow/example_dags/tutorial.py
[2024-12-24T19:19:48.255+0000] {logging_mixin.py:190} INFO - [2024-12-24T19:19:48.255+0000] {dag.py:3239} INFO - Sync 1 DAGs
[2024-12-24T19:19:48.269+0000] {logging_mixin.py:190} INFO - [2024-12-24T19:19:48.269+0000] {dag.py:4180} INFO - Setting next_dagrun for tutorial to 2024-12-23 00:00:00+00:00, run_after=2024-12-24 00:00:00+00:00
[2024-12-24T19:19:48.280+0000] {processor.py:208} INFO - Processing /home/airflow/.local/lib/python3.12/site-packages/airflow/example_dags/tutorial.py took 0.050 seconds
[2024-12-24T19:20:18.886+0000] {processor.py:186} INFO - Started process (PID=1020) to work on /home/airflow/.local/lib/python3.12/site-packages/airflow/example_dags/tutorial.py
[2024-12-24T19:20:18.889+0000] {processor.py:914} INFO - Processing file /home/airflow/.local/lib/python3.12/site-packages/airflow/example_dags/tutorial.py for tasks to queue
[2024-12-24T19:20:18.892+0000] {logging_mixin.py:190} INFO - [2024-12-24T19:20:18.891+0000] {dagbag.py:588} INFO - Filling up the DagBag from /home/airflow/.local/lib/python3.12/site-packages/airflow/example_dags/tutorial.py
[2024-12-24T19:20:18.898+0000] {processor.py:925} INFO - DAG(s) 'tutorial' retrieved from /home/airflow/.local/lib/python3.12/site-packages/airflow/example_dags/tutorial.py
[2024-12-24T19:20:18.911+0000] {logging_mixin.py:190} INFO - [2024-12-24T19:20:18.911+0000] {dag.py:3239} INFO - Sync 1 DAGs
[2024-12-24T19:20:18.925+0000] {logging_mixin.py:190} INFO - [2024-12-24T19:20:18.925+0000] {dag.py:4180} INFO - Setting next_dagrun for tutorial to 2024-12-23 00:00:00+00:00, run_after=2024-12-24 00:00:00+00:00
[2024-12-24T19:20:18.938+0000] {processor.py:208} INFO - Processing /home/airflow/.local/lib/python3.12/site-packages/airflow/example_dags/tutorial.py took 0.055 seconds
[2024-12-24T19:20:49.363+0000] {processor.py:186} INFO - Started process (PID=1083) to work on /home/airflow/.local/lib/python3.12/site-packages/airflow/example_dags/tutorial.py
[2024-12-24T19:20:49.365+0000] {processor.py:914} INFO - Processing file /home/airflow/.local/lib/python3.12/site-packages/airflow/example_dags/tutorial.py for tasks to queue
[2024-12-24T19:20:49.366+0000] {logging_mixin.py:190} INFO - [2024-12-24T19:20:49.366+0000] {dagbag.py:588} INFO - Filling up the DagBag from /home/airflow/.local/lib/python3.12/site-packages/airflow/example_dags/tutorial.py
[2024-12-24T19:20:49.371+0000] {processor.py:925} INFO - DAG(s) 'tutorial' retrieved from /home/airflow/.local/lib/python3.12/site-packages/airflow/example_dags/tutorial.py
[2024-12-24T19:20:49.382+0000] {logging_mixin.py:190} INFO - [2024-12-24T19:20:49.382+0000] {dag.py:3239} INFO - Sync 1 DAGs
[2024-12-24T19:20:49.394+0000] {logging_mixin.py:190} INFO - [2024-12-24T19:20:49.394+0000] {dag.py:4180} INFO - Setting next_dagrun for tutorial to 2024-12-23 00:00:00+00:00, run_after=2024-12-24 00:00:00+00:00
[2024-12-24T19:20:49.434+0000] {processor.py:208} INFO - Processing /home/airflow/.local/lib/python3.12/site-packages/airflow/example_dags/tutorial.py took 0.074 seconds
[2024-12-24T19:21:20.115+0000] {processor.py:186} INFO - Started process (PID=1146) to work on /home/airflow/.local/lib/python3.12/site-packages/airflow/example_dags/tutorial.py
[2024-12-24T19:21:20.116+0000] {processor.py:914} INFO - Processing file /home/airflow/.local/lib/python3.12/site-packages/airflow/example_dags/tutorial.py for tasks to queue
[2024-12-24T19:21:20.118+0000] {logging_mixin.py:190} INFO - [2024-12-24T19:21:20.118+0000] {dagbag.py:588} INFO - Filling up the DagBag from /home/airflow/.local/lib/python3.12/site-packages/airflow/example_dags/tutorial.py
[2024-12-24T19:21:20.122+0000] {processor.py:925} INFO - DAG(s) 'tutorial' retrieved from /home/airflow/.local/lib/python3.12/site-packages/airflow/example_dags/tutorial.py
[2024-12-24T19:21:20.134+0000] {logging_mixin.py:190} INFO - [2024-12-24T19:21:20.134+0000] {dag.py:3239} INFO - Sync 1 DAGs
[2024-12-24T19:21:20.146+0000] {logging_mixin.py:190} INFO - [2024-12-24T19:21:20.146+0000] {dag.py:4180} INFO - Setting next_dagrun for tutorial to 2024-12-23 00:00:00+00:00, run_after=2024-12-24 00:00:00+00:00
[2024-12-24T19:21:20.156+0000] {processor.py:208} INFO - Processing /home/airflow/.local/lib/python3.12/site-packages/airflow/example_dags/tutorial.py took 0.045 seconds
[2024-12-24T19:21:50.869+0000] {processor.py:186} INFO - Started process (PID=1209) to work on /home/airflow/.local/lib/python3.12/site-packages/airflow/example_dags/tutorial.py
[2024-12-24T19:21:50.870+0000] {processor.py:914} INFO - Processing file /home/airflow/.local/lib/python3.12/site-packages/airflow/example_dags/tutorial.py for tasks to queue
[2024-12-24T19:21:50.871+0000] {logging_mixin.py:190} INFO - [2024-12-24T19:21:50.871+0000] {dagbag.py:588} INFO - Filling up the DagBag from /home/airflow/.local/lib/python3.12/site-packages/airflow/example_dags/tutorial.py
[2024-12-24T19:21:50.876+0000] {processor.py:925} INFO - DAG(s) 'tutorial' retrieved from /home/airflow/.local/lib/python3.12/site-packages/airflow/example_dags/tutorial.py
[2024-12-24T19:21:50.889+0000] {logging_mixin.py:190} INFO - [2024-12-24T19:21:50.889+0000] {dag.py:3239} INFO - Sync 1 DAGs
[2024-12-24T19:21:50.902+0000] {logging_mixin.py:190} INFO - [2024-12-24T19:21:50.902+0000] {dag.py:4180} INFO - Setting next_dagrun for tutorial to 2024-12-23 00:00:00+00:00, run_after=2024-12-24 00:00:00+00:00
[2024-12-24T19:21:50.913+0000] {processor.py:208} INFO - Processing /home/airflow/.local/lib/python3.12/site-packages/airflow/example_dags/tutorial.py took 0.048 seconds
[2024-12-24T19:22:21.565+0000] {processor.py:186} INFO - Started process (PID=1272) to work on /home/airflow/.local/lib/python3.12/site-packages/airflow/example_dags/tutorial.py
[2024-12-24T19:22:21.567+0000] {processor.py:914} INFO - Processing file /home/airflow/.local/lib/python3.12/site-packages/airflow/example_dags/tutorial.py for tasks to queue
[2024-12-24T19:22:21.568+0000] {logging_mixin.py:190} INFO - [2024-12-24T19:22:21.568+0000] {dagbag.py:588} INFO - Filling up the DagBag from /home/airflow/.local/lib/python3.12/site-packages/airflow/example_dags/tutorial.py
[2024-12-24T19:22:21.573+0000] {processor.py:925} INFO - DAG(s) 'tutorial' retrieved from /home/airflow/.local/lib/python3.12/site-packages/airflow/example_dags/tutorial.py
[2024-12-24T19:22:21.584+0000] {logging_mixin.py:190} INFO - [2024-12-24T19:22:21.584+0000] {dag.py:3239} INFO - Sync 1 DAGs
[2024-12-24T19:22:21.598+0000] {logging_mixin.py:190} INFO - [2024-12-24T19:22:21.598+0000] {dag.py:4180} INFO - Setting next_dagrun for tutorial to 2024-12-23 00:00:00+00:00, run_after=2024-12-24 00:00:00+00:00
[2024-12-24T19:22:21.609+0000] {processor.py:208} INFO - Processing /home/airflow/.local/lib/python3.12/site-packages/airflow/example_dags/tutorial.py took 0.047 seconds
[2024-12-24T19:22:52.178+0000] {processor.py:186} INFO - Started process (PID=1335) to work on /home/airflow/.local/lib/python3.12/site-packages/airflow/example_dags/tutorial.py
[2024-12-24T19:22:52.180+0000] {processor.py:914} INFO - Processing file /home/airflow/.local/lib/python3.12/site-packages/airflow/example_dags/tutorial.py for tasks to queue
[2024-12-24T19:22:52.182+0000] {logging_mixin.py:190} INFO - [2024-12-24T19:22:52.181+0000] {dagbag.py:588} INFO - Filling up the DagBag from /home/airflow/.local/lib/python3.12/site-packages/airflow/example_dags/tutorial.py
[2024-12-24T19:22:52.187+0000] {processor.py:925} INFO - DAG(s) 'tutorial' retrieved from /home/airflow/.local/lib/python3.12/site-packages/airflow/example_dags/tutorial.py
[2024-12-24T19:22:52.198+0000] {logging_mixin.py:190} INFO - [2024-12-24T19:22:52.198+0000] {dag.py:3239} INFO - Sync 1 DAGs
[2024-12-24T19:22:52.211+0000] {logging_mixin.py:190} INFO - [2024-12-24T19:22:52.210+0000] {dag.py:4180} INFO - Setting next_dagrun for tutorial to 2024-12-23 00:00:00+00:00, run_after=2024-12-24 00:00:00+00:00
[2024-12-24T19:22:52.221+0000] {processor.py:208} INFO - Processing /home/airflow/.local/lib/python3.12/site-packages/airflow/example_dags/tutorial.py took 0.047 seconds
[2024-12-24T19:23:23.560+0000] {processor.py:186} INFO - Started process (PID=1398) to work on /home/airflow/.local/lib/python3.12/site-packages/airflow/example_dags/tutorial.py
[2024-12-24T19:23:23.561+0000] {processor.py:914} INFO - Processing file /home/airflow/.local/lib/python3.12/site-packages/airflow/example_dags/tutorial.py for tasks to queue
[2024-12-24T19:23:23.563+0000] {logging_mixin.py:190} INFO - [2024-12-24T19:23:23.563+0000] {dagbag.py:588} INFO - Filling up the DagBag from /home/airflow/.local/lib/python3.12/site-packages/airflow/example_dags/tutorial.py
[2024-12-24T19:23:23.568+0000] {processor.py:925} INFO - DAG(s) 'tutorial' retrieved from /home/airflow/.local/lib/python3.12/site-packages/airflow/example_dags/tutorial.py
[2024-12-24T19:23:23.579+0000] {logging_mixin.py:190} INFO - [2024-12-24T19:23:23.579+0000] {dag.py:3239} INFO - Sync 1 DAGs
[2024-12-24T19:23:23.592+0000] {logging_mixin.py:190} INFO - [2024-12-24T19:23:23.592+0000] {dag.py:4180} INFO - Setting next_dagrun for tutorial to 2024-12-23 00:00:00+00:00, run_after=2024-12-24 00:00:00+00:00
[2024-12-24T19:23:23.602+0000] {processor.py:208} INFO - Processing /home/airflow/.local/lib/python3.12/site-packages/airflow/example_dags/tutorial.py took 0.047 seconds
[2024-12-24T19:23:54.314+0000] {processor.py:186} INFO - Started process (PID=1461) to work on /home/airflow/.local/lib/python3.12/site-packages/airflow/example_dags/tutorial.py
[2024-12-24T19:23:54.316+0000] {processor.py:914} INFO - Processing file /home/airflow/.local/lib/python3.12/site-packages/airflow/example_dags/tutorial.py for tasks to queue
[2024-12-24T19:23:54.317+0000] {logging_mixin.py:190} INFO - [2024-12-24T19:23:54.317+0000] {dagbag.py:588} INFO - Filling up the DagBag from /home/airflow/.local/lib/python3.12/site-packages/airflow/example_dags/tutorial.py
[2024-12-24T19:23:54.323+0000] {processor.py:925} INFO - DAG(s) 'tutorial' retrieved from /home/airflow/.local/lib/python3.12/site-packages/airflow/example_dags/tutorial.py
[2024-12-24T19:23:54.335+0000] {logging_mixin.py:190} INFO - [2024-12-24T19:23:54.335+0000] {dag.py:3239} INFO - Sync 1 DAGs
[2024-12-24T19:23:54.349+0000] {logging_mixin.py:190} INFO - [2024-12-24T19:23:54.349+0000] {dag.py:4180} INFO - Setting next_dagrun for tutorial to 2024-12-23 00:00:00+00:00, run_after=2024-12-24 00:00:00+00:00
[2024-12-24T19:23:54.361+0000] {processor.py:208} INFO - Processing /home/airflow/.local/lib/python3.12/site-packages/airflow/example_dags/tutorial.py took 0.051 seconds
[2024-12-24T19:24:25.052+0000] {processor.py:186} INFO - Started process (PID=1524) to work on /home/airflow/.local/lib/python3.12/site-packages/airflow/example_dags/tutorial.py
[2024-12-24T19:24:25.053+0000] {processor.py:914} INFO - Processing file /home/airflow/.local/lib/python3.12/site-packages/airflow/example_dags/tutorial.py for tasks to queue
[2024-12-24T19:24:25.056+0000] {logging_mixin.py:190} INFO - [2024-12-24T19:24:25.055+0000] {dagbag.py:588} INFO - Filling up the DagBag from /home/airflow/.local/lib/python3.12/site-packages/airflow/example_dags/tutorial.py
[2024-12-24T19:24:25.069+0000] {processor.py:925} INFO - DAG(s) 'tutorial' retrieved from /home/airflow/.local/lib/python3.12/site-packages/airflow/example_dags/tutorial.py
[2024-12-24T19:24:25.081+0000] {logging_mixin.py:190} INFO - [2024-12-24T19:24:25.081+0000] {dag.py:3239} INFO - Sync 1 DAGs
[2024-12-24T19:24:25.094+0000] {logging_mixin.py:190} INFO - [2024-12-24T19:24:25.094+0000] {dag.py:4180} INFO - Setting next_dagrun for tutorial to 2024-12-23 00:00:00+00:00, run_after=2024-12-24 00:00:00+00:00
[2024-12-24T19:24:25.107+0000] {processor.py:208} INFO - Processing /home/airflow/.local/lib/python3.12/site-packages/airflow/example_dags/tutorial.py took 0.059 seconds
[2024-12-24T19:24:56.360+0000] {processor.py:186} INFO - Started process (PID=1587) to work on /home/airflow/.local/lib/python3.12/site-packages/airflow/example_dags/tutorial.py
[2024-12-24T19:24:56.366+0000] {processor.py:914} INFO - Processing file /home/airflow/.local/lib/python3.12/site-packages/airflow/example_dags/tutorial.py for tasks to queue
[2024-12-24T19:24:56.368+0000] {logging_mixin.py:190} INFO - [2024-12-24T19:24:56.368+0000] {dagbag.py:588} INFO - Filling up the DagBag from /home/airflow/.local/lib/python3.12/site-packages/airflow/example_dags/tutorial.py
[2024-12-24T19:24:56.374+0000] {processor.py:925} INFO - DAG(s) 'tutorial' retrieved from /home/airflow/.local/lib/python3.12/site-packages/airflow/example_dags/tutorial.py
[2024-12-24T19:24:56.389+0000] {logging_mixin.py:190} INFO - [2024-12-24T19:24:56.389+0000] {dag.py:3239} INFO - Sync 1 DAGs
[2024-12-24T19:24:56.403+0000] {logging_mixin.py:190} INFO - [2024-12-24T19:24:56.403+0000] {dag.py:4180} INFO - Setting next_dagrun for tutorial to 2024-12-23 00:00:00+00:00, run_after=2024-12-24 00:00:00+00:00
[2024-12-24T19:24:56.416+0000] {processor.py:208} INFO - Processing /home/airflow/.local/lib/python3.12/site-packages/airflow/example_dags/tutorial.py took 0.059 seconds
[2024-12-24T19:25:29.762+0000] {processor.py:186} INFO - Started process (PID=1650) to work on /home/airflow/.local/lib/python3.12/site-packages/airflow/example_dags/tutorial.py
[2024-12-24T19:25:29.763+0000] {processor.py:914} INFO - Processing file /home/airflow/.local/lib/python3.12/site-packages/airflow/example_dags/tutorial.py for tasks to queue
[2024-12-24T19:25:29.764+0000] {logging_mixin.py:190} INFO - [2024-12-24T19:25:29.764+0000] {dagbag.py:588} INFO - Filling up the DagBag from /home/airflow/.local/lib/python3.12/site-packages/airflow/example_dags/tutorial.py
[2024-12-24T19:25:29.769+0000] {processor.py:925} INFO - DAG(s) 'tutorial' retrieved from /home/airflow/.local/lib/python3.12/site-packages/airflow/example_dags/tutorial.py
[2024-12-24T19:25:29.780+0000] {logging_mixin.py:190} INFO - [2024-12-24T19:25:29.779+0000] {dag.py:3239} INFO - Sync 1 DAGs
[2024-12-24T19:25:29.793+0000] {logging_mixin.py:190} INFO - [2024-12-24T19:25:29.792+0000] {dag.py:4180} INFO - Setting next_dagrun for tutorial to 2024-12-23 00:00:00+00:00, run_after=2024-12-24 00:00:00+00:00
[2024-12-24T19:25:29.808+0000] {processor.py:208} INFO - Processing /home/airflow/.local/lib/python3.12/site-packages/airflow/example_dags/tutorial.py took 0.050 seconds
[2024-12-24T19:26:01.068+0000] {processor.py:186} INFO - Started process (PID=1714) to work on /home/airflow/.local/lib/python3.12/site-packages/airflow/example_dags/tutorial.py
[2024-12-24T19:26:01.071+0000] {processor.py:914} INFO - Processing file /home/airflow/.local/lib/python3.12/site-packages/airflow/example_dags/tutorial.py for tasks to queue
[2024-12-24T19:26:01.073+0000] {logging_mixin.py:190} INFO - [2024-12-24T19:26:01.073+0000] {dagbag.py:588} INFO - Filling up the DagBag from /home/airflow/.local/lib/python3.12/site-packages/airflow/example_dags/tutorial.py
[2024-12-24T19:26:01.079+0000] {processor.py:925} INFO - DAG(s) 'tutorial' retrieved from /home/airflow/.local/lib/python3.12/site-packages/airflow/example_dags/tutorial.py
[2024-12-24T19:26:01.093+0000] {logging_mixin.py:190} INFO - [2024-12-24T19:26:01.093+0000] {dag.py:3239} INFO - Sync 1 DAGs
[2024-12-24T19:26:01.107+0000] {logging_mixin.py:190} INFO - [2024-12-24T19:26:01.107+0000] {dag.py:4180} INFO - Setting next_dagrun for tutorial to 2024-12-23 00:00:00+00:00, run_after=2024-12-24 00:00:00+00:00
[2024-12-24T19:26:01.119+0000] {processor.py:208} INFO - Processing /home/airflow/.local/lib/python3.12/site-packages/airflow/example_dags/tutorial.py took 0.054 seconds
[2024-12-24T19:26:32.294+0000] {processor.py:186} INFO - Started process (PID=1777) to work on /home/airflow/.local/lib/python3.12/site-packages/airflow/example_dags/tutorial.py
[2024-12-24T19:26:32.295+0000] {processor.py:914} INFO - Processing file /home/airflow/.local/lib/python3.12/site-packages/airflow/example_dags/tutorial.py for tasks to queue
[2024-12-24T19:26:32.297+0000] {logging_mixin.py:190} INFO - [2024-12-24T19:26:32.296+0000] {dagbag.py:588} INFO - Filling up the DagBag from /home/airflow/.local/lib/python3.12/site-packages/airflow/example_dags/tutorial.py
[2024-12-24T19:26:32.302+0000] {processor.py:925} INFO - DAG(s) 'tutorial' retrieved from /home/airflow/.local/lib/python3.12/site-packages/airflow/example_dags/tutorial.py
[2024-12-24T19:26:32.313+0000] {logging_mixin.py:190} INFO - [2024-12-24T19:26:32.313+0000] {dag.py:3239} INFO - Sync 1 DAGs
[2024-12-24T19:26:32.327+0000] {logging_mixin.py:190} INFO - [2024-12-24T19:26:32.327+0000] {dag.py:4180} INFO - Setting next_dagrun for tutorial to 2024-12-23 00:00:00+00:00, run_after=2024-12-24 00:00:00+00:00
[2024-12-24T19:26:32.339+0000] {processor.py:208} INFO - Processing /home/airflow/.local/lib/python3.12/site-packages/airflow/example_dags/tutorial.py took 0.049 seconds
[2024-12-24T19:27:03.676+0000] {processor.py:186} INFO - Started process (PID=1840) to work on /home/airflow/.local/lib/python3.12/site-packages/airflow/example_dags/tutorial.py
[2024-12-24T19:27:03.679+0000] {processor.py:914} INFO - Processing file /home/airflow/.local/lib/python3.12/site-packages/airflow/example_dags/tutorial.py for tasks to queue
[2024-12-24T19:27:03.681+0000] {logging_mixin.py:190} INFO - [2024-12-24T19:27:03.681+0000] {dagbag.py:588} INFO - Filling up the DagBag from /home/airflow/.local/lib/python3.12/site-packages/airflow/example_dags/tutorial.py
[2024-12-24T19:27:03.686+0000] {processor.py:925} INFO - DAG(s) 'tutorial' retrieved from /home/airflow/.local/lib/python3.12/site-packages/airflow/example_dags/tutorial.py
[2024-12-24T19:27:03.699+0000] {logging_mixin.py:190} INFO - [2024-12-24T19:27:03.699+0000] {dag.py:3239} INFO - Sync 1 DAGs
[2024-12-24T19:27:03.713+0000] {logging_mixin.py:190} INFO - [2024-12-24T19:27:03.712+0000] {dag.py:4180} INFO - Setting next_dagrun for tutorial to 2024-12-23 00:00:00+00:00, run_after=2024-12-24 00:00:00+00:00
[2024-12-24T19:27:03.723+0000] {processor.py:208} INFO - Processing /home/airflow/.local/lib/python3.12/site-packages/airflow/example_dags/tutorial.py took 0.050 seconds
[2024-12-24T19:27:34.165+0000] {processor.py:186} INFO - Started process (PID=1903) to work on /home/airflow/.local/lib/python3.12/site-packages/airflow/example_dags/tutorial.py
[2024-12-24T19:27:34.166+0000] {processor.py:914} INFO - Processing file /home/airflow/.local/lib/python3.12/site-packages/airflow/example_dags/tutorial.py for tasks to queue
[2024-12-24T19:27:34.168+0000] {logging_mixin.py:190} INFO - [2024-12-24T19:27:34.168+0000] {dagbag.py:588} INFO - Filling up the DagBag from /home/airflow/.local/lib/python3.12/site-packages/airflow/example_dags/tutorial.py
[2024-12-24T19:27:34.174+0000] {processor.py:925} INFO - DAG(s) 'tutorial' retrieved from /home/airflow/.local/lib/python3.12/site-packages/airflow/example_dags/tutorial.py
[2024-12-24T19:27:34.185+0000] {logging_mixin.py:190} INFO - [2024-12-24T19:27:34.185+0000] {dag.py:3239} INFO - Sync 1 DAGs
[2024-12-24T19:27:34.200+0000] {logging_mixin.py:190} INFO - [2024-12-24T19:27:34.199+0000] {dag.py:4180} INFO - Setting next_dagrun for tutorial to 2024-12-23 00:00:00+00:00, run_after=2024-12-24 00:00:00+00:00
[2024-12-24T19:27:34.212+0000] {processor.py:208} INFO - Processing /home/airflow/.local/lib/python3.12/site-packages/airflow/example_dags/tutorial.py took 0.052 seconds
[2024-12-24T19:28:04.689+0000] {processor.py:186} INFO - Started process (PID=1960) to work on /home/airflow/.local/lib/python3.12/site-packages/airflow/example_dags/tutorial.py
[2024-12-24T19:28:04.690+0000] {processor.py:914} INFO - Processing file /home/airflow/.local/lib/python3.12/site-packages/airflow/example_dags/tutorial.py for tasks to queue
[2024-12-24T19:28:04.692+0000] {logging_mixin.py:190} INFO - [2024-12-24T19:28:04.692+0000] {dagbag.py:588} INFO - Filling up the DagBag from /home/airflow/.local/lib/python3.12/site-packages/airflow/example_dags/tutorial.py
[2024-12-24T19:28:04.697+0000] {processor.py:925} INFO - DAG(s) 'tutorial' retrieved from /home/airflow/.local/lib/python3.12/site-packages/airflow/example_dags/tutorial.py
[2024-12-24T19:28:04.707+0000] {logging_mixin.py:190} INFO - [2024-12-24T19:28:04.707+0000] {dag.py:3239} INFO - Sync 1 DAGs
[2024-12-24T19:28:04.719+0000] {logging_mixin.py:190} INFO - [2024-12-24T19:28:04.719+0000] {dag.py:4180} INFO - Setting next_dagrun for tutorial to 2024-12-23 00:00:00+00:00, run_after=2024-12-24 00:00:00+00:00
[2024-12-24T19:28:04.731+0000] {processor.py:208} INFO - Processing /home/airflow/.local/lib/python3.12/site-packages/airflow/example_dags/tutorial.py took 0.045 seconds
[2024-12-24T19:28:36.030+0000] {processor.py:186} INFO - Started process (PID=2023) to work on /home/airflow/.local/lib/python3.12/site-packages/airflow/example_dags/tutorial.py
[2024-12-24T19:28:36.032+0000] {processor.py:914} INFO - Processing file /home/airflow/.local/lib/python3.12/site-packages/airflow/example_dags/tutorial.py for tasks to queue
[2024-12-24T19:28:36.033+0000] {logging_mixin.py:190} INFO - [2024-12-24T19:28:36.033+0000] {dagbag.py:588} INFO - Filling up the DagBag from /home/airflow/.local/lib/python3.12/site-packages/airflow/example_dags/tutorial.py
[2024-12-24T19:28:36.040+0000] {processor.py:925} INFO - DAG(s) 'tutorial' retrieved from /home/airflow/.local/lib/python3.12/site-packages/airflow/example_dags/tutorial.py
[2024-12-24T19:28:36.052+0000] {logging_mixin.py:190} INFO - [2024-12-24T19:28:36.052+0000] {dag.py:3239} INFO - Sync 1 DAGs
[2024-12-24T19:28:36.066+0000] {logging_mixin.py:190} INFO - [2024-12-24T19:28:36.066+0000] {dag.py:4180} INFO - Setting next_dagrun for tutorial to 2024-12-23 00:00:00+00:00, run_after=2024-12-24 00:00:00+00:00
[2024-12-24T19:28:36.077+0000] {processor.py:208} INFO - Processing /home/airflow/.local/lib/python3.12/site-packages/airflow/example_dags/tutorial.py took 0.051 seconds
[2024-12-24T19:29:07.445+0000] {processor.py:186} INFO - Started process (PID=2086) to work on /home/airflow/.local/lib/python3.12/site-packages/airflow/example_dags/tutorial.py
[2024-12-24T19:29:07.446+0000] {processor.py:914} INFO - Processing file /home/airflow/.local/lib/python3.12/site-packages/airflow/example_dags/tutorial.py for tasks to queue
[2024-12-24T19:29:07.448+0000] {logging_mixin.py:190} INFO - [2024-12-24T19:29:07.448+0000] {dagbag.py:588} INFO - Filling up the DagBag from /home/airflow/.local/lib/python3.12/site-packages/airflow/example_dags/tutorial.py
[2024-12-24T19:29:07.453+0000] {processor.py:925} INFO - DAG(s) 'tutorial' retrieved from /home/airflow/.local/lib/python3.12/site-packages/airflow/example_dags/tutorial.py
[2024-12-24T19:29:07.465+0000] {logging_mixin.py:190} INFO - [2024-12-24T19:29:07.465+0000] {dag.py:3239} INFO - Sync 1 DAGs
[2024-12-24T19:29:07.478+0000] {logging_mixin.py:190} INFO - [2024-12-24T19:29:07.478+0000] {dag.py:4180} INFO - Setting next_dagrun for tutorial to 2024-12-23 00:00:00+00:00, run_after=2024-12-24 00:00:00+00:00
[2024-12-24T19:29:07.489+0000] {processor.py:208} INFO - Processing /home/airflow/.local/lib/python3.12/site-packages/airflow/example_dags/tutorial.py took 0.047 seconds
[2024-12-24T19:29:37.916+0000] {processor.py:186} INFO - Started process (PID=2149) to work on /home/airflow/.local/lib/python3.12/site-packages/airflow/example_dags/tutorial.py
[2024-12-24T19:29:37.917+0000] {processor.py:914} INFO - Processing file /home/airflow/.local/lib/python3.12/site-packages/airflow/example_dags/tutorial.py for tasks to queue
[2024-12-24T19:29:37.919+0000] {logging_mixin.py:190} INFO - [2024-12-24T19:29:37.919+0000] {dagbag.py:588} INFO - Filling up the DagBag from /home/airflow/.local/lib/python3.12/site-packages/airflow/example_dags/tutorial.py
[2024-12-24T19:29:37.924+0000] {processor.py:925} INFO - DAG(s) 'tutorial' retrieved from /home/airflow/.local/lib/python3.12/site-packages/airflow/example_dags/tutorial.py
[2024-12-24T19:29:37.935+0000] {logging_mixin.py:190} INFO - [2024-12-24T19:29:37.935+0000] {dag.py:3239} INFO - Sync 1 DAGs
[2024-12-24T19:29:37.946+0000] {logging_mixin.py:190} INFO - [2024-12-24T19:29:37.946+0000] {dag.py:4180} INFO - Setting next_dagrun for tutorial to 2024-12-23 00:00:00+00:00, run_after=2024-12-24 00:00:00+00:00
[2024-12-24T19:29:37.956+0000] {processor.py:208} INFO - Processing /home/airflow/.local/lib/python3.12/site-packages/airflow/example_dags/tutorial.py took 0.044 seconds
[2024-12-24T19:30:08.392+0000] {processor.py:186} INFO - Started process (PID=2212) to work on /home/airflow/.local/lib/python3.12/site-packages/airflow/example_dags/tutorial.py
[2024-12-24T19:30:08.393+0000] {processor.py:914} INFO - Processing file /home/airflow/.local/lib/python3.12/site-packages/airflow/example_dags/tutorial.py for tasks to queue
[2024-12-24T19:30:08.395+0000] {logging_mixin.py:190} INFO - [2024-12-24T19:30:08.395+0000] {dagbag.py:588} INFO - Filling up the DagBag from /home/airflow/.local/lib/python3.12/site-packages/airflow/example_dags/tutorial.py
[2024-12-24T19:30:08.400+0000] {processor.py:925} INFO - DAG(s) 'tutorial' retrieved from /home/airflow/.local/lib/python3.12/site-packages/airflow/example_dags/tutorial.py
[2024-12-24T19:30:08.410+0000] {logging_mixin.py:190} INFO - [2024-12-24T19:30:08.410+0000] {dag.py:3239} INFO - Sync 1 DAGs
[2024-12-24T19:30:08.422+0000] {logging_mixin.py:190} INFO - [2024-12-24T19:30:08.422+0000] {dag.py:4180} INFO - Setting next_dagrun for tutorial to 2024-12-23 00:00:00+00:00, run_after=2024-12-24 00:00:00+00:00
[2024-12-24T19:30:08.433+0000] {processor.py:208} INFO - Processing /home/airflow/.local/lib/python3.12/site-packages/airflow/example_dags/tutorial.py took 0.044 seconds
[2024-12-24T19:30:41.804+0000] {processor.py:186} INFO - Started process (PID=2275) to work on /home/airflow/.local/lib/python3.12/site-packages/airflow/example_dags/tutorial.py
[2024-12-24T19:30:41.806+0000] {processor.py:914} INFO - Processing file /home/airflow/.local/lib/python3.12/site-packages/airflow/example_dags/tutorial.py for tasks to queue
[2024-12-24T19:30:41.808+0000] {logging_mixin.py:190} INFO - [2024-12-24T19:30:41.808+0000] {dagbag.py:588} INFO - Filling up the DagBag from /home/airflow/.local/lib/python3.12/site-packages/airflow/example_dags/tutorial.py
[2024-12-24T19:30:41.813+0000] {processor.py:925} INFO - DAG(s) 'tutorial' retrieved from /home/airflow/.local/lib/python3.12/site-packages/airflow/example_dags/tutorial.py
[2024-12-24T19:30:41.824+0000] {logging_mixin.py:190} INFO - [2024-12-24T19:30:41.824+0000] {dag.py:3239} INFO - Sync 1 DAGs
[2024-12-24T19:30:41.837+0000] {logging_mixin.py:190} INFO - [2024-12-24T19:30:41.837+0000] {dag.py:4180} INFO - Setting next_dagrun for tutorial to 2024-12-23 00:00:00+00:00, run_after=2024-12-24 00:00:00+00:00
[2024-12-24T19:30:41.849+0000] {processor.py:208} INFO - Processing /home/airflow/.local/lib/python3.12/site-packages/airflow/example_dags/tutorial.py took 0.048 seconds
[2024-12-24T19:31:15.394+0000] {processor.py:186} INFO - Started process (PID=2338) to work on /home/airflow/.local/lib/python3.12/site-packages/airflow/example_dags/tutorial.py
[2024-12-24T19:31:15.396+0000] {processor.py:914} INFO - Processing file /home/airflow/.local/lib/python3.12/site-packages/airflow/example_dags/tutorial.py for tasks to queue
[2024-12-24T19:31:15.397+0000] {logging_mixin.py:190} INFO - [2024-12-24T19:31:15.397+0000] {dagbag.py:588} INFO - Filling up the DagBag from /home/airflow/.local/lib/python3.12/site-packages/airflow/example_dags/tutorial.py
[2024-12-24T19:31:15.402+0000] {processor.py:925} INFO - DAG(s) 'tutorial' retrieved from /home/airflow/.local/lib/python3.12/site-packages/airflow/example_dags/tutorial.py
[2024-12-24T19:31:15.415+0000] {logging_mixin.py:190} INFO - [2024-12-24T19:31:15.414+0000] {dag.py:3239} INFO - Sync 1 DAGs
[2024-12-24T19:31:15.431+0000] {logging_mixin.py:190} INFO - [2024-12-24T19:31:15.431+0000] {dag.py:4180} INFO - Setting next_dagrun for tutorial to 2024-12-23 00:00:00+00:00, run_after=2024-12-24 00:00:00+00:00
[2024-12-24T19:31:15.447+0000] {processor.py:208} INFO - Processing /home/airflow/.local/lib/python3.12/site-packages/airflow/example_dags/tutorial.py took 0.057 seconds
[2024-12-24T19:31:45.698+0000] {processor.py:186} INFO - Started process (PID=2401) to work on /home/airflow/.local/lib/python3.12/site-packages/airflow/example_dags/tutorial.py
[2024-12-24T19:31:45.700+0000] {processor.py:914} INFO - Processing file /home/airflow/.local/lib/python3.12/site-packages/airflow/example_dags/tutorial.py for tasks to queue
[2024-12-24T19:31:45.702+0000] {logging_mixin.py:190} INFO - [2024-12-24T19:31:45.701+0000] {dagbag.py:588} INFO - Filling up the DagBag from /home/airflow/.local/lib/python3.12/site-packages/airflow/example_dags/tutorial.py
[2024-12-24T19:31:45.707+0000] {processor.py:925} INFO - DAG(s) 'tutorial' retrieved from /home/airflow/.local/lib/python3.12/site-packages/airflow/example_dags/tutorial.py
[2024-12-24T19:31:45.720+0000] {logging_mixin.py:190} INFO - [2024-12-24T19:31:45.719+0000] {dag.py:3239} INFO - Sync 1 DAGs
[2024-12-24T19:31:45.734+0000] {logging_mixin.py:190} INFO - [2024-12-24T19:31:45.734+0000] {dag.py:4180} INFO - Setting next_dagrun for tutorial to 2024-12-23 00:00:00+00:00, run_after=2024-12-24 00:00:00+00:00
[2024-12-24T19:31:45.747+0000] {processor.py:208} INFO - Processing /home/airflow/.local/lib/python3.12/site-packages/airflow/example_dags/tutorial.py took 0.052 seconds
[2024-12-24T19:32:16.483+0000] {processor.py:186} INFO - Started process (PID=2464) to work on /home/airflow/.local/lib/python3.12/site-packages/airflow/example_dags/tutorial.py
[2024-12-24T19:32:16.485+0000] {processor.py:914} INFO - Processing file /home/airflow/.local/lib/python3.12/site-packages/airflow/example_dags/tutorial.py for tasks to queue
[2024-12-24T19:32:16.487+0000] {logging_mixin.py:190} INFO - [2024-12-24T19:32:16.487+0000] {dagbag.py:588} INFO - Filling up the DagBag from /home/airflow/.local/lib/python3.12/site-packages/airflow/example_dags/tutorial.py
[2024-12-24T19:32:16.492+0000] {processor.py:925} INFO - DAG(s) 'tutorial' retrieved from /home/airflow/.local/lib/python3.12/site-packages/airflow/example_dags/tutorial.py
[2024-12-24T19:32:16.504+0000] {logging_mixin.py:190} INFO - [2024-12-24T19:32:16.504+0000] {dag.py:3239} INFO - Sync 1 DAGs
[2024-12-24T19:32:16.516+0000] {logging_mixin.py:190} INFO - [2024-12-24T19:32:16.516+0000] {dag.py:4180} INFO - Setting next_dagrun for tutorial to 2024-12-23 00:00:00+00:00, run_after=2024-12-24 00:00:00+00:00
[2024-12-24T19:32:16.527+0000] {processor.py:208} INFO - Processing /home/airflow/.local/lib/python3.12/site-packages/airflow/example_dags/tutorial.py took 0.048 seconds
[2024-12-24T19:32:46.924+0000] {processor.py:186} INFO - Started process (PID=2527) to work on /home/airflow/.local/lib/python3.12/site-packages/airflow/example_dags/tutorial.py
[2024-12-24T19:32:46.925+0000] {processor.py:914} INFO - Processing file /home/airflow/.local/lib/python3.12/site-packages/airflow/example_dags/tutorial.py for tasks to queue
[2024-12-24T19:32:46.927+0000] {logging_mixin.py:190} INFO - [2024-12-24T19:32:46.927+0000] {dagbag.py:588} INFO - Filling up the DagBag from /home/airflow/.local/lib/python3.12/site-packages/airflow/example_dags/tutorial.py
[2024-12-24T19:32:46.932+0000] {processor.py:925} INFO - DAG(s) 'tutorial' retrieved from /home/airflow/.local/lib/python3.12/site-packages/airflow/example_dags/tutorial.py
[2024-12-24T19:32:46.943+0000] {logging_mixin.py:190} INFO - [2024-12-24T19:32:46.943+0000] {dag.py:3239} INFO - Sync 1 DAGs
[2024-12-24T19:32:46.956+0000] {logging_mixin.py:190} INFO - [2024-12-24T19:32:46.956+0000] {dag.py:4180} INFO - Setting next_dagrun for tutorial to 2024-12-23 00:00:00+00:00, run_after=2024-12-24 00:00:00+00:00
[2024-12-24T19:32:46.966+0000] {processor.py:208} INFO - Processing /home/airflow/.local/lib/python3.12/site-packages/airflow/example_dags/tutorial.py took 0.046 seconds
[2024-12-24T19:33:17.560+0000] {processor.py:186} INFO - Started process (PID=2590) to work on /home/airflow/.local/lib/python3.12/site-packages/airflow/example_dags/tutorial.py
[2024-12-24T19:33:17.562+0000] {processor.py:914} INFO - Processing file /home/airflow/.local/lib/python3.12/site-packages/airflow/example_dags/tutorial.py for tasks to queue
[2024-12-24T19:33:17.563+0000] {logging_mixin.py:190} INFO - [2024-12-24T19:33:17.563+0000] {dagbag.py:588} INFO - Filling up the DagBag from /home/airflow/.local/lib/python3.12/site-packages/airflow/example_dags/tutorial.py
[2024-12-24T19:33:17.568+0000] {processor.py:925} INFO - DAG(s) 'tutorial' retrieved from /home/airflow/.local/lib/python3.12/site-packages/airflow/example_dags/tutorial.py
[2024-12-24T19:33:17.579+0000] {logging_mixin.py:190} INFO - [2024-12-24T19:33:17.579+0000] {dag.py:3239} INFO - Sync 1 DAGs
[2024-12-24T19:33:17.594+0000] {logging_mixin.py:190} INFO - [2024-12-24T19:33:17.593+0000] {dag.py:4180} INFO - Setting next_dagrun for tutorial to 2024-12-23 00:00:00+00:00, run_after=2024-12-24 00:00:00+00:00
[2024-12-24T19:33:17.603+0000] {processor.py:208} INFO - Processing /home/airflow/.local/lib/python3.12/site-packages/airflow/example_dags/tutorial.py took 0.046 seconds
[2024-12-24T19:33:47.952+0000] {processor.py:186} INFO - Started process (PID=2653) to work on /home/airflow/.local/lib/python3.12/site-packages/airflow/example_dags/tutorial.py
[2024-12-24T19:33:47.954+0000] {processor.py:914} INFO - Processing file /home/airflow/.local/lib/python3.12/site-packages/airflow/example_dags/tutorial.py for tasks to queue
[2024-12-24T19:33:47.955+0000] {logging_mixin.py:190} INFO - [2024-12-24T19:33:47.955+0000] {dagbag.py:588} INFO - Filling up the DagBag from /home/airflow/.local/lib/python3.12/site-packages/airflow/example_dags/tutorial.py
[2024-12-24T19:33:47.960+0000] {processor.py:925} INFO - DAG(s) 'tutorial' retrieved from /home/airflow/.local/lib/python3.12/site-packages/airflow/example_dags/tutorial.py
[2024-12-24T19:33:47.971+0000] {logging_mixin.py:190} INFO - [2024-12-24T19:33:47.971+0000] {dag.py:3239} INFO - Sync 1 DAGs
[2024-12-24T19:33:47.989+0000] {logging_mixin.py:190} INFO - [2024-12-24T19:33:47.989+0000] {dag.py:4180} INFO - Setting next_dagrun for tutorial to 2024-12-23 00:00:00+00:00, run_after=2024-12-24 00:00:00+00:00
[2024-12-24T19:33:48.003+0000] {processor.py:208} INFO - Processing /home/airflow/.local/lib/python3.12/site-packages/airflow/example_dags/tutorial.py took 0.054 seconds
[2024-12-24T19:34:18.439+0000] {processor.py:186} INFO - Started process (PID=2716) to work on /home/airflow/.local/lib/python3.12/site-packages/airflow/example_dags/tutorial.py
[2024-12-24T19:34:18.440+0000] {processor.py:914} INFO - Processing file /home/airflow/.local/lib/python3.12/site-packages/airflow/example_dags/tutorial.py for tasks to queue
[2024-12-24T19:34:18.442+0000] {logging_mixin.py:190} INFO - [2024-12-24T19:34:18.442+0000] {dagbag.py:588} INFO - Filling up the DagBag from /home/airflow/.local/lib/python3.12/site-packages/airflow/example_dags/tutorial.py
[2024-12-24T19:34:18.448+0000] {processor.py:925} INFO - DAG(s) 'tutorial' retrieved from /home/airflow/.local/lib/python3.12/site-packages/airflow/example_dags/tutorial.py
[2024-12-24T19:34:18.459+0000] {logging_mixin.py:190} INFO - [2024-12-24T19:34:18.459+0000] {dag.py:3239} INFO - Sync 1 DAGs
[2024-12-24T19:34:18.472+0000] {logging_mixin.py:190} INFO - [2024-12-24T19:34:18.472+0000] {dag.py:4180} INFO - Setting next_dagrun for tutorial to 2024-12-23 00:00:00+00:00, run_after=2024-12-24 00:00:00+00:00
[2024-12-24T19:34:18.482+0000] {processor.py:208} INFO - Processing /home/airflow/.local/lib/python3.12/site-packages/airflow/example_dags/tutorial.py took 0.047 seconds
[2024-12-24T19:34:49.178+0000] {processor.py:186} INFO - Started process (PID=2779) to work on /home/airflow/.local/lib/python3.12/site-packages/airflow/example_dags/tutorial.py
[2024-12-24T19:34:49.180+0000] {processor.py:914} INFO - Processing file /home/airflow/.local/lib/python3.12/site-packages/airflow/example_dags/tutorial.py for tasks to queue
[2024-12-24T19:34:49.182+0000] {logging_mixin.py:190} INFO - [2024-12-24T19:34:49.181+0000] {dagbag.py:588} INFO - Filling up the DagBag from /home/airflow/.local/lib/python3.12/site-packages/airflow/example_dags/tutorial.py
[2024-12-24T19:34:49.187+0000] {processor.py:925} INFO - DAG(s) 'tutorial' retrieved from /home/airflow/.local/lib/python3.12/site-packages/airflow/example_dags/tutorial.py
[2024-12-24T19:34:49.201+0000] {logging_mixin.py:190} INFO - [2024-12-24T19:34:49.201+0000] {dag.py:3239} INFO - Sync 1 DAGs
[2024-12-24T19:34:49.215+0000] {logging_mixin.py:190} INFO - [2024-12-24T19:34:49.215+0000] {dag.py:4180} INFO - Setting next_dagrun for tutorial to 2024-12-23 00:00:00+00:00, run_after=2024-12-24 00:00:00+00:00
[2024-12-24T19:34:49.227+0000] {processor.py:208} INFO - Processing /home/airflow/.local/lib/python3.12/site-packages/airflow/example_dags/tutorial.py took 0.053 seconds
[2024-12-24T19:35:20.014+0000] {processor.py:186} INFO - Started process (PID=2842) to work on /home/airflow/.local/lib/python3.12/site-packages/airflow/example_dags/tutorial.py
[2024-12-24T19:35:20.015+0000] {processor.py:914} INFO - Processing file /home/airflow/.local/lib/python3.12/site-packages/airflow/example_dags/tutorial.py for tasks to queue
[2024-12-24T19:35:20.017+0000] {logging_mixin.py:190} INFO - [2024-12-24T19:35:20.017+0000] {dagbag.py:588} INFO - Filling up the DagBag from /home/airflow/.local/lib/python3.12/site-packages/airflow/example_dags/tutorial.py
[2024-12-24T19:35:20.022+0000] {processor.py:925} INFO - DAG(s) 'tutorial' retrieved from /home/airflow/.local/lib/python3.12/site-packages/airflow/example_dags/tutorial.py
[2024-12-24T19:35:20.037+0000] {logging_mixin.py:190} INFO - [2024-12-24T19:35:20.036+0000] {dag.py:3239} INFO - Sync 1 DAGs
[2024-12-24T19:35:20.053+0000] {logging_mixin.py:190} INFO - [2024-12-24T19:35:20.053+0000] {dag.py:4180} INFO - Setting next_dagrun for tutorial to 2024-12-23 00:00:00+00:00, run_after=2024-12-24 00:00:00+00:00
[2024-12-24T19:35:20.066+0000] {processor.py:208} INFO - Processing /home/airflow/.local/lib/python3.12/site-packages/airflow/example_dags/tutorial.py took 0.056 seconds
[2024-12-24T19:35:52.306+0000] {processor.py:186} INFO - Started process (PID=2906) to work on /home/airflow/.local/lib/python3.12/site-packages/airflow/example_dags/tutorial.py
[2024-12-24T19:35:52.320+0000] {processor.py:914} INFO - Processing file /home/airflow/.local/lib/python3.12/site-packages/airflow/example_dags/tutorial.py for tasks to queue
[2024-12-24T19:35:52.323+0000] {logging_mixin.py:190} INFO - [2024-12-24T19:35:52.322+0000] {dagbag.py:588} INFO - Filling up the DagBag from /home/airflow/.local/lib/python3.12/site-packages/airflow/example_dags/tutorial.py
[2024-12-24T19:35:52.328+0000] {processor.py:925} INFO - DAG(s) 'tutorial' retrieved from /home/airflow/.local/lib/python3.12/site-packages/airflow/example_dags/tutorial.py
[2024-12-24T19:35:52.342+0000] {logging_mixin.py:190} INFO - [2024-12-24T19:35:52.342+0000] {dag.py:3239} INFO - Sync 1 DAGs
[2024-12-24T19:35:52.357+0000] {logging_mixin.py:190} INFO - [2024-12-24T19:35:52.357+0000] {dag.py:4180} INFO - Setting next_dagrun for tutorial to 2024-12-23 00:00:00+00:00, run_after=2024-12-24 00:00:00+00:00
[2024-12-24T19:35:52.373+0000] {processor.py:208} INFO - Processing /home/airflow/.local/lib/python3.12/site-packages/airflow/example_dags/tutorial.py took 0.072 seconds
[2024-12-24T19:36:22.981+0000] {processor.py:186} INFO - Started process (PID=2969) to work on /home/airflow/.local/lib/python3.12/site-packages/airflow/example_dags/tutorial.py
[2024-12-24T19:36:22.983+0000] {processor.py:914} INFO - Processing file /home/airflow/.local/lib/python3.12/site-packages/airflow/example_dags/tutorial.py for tasks to queue
[2024-12-24T19:36:22.984+0000] {logging_mixin.py:190} INFO - [2024-12-24T19:36:22.984+0000] {dagbag.py:588} INFO - Filling up the DagBag from /home/airflow/.local/lib/python3.12/site-packages/airflow/example_dags/tutorial.py
[2024-12-24T19:36:22.990+0000] {processor.py:925} INFO - DAG(s) 'tutorial' retrieved from /home/airflow/.local/lib/python3.12/site-packages/airflow/example_dags/tutorial.py
[2024-12-24T19:36:23.002+0000] {logging_mixin.py:190} INFO - [2024-12-24T19:36:23.002+0000] {dag.py:3239} INFO - Sync 1 DAGs
[2024-12-24T19:36:23.018+0000] {logging_mixin.py:190} INFO - [2024-12-24T19:36:23.018+0000] {dag.py:4180} INFO - Setting next_dagrun for tutorial to 2024-12-23 00:00:00+00:00, run_after=2024-12-24 00:00:00+00:00
[2024-12-24T19:36:23.029+0000] {processor.py:208} INFO - Processing /home/airflow/.local/lib/python3.12/site-packages/airflow/example_dags/tutorial.py took 0.052 seconds
[2024-12-24T19:36:54.026+0000] {processor.py:186} INFO - Started process (PID=3032) to work on /home/airflow/.local/lib/python3.12/site-packages/airflow/example_dags/tutorial.py
[2024-12-24T19:36:54.027+0000] {processor.py:914} INFO - Processing file /home/airflow/.local/lib/python3.12/site-packages/airflow/example_dags/tutorial.py for tasks to queue
[2024-12-24T19:36:54.029+0000] {logging_mixin.py:190} INFO - [2024-12-24T19:36:54.029+0000] {dagbag.py:588} INFO - Filling up the DagBag from /home/airflow/.local/lib/python3.12/site-packages/airflow/example_dags/tutorial.py
[2024-12-24T19:36:54.034+0000] {processor.py:925} INFO - DAG(s) 'tutorial' retrieved from /home/airflow/.local/lib/python3.12/site-packages/airflow/example_dags/tutorial.py
[2024-12-24T19:36:54.046+0000] {logging_mixin.py:190} INFO - [2024-12-24T19:36:54.046+0000] {dag.py:3239} INFO - Sync 1 DAGs
[2024-12-24T19:36:54.061+0000] {logging_mixin.py:190} INFO - [2024-12-24T19:36:54.061+0000] {dag.py:4180} INFO - Setting next_dagrun for tutorial to 2024-12-23 00:00:00+00:00, run_after=2024-12-24 00:00:00+00:00
[2024-12-24T19:36:54.071+0000] {processor.py:208} INFO - Processing /home/airflow/.local/lib/python3.12/site-packages/airflow/example_dags/tutorial.py took 0.049 seconds
[2024-12-24T22:26:36.573+0000] {processor.py:186} INFO - Started process (PID=83) to work on /home/airflow/.local/lib/python3.12/site-packages/airflow/example_dags/tutorial.py
[2024-12-24T22:26:36.576+0000] {processor.py:914} INFO - Processing file /home/airflow/.local/lib/python3.12/site-packages/airflow/example_dags/tutorial.py for tasks to queue
[2024-12-24T22:26:36.579+0000] {logging_mixin.py:190} INFO - [2024-12-24T22:26:36.579+0000] {dagbag.py:588} INFO - Filling up the DagBag from /home/airflow/.local/lib/python3.12/site-packages/airflow/example_dags/tutorial.py
[2024-12-24T22:26:36.594+0000] {processor.py:925} INFO - DAG(s) 'tutorial' retrieved from /home/airflow/.local/lib/python3.12/site-packages/airflow/example_dags/tutorial.py
[2024-12-24T22:26:36.628+0000] {logging_mixin.py:190} INFO - [2024-12-24T22:26:36.627+0000] {dag.py:3239} INFO - Sync 1 DAGs
[2024-12-24T22:26:36.661+0000] {logging_mixin.py:190} INFO - [2024-12-24T22:26:36.661+0000] {dag.py:4180} INFO - Setting next_dagrun for tutorial to 2024-12-23 00:00:00+00:00, run_after=2024-12-24 00:00:00+00:00
[2024-12-24T22:26:36.681+0000] {processor.py:208} INFO - Processing /home/airflow/.local/lib/python3.12/site-packages/airflow/example_dags/tutorial.py took 0.115 seconds
[2024-12-24T22:27:07.119+0000] {processor.py:186} INFO - Started process (PID=146) to work on /home/airflow/.local/lib/python3.12/site-packages/airflow/example_dags/tutorial.py
[2024-12-24T22:27:07.121+0000] {processor.py:914} INFO - Processing file /home/airflow/.local/lib/python3.12/site-packages/airflow/example_dags/tutorial.py for tasks to queue
[2024-12-24T22:27:07.123+0000] {logging_mixin.py:190} INFO - [2024-12-24T22:27:07.123+0000] {dagbag.py:588} INFO - Filling up the DagBag from /home/airflow/.local/lib/python3.12/site-packages/airflow/example_dags/tutorial.py
[2024-12-24T22:27:07.131+0000] {processor.py:925} INFO - DAG(s) 'tutorial' retrieved from /home/airflow/.local/lib/python3.12/site-packages/airflow/example_dags/tutorial.py
[2024-12-24T22:27:07.147+0000] {logging_mixin.py:190} INFO - [2024-12-24T22:27:07.147+0000] {dag.py:3239} INFO - Sync 1 DAGs
[2024-12-24T22:27:07.166+0000] {logging_mixin.py:190} INFO - [2024-12-24T22:27:07.165+0000] {dag.py:4180} INFO - Setting next_dagrun for tutorial to 2024-12-23 00:00:00+00:00, run_after=2024-12-24 00:00:00+00:00
[2024-12-24T22:27:07.185+0000] {processor.py:208} INFO - Processing /home/airflow/.local/lib/python3.12/site-packages/airflow/example_dags/tutorial.py took 0.071 seconds
[2024-12-24T22:27:37.779+0000] {processor.py:186} INFO - Started process (PID=204) to work on /home/airflow/.local/lib/python3.12/site-packages/airflow/example_dags/tutorial.py
[2024-12-24T22:27:37.781+0000] {processor.py:914} INFO - Processing file /home/airflow/.local/lib/python3.12/site-packages/airflow/example_dags/tutorial.py for tasks to queue
[2024-12-24T22:27:37.783+0000] {logging_mixin.py:190} INFO - [2024-12-24T22:27:37.783+0000] {dagbag.py:588} INFO - Filling up the DagBag from /home/airflow/.local/lib/python3.12/site-packages/airflow/example_dags/tutorial.py
[2024-12-24T22:27:37.791+0000] {processor.py:925} INFO - DAG(s) 'tutorial' retrieved from /home/airflow/.local/lib/python3.12/site-packages/airflow/example_dags/tutorial.py
[2024-12-24T22:27:37.810+0000] {logging_mixin.py:190} INFO - [2024-12-24T22:27:37.809+0000] {dag.py:3239} INFO - Sync 1 DAGs
[2024-12-24T22:27:37.830+0000] {logging_mixin.py:190} INFO - [2024-12-24T22:27:37.830+0000] {dag.py:4180} INFO - Setting next_dagrun for tutorial to 2024-12-23 00:00:00+00:00, run_after=2024-12-24 00:00:00+00:00
[2024-12-24T22:27:37.873+0000] {processor.py:208} INFO - Processing /home/airflow/.local/lib/python3.12/site-packages/airflow/example_dags/tutorial.py took 0.099 seconds
[2024-12-24T22:28:09.155+0000] {processor.py:186} INFO - Started process (PID=268) to work on /home/airflow/.local/lib/python3.12/site-packages/airflow/example_dags/tutorial.py
[2024-12-24T22:28:09.157+0000] {processor.py:914} INFO - Processing file /home/airflow/.local/lib/python3.12/site-packages/airflow/example_dags/tutorial.py for tasks to queue
[2024-12-24T22:28:09.160+0000] {logging_mixin.py:190} INFO - [2024-12-24T22:28:09.160+0000] {dagbag.py:588} INFO - Filling up the DagBag from /home/airflow/.local/lib/python3.12/site-packages/airflow/example_dags/tutorial.py
[2024-12-24T22:28:09.170+0000] {processor.py:925} INFO - DAG(s) 'tutorial' retrieved from /home/airflow/.local/lib/python3.12/site-packages/airflow/example_dags/tutorial.py
[2024-12-24T22:28:09.187+0000] {logging_mixin.py:190} INFO - [2024-12-24T22:28:09.187+0000] {dag.py:3239} INFO - Sync 1 DAGs
[2024-12-24T22:28:09.203+0000] {logging_mixin.py:190} INFO - [2024-12-24T22:28:09.203+0000] {dag.py:4180} INFO - Setting next_dagrun for tutorial to 2024-12-23 00:00:00+00:00, run_after=2024-12-24 00:00:00+00:00
[2024-12-24T22:28:09.246+0000] {processor.py:208} INFO - Processing /home/airflow/.local/lib/python3.12/site-packages/airflow/example_dags/tutorial.py took 0.098 seconds
[2024-12-24T22:28:42.537+0000] {processor.py:186} INFO - Started process (PID=332) to work on /home/airflow/.local/lib/python3.12/site-packages/airflow/example_dags/tutorial.py
[2024-12-24T22:28:42.539+0000] {processor.py:914} INFO - Processing file /home/airflow/.local/lib/python3.12/site-packages/airflow/example_dags/tutorial.py for tasks to queue
[2024-12-24T22:28:42.541+0000] {logging_mixin.py:190} INFO - [2024-12-24T22:28:42.541+0000] {dagbag.py:588} INFO - Filling up the DagBag from /home/airflow/.local/lib/python3.12/site-packages/airflow/example_dags/tutorial.py
[2024-12-24T22:28:42.548+0000] {processor.py:925} INFO - DAG(s) 'tutorial' retrieved from /home/airflow/.local/lib/python3.12/site-packages/airflow/example_dags/tutorial.py
[2024-12-24T22:28:42.563+0000] {logging_mixin.py:190} INFO - [2024-12-24T22:28:42.563+0000] {dag.py:3239} INFO - Sync 1 DAGs
[2024-12-24T22:28:42.581+0000] {logging_mixin.py:190} INFO - [2024-12-24T22:28:42.581+0000] {dag.py:4180} INFO - Setting next_dagrun for tutorial to 2024-12-23 00:00:00+00:00, run_after=2024-12-24 00:00:00+00:00
[2024-12-24T22:28:42.598+0000] {processor.py:208} INFO - Processing /home/airflow/.local/lib/python3.12/site-packages/airflow/example_dags/tutorial.py took 0.066 seconds
[2024-12-24T22:29:13.484+0000] {processor.py:186} INFO - Started process (PID=402) to work on /home/airflow/.local/lib/python3.12/site-packages/airflow/example_dags/tutorial.py
[2024-12-24T22:29:13.486+0000] {processor.py:914} INFO - Processing file /home/airflow/.local/lib/python3.12/site-packages/airflow/example_dags/tutorial.py for tasks to queue
[2024-12-24T22:29:13.489+0000] {logging_mixin.py:190} INFO - [2024-12-24T22:29:13.489+0000] {dagbag.py:588} INFO - Filling up the DagBag from /home/airflow/.local/lib/python3.12/site-packages/airflow/example_dags/tutorial.py
[2024-12-24T22:29:13.497+0000] {processor.py:925} INFO - DAG(s) 'tutorial' retrieved from /home/airflow/.local/lib/python3.12/site-packages/airflow/example_dags/tutorial.py
[2024-12-24T22:29:13.514+0000] {logging_mixin.py:190} INFO - [2024-12-24T22:29:13.514+0000] {dag.py:3239} INFO - Sync 1 DAGs
[2024-12-24T22:29:13.532+0000] {logging_mixin.py:190} INFO - [2024-12-24T22:29:13.532+0000] {dag.py:4180} INFO - Setting next_dagrun for tutorial to 2024-12-23 00:00:00+00:00, run_after=2024-12-24 00:00:00+00:00
[2024-12-24T22:29:13.549+0000] {processor.py:208} INFO - Processing /home/airflow/.local/lib/python3.12/site-packages/airflow/example_dags/tutorial.py took 0.069 seconds
[2024-12-24T22:29:43.683+0000] {processor.py:186} INFO - Started process (PID=459) to work on /home/airflow/.local/lib/python3.12/site-packages/airflow/example_dags/tutorial.py
[2024-12-24T22:29:43.685+0000] {processor.py:914} INFO - Processing file /home/airflow/.local/lib/python3.12/site-packages/airflow/example_dags/tutorial.py for tasks to queue
[2024-12-24T22:29:43.687+0000] {logging_mixin.py:190} INFO - [2024-12-24T22:29:43.687+0000] {dagbag.py:588} INFO - Filling up the DagBag from /home/airflow/.local/lib/python3.12/site-packages/airflow/example_dags/tutorial.py
[2024-12-24T22:29:43.693+0000] {processor.py:925} INFO - DAG(s) 'tutorial' retrieved from /home/airflow/.local/lib/python3.12/site-packages/airflow/example_dags/tutorial.py
[2024-12-24T22:29:43.707+0000] {logging_mixin.py:190} INFO - [2024-12-24T22:29:43.706+0000] {dag.py:3239} INFO - Sync 1 DAGs
[2024-12-24T22:29:43.722+0000] {logging_mixin.py:190} INFO - [2024-12-24T22:29:43.722+0000] {dag.py:4180} INFO - Setting next_dagrun for tutorial to 2024-12-23 00:00:00+00:00, run_after=2024-12-24 00:00:00+00:00
[2024-12-24T22:29:43.757+0000] {processor.py:208} INFO - Processing /home/airflow/.local/lib/python3.12/site-packages/airflow/example_dags/tutorial.py took 0.078 seconds
[2024-12-24T22:30:14.091+0000] {processor.py:186} INFO - Started process (PID=523) to work on /home/airflow/.local/lib/python3.12/site-packages/airflow/example_dags/tutorial.py
[2024-12-24T22:30:14.093+0000] {processor.py:914} INFO - Processing file /home/airflow/.local/lib/python3.12/site-packages/airflow/example_dags/tutorial.py for tasks to queue
[2024-12-24T22:30:14.095+0000] {logging_mixin.py:190} INFO - [2024-12-24T22:30:14.095+0000] {dagbag.py:588} INFO - Filling up the DagBag from /home/airflow/.local/lib/python3.12/site-packages/airflow/example_dags/tutorial.py
[2024-12-24T22:30:14.104+0000] {processor.py:925} INFO - DAG(s) 'tutorial' retrieved from /home/airflow/.local/lib/python3.12/site-packages/airflow/example_dags/tutorial.py
[2024-12-24T22:30:14.119+0000] {logging_mixin.py:190} INFO - [2024-12-24T22:30:14.119+0000] {dag.py:3239} INFO - Sync 1 DAGs
[2024-12-24T22:30:14.139+0000] {logging_mixin.py:190} INFO - [2024-12-24T22:30:14.139+0000] {dag.py:4180} INFO - Setting next_dagrun for tutorial to 2024-12-23 00:00:00+00:00, run_after=2024-12-24 00:00:00+00:00
[2024-12-24T22:30:14.153+0000] {processor.py:208} INFO - Processing /home/airflow/.local/lib/python3.12/site-packages/airflow/example_dags/tutorial.py took 0.066 seconds
[2024-12-24T22:30:52.754+0000] {processor.py:186} INFO - Started process (PID=71) to work on /home/airflow/.local/lib/python3.12/site-packages/airflow/example_dags/tutorial.py
[2024-12-24T22:30:52.756+0000] {processor.py:914} INFO - Processing file /home/airflow/.local/lib/python3.12/site-packages/airflow/example_dags/tutorial.py for tasks to queue
[2024-12-24T22:30:52.758+0000] {logging_mixin.py:190} INFO - [2024-12-24T22:30:52.758+0000] {dagbag.py:588} INFO - Filling up the DagBag from /home/airflow/.local/lib/python3.12/site-packages/airflow/example_dags/tutorial.py
[2024-12-24T22:30:52.766+0000] {processor.py:925} INFO - DAG(s) 'tutorial' retrieved from /home/airflow/.local/lib/python3.12/site-packages/airflow/example_dags/tutorial.py
[2024-12-24T22:30:52.789+0000] {logging_mixin.py:190} INFO - [2024-12-24T22:30:52.787+0000] {dag.py:3239} INFO - Sync 1 DAGs
[2024-12-24T22:30:52.812+0000] {logging_mixin.py:190} INFO - [2024-12-24T22:30:52.812+0000] {dag.py:4180} INFO - Setting next_dagrun for tutorial to 2024-12-23 00:00:00+00:00, run_after=2024-12-24 00:00:00+00:00
[2024-12-24T22:30:52.832+0000] {processor.py:208} INFO - Processing /home/airflow/.local/lib/python3.12/site-packages/airflow/example_dags/tutorial.py took 0.083 seconds
[2024-12-24T22:32:20.061+0000] {processor.py:186} INFO - Started process (PID=84) to work on /home/airflow/.local/lib/python3.12/site-packages/airflow/example_dags/tutorial.py
[2024-12-24T22:32:20.063+0000] {processor.py:914} INFO - Processing file /home/airflow/.local/lib/python3.12/site-packages/airflow/example_dags/tutorial.py for tasks to queue
[2024-12-24T22:32:20.065+0000] {logging_mixin.py:190} INFO - [2024-12-24T22:32:20.065+0000] {dagbag.py:588} INFO - Filling up the DagBag from /home/airflow/.local/lib/python3.12/site-packages/airflow/example_dags/tutorial.py
[2024-12-24T22:32:20.073+0000] {processor.py:925} INFO - DAG(s) 'tutorial' retrieved from /home/airflow/.local/lib/python3.12/site-packages/airflow/example_dags/tutorial.py
[2024-12-24T22:32:20.093+0000] {logging_mixin.py:190} INFO - [2024-12-24T22:32:20.093+0000] {dag.py:3239} INFO - Sync 1 DAGs
[2024-12-24T22:32:20.113+0000] {logging_mixin.py:190} INFO - [2024-12-24T22:32:20.113+0000] {dag.py:4180} INFO - Setting next_dagrun for tutorial to 2024-12-23 00:00:00+00:00, run_after=2024-12-24 00:00:00+00:00
[2024-12-24T22:32:20.129+0000] {processor.py:208} INFO - Processing /home/airflow/.local/lib/python3.12/site-packages/airflow/example_dags/tutorial.py took 0.073 seconds
[2024-12-24T22:32:50.372+0000] {processor.py:186} INFO - Started process (PID=147) to work on /home/airflow/.local/lib/python3.12/site-packages/airflow/example_dags/tutorial.py
[2024-12-24T22:32:50.374+0000] {processor.py:914} INFO - Processing file /home/airflow/.local/lib/python3.12/site-packages/airflow/example_dags/tutorial.py for tasks to queue
[2024-12-24T22:32:50.379+0000] {logging_mixin.py:190} INFO - [2024-12-24T22:32:50.378+0000] {dagbag.py:588} INFO - Filling up the DagBag from /home/airflow/.local/lib/python3.12/site-packages/airflow/example_dags/tutorial.py
[2024-12-24T22:32:50.393+0000] {processor.py:925} INFO - DAG(s) 'tutorial' retrieved from /home/airflow/.local/lib/python3.12/site-packages/airflow/example_dags/tutorial.py
[2024-12-24T22:32:50.422+0000] {logging_mixin.py:190} INFO - [2024-12-24T22:32:50.421+0000] {dag.py:3239} INFO - Sync 1 DAGs
[2024-12-24T22:32:50.442+0000] {logging_mixin.py:190} INFO - [2024-12-24T22:32:50.442+0000] {dag.py:4180} INFO - Setting next_dagrun for tutorial to 2024-12-23 00:00:00+00:00, run_after=2024-12-24 00:00:00+00:00
[2024-12-24T22:32:50.458+0000] {processor.py:208} INFO - Processing /home/airflow/.local/lib/python3.12/site-packages/airflow/example_dags/tutorial.py took 0.094 seconds
[2024-12-24T22:33:21.414+0000] {processor.py:186} INFO - Started process (PID=205) to work on /home/airflow/.local/lib/python3.12/site-packages/airflow/example_dags/tutorial.py
[2024-12-24T22:33:21.416+0000] {processor.py:914} INFO - Processing file /home/airflow/.local/lib/python3.12/site-packages/airflow/example_dags/tutorial.py for tasks to queue
[2024-12-24T22:33:21.420+0000] {logging_mixin.py:190} INFO - [2024-12-24T22:33:21.419+0000] {dagbag.py:588} INFO - Filling up the DagBag from /home/airflow/.local/lib/python3.12/site-packages/airflow/example_dags/tutorial.py
[2024-12-24T22:33:21.431+0000] {processor.py:925} INFO - DAG(s) 'tutorial' retrieved from /home/airflow/.local/lib/python3.12/site-packages/airflow/example_dags/tutorial.py
[2024-12-24T22:33:21.454+0000] {logging_mixin.py:190} INFO - [2024-12-24T22:33:21.453+0000] {dag.py:3239} INFO - Sync 1 DAGs
[2024-12-24T22:33:21.475+0000] {logging_mixin.py:190} INFO - [2024-12-24T22:33:21.475+0000] {dag.py:4180} INFO - Setting next_dagrun for tutorial to 2024-12-23 00:00:00+00:00, run_after=2024-12-24 00:00:00+00:00
[2024-12-24T22:33:21.494+0000] {processor.py:208} INFO - Processing /home/airflow/.local/lib/python3.12/site-packages/airflow/example_dags/tutorial.py took 0.088 seconds
[2024-12-24T22:33:53.233+0000] {processor.py:186} INFO - Started process (PID=270) to work on /home/airflow/.local/lib/python3.12/site-packages/airflow/example_dags/tutorial.py
[2024-12-24T22:33:53.234+0000] {processor.py:914} INFO - Processing file /home/airflow/.local/lib/python3.12/site-packages/airflow/example_dags/tutorial.py for tasks to queue
[2024-12-24T22:33:53.236+0000] {logging_mixin.py:190} INFO - [2024-12-24T22:33:53.236+0000] {dagbag.py:588} INFO - Filling up the DagBag from /home/airflow/.local/lib/python3.12/site-packages/airflow/example_dags/tutorial.py
[2024-12-24T22:33:53.243+0000] {processor.py:925} INFO - DAG(s) 'tutorial' retrieved from /home/airflow/.local/lib/python3.12/site-packages/airflow/example_dags/tutorial.py
[2024-12-24T22:33:53.257+0000] {logging_mixin.py:190} INFO - [2024-12-24T22:33:53.257+0000] {dag.py:3239} INFO - Sync 1 DAGs
[2024-12-24T22:33:53.273+0000] {logging_mixin.py:190} INFO - [2024-12-24T22:33:53.273+0000] {dag.py:4180} INFO - Setting next_dagrun for tutorial to 2024-12-23 00:00:00+00:00, run_after=2024-12-24 00:00:00+00:00
[2024-12-24T22:33:53.287+0000] {processor.py:208} INFO - Processing /home/airflow/.local/lib/python3.12/site-packages/airflow/example_dags/tutorial.py took 0.058 seconds
[2024-12-24T22:34:26.290+0000] {processor.py:186} INFO - Started process (PID=340) to work on /home/airflow/.local/lib/python3.12/site-packages/airflow/example_dags/tutorial.py
[2024-12-24T22:34:26.292+0000] {processor.py:914} INFO - Processing file /home/airflow/.local/lib/python3.12/site-packages/airflow/example_dags/tutorial.py for tasks to queue
[2024-12-24T22:34:26.294+0000] {logging_mixin.py:190} INFO - [2024-12-24T22:34:26.294+0000] {dagbag.py:588} INFO - Filling up the DagBag from /home/airflow/.local/lib/python3.12/site-packages/airflow/example_dags/tutorial.py
[2024-12-24T22:34:26.303+0000] {processor.py:925} INFO - DAG(s) 'tutorial' retrieved from /home/airflow/.local/lib/python3.12/site-packages/airflow/example_dags/tutorial.py
[2024-12-24T22:34:26.325+0000] {logging_mixin.py:190} INFO - [2024-12-24T22:34:26.325+0000] {dag.py:3239} INFO - Sync 1 DAGs
[2024-12-24T22:34:26.351+0000] {logging_mixin.py:190} INFO - [2024-12-24T22:34:26.351+0000] {dag.py:4180} INFO - Setting next_dagrun for tutorial to 2024-12-23 00:00:00+00:00, run_after=2024-12-24 00:00:00+00:00
[2024-12-24T22:34:26.374+0000] {processor.py:208} INFO - Processing /home/airflow/.local/lib/python3.12/site-packages/airflow/example_dags/tutorial.py took 0.088 seconds
[2024-12-24T22:35:00.135+0000] {processor.py:186} INFO - Started process (PID=404) to work on /home/airflow/.local/lib/python3.12/site-packages/airflow/example_dags/tutorial.py
[2024-12-24T22:35:00.138+0000] {processor.py:914} INFO - Processing file /home/airflow/.local/lib/python3.12/site-packages/airflow/example_dags/tutorial.py for tasks to queue
[2024-12-24T22:35:00.141+0000] {logging_mixin.py:190} INFO - [2024-12-24T22:35:00.140+0000] {dagbag.py:588} INFO - Filling up the DagBag from /home/airflow/.local/lib/python3.12/site-packages/airflow/example_dags/tutorial.py
[2024-12-24T22:35:00.150+0000] {processor.py:925} INFO - DAG(s) 'tutorial' retrieved from /home/airflow/.local/lib/python3.12/site-packages/airflow/example_dags/tutorial.py
[2024-12-24T22:35:00.167+0000] {logging_mixin.py:190} INFO - [2024-12-24T22:35:00.167+0000] {dag.py:3239} INFO - Sync 1 DAGs
[2024-12-24T22:35:00.186+0000] {logging_mixin.py:190} INFO - [2024-12-24T22:35:00.186+0000] {dag.py:4180} INFO - Setting next_dagrun for tutorial to 2024-12-23 00:00:00+00:00, run_after=2024-12-24 00:00:00+00:00
[2024-12-24T22:35:00.202+0000] {processor.py:208} INFO - Processing /home/airflow/.local/lib/python3.12/site-packages/airflow/example_dags/tutorial.py took 0.073 seconds
[2024-12-24T22:35:30.573+0000] {processor.py:186} INFO - Started process (PID=467) to work on /home/airflow/.local/lib/python3.12/site-packages/airflow/example_dags/tutorial.py
[2024-12-24T22:35:30.576+0000] {processor.py:914} INFO - Processing file /home/airflow/.local/lib/python3.12/site-packages/airflow/example_dags/tutorial.py for tasks to queue
[2024-12-24T22:35:30.578+0000] {logging_mixin.py:190} INFO - [2024-12-24T22:35:30.578+0000] {dagbag.py:588} INFO - Filling up the DagBag from /home/airflow/.local/lib/python3.12/site-packages/airflow/example_dags/tutorial.py
[2024-12-24T22:35:30.585+0000] {processor.py:925} INFO - DAG(s) 'tutorial' retrieved from /home/airflow/.local/lib/python3.12/site-packages/airflow/example_dags/tutorial.py
[2024-12-24T22:35:30.605+0000] {logging_mixin.py:190} INFO - [2024-12-24T22:35:30.604+0000] {dag.py:3239} INFO - Sync 1 DAGs
[2024-12-24T22:35:30.622+0000] {logging_mixin.py:190} INFO - [2024-12-24T22:35:30.622+0000] {dag.py:4180} INFO - Setting next_dagrun for tutorial to 2024-12-23 00:00:00+00:00, run_after=2024-12-24 00:00:00+00:00
[2024-12-24T22:35:30.640+0000] {processor.py:208} INFO - Processing /home/airflow/.local/lib/python3.12/site-packages/airflow/example_dags/tutorial.py took 0.071 seconds
[2024-12-24T22:36:00.764+0000] {processor.py:186} INFO - Started process (PID=531) to work on /home/airflow/.local/lib/python3.12/site-packages/airflow/example_dags/tutorial.py
[2024-12-24T22:36:00.766+0000] {processor.py:914} INFO - Processing file /home/airflow/.local/lib/python3.12/site-packages/airflow/example_dags/tutorial.py for tasks to queue
[2024-12-24T22:36:00.769+0000] {logging_mixin.py:190} INFO - [2024-12-24T22:36:00.768+0000] {dagbag.py:588} INFO - Filling up the DagBag from /home/airflow/.local/lib/python3.12/site-packages/airflow/example_dags/tutorial.py
[2024-12-24T22:36:00.776+0000] {processor.py:925} INFO - DAG(s) 'tutorial' retrieved from /home/airflow/.local/lib/python3.12/site-packages/airflow/example_dags/tutorial.py
[2024-12-24T22:36:00.795+0000] {logging_mixin.py:190} INFO - [2024-12-24T22:36:00.794+0000] {dag.py:3239} INFO - Sync 1 DAGs
[2024-12-24T22:36:00.813+0000] {logging_mixin.py:190} INFO - [2024-12-24T22:36:00.813+0000] {dag.py:4180} INFO - Setting next_dagrun for tutorial to 2024-12-23 00:00:00+00:00, run_after=2024-12-24 00:00:00+00:00
[2024-12-24T22:36:00.860+0000] {processor.py:208} INFO - Processing /home/airflow/.local/lib/python3.12/site-packages/airflow/example_dags/tutorial.py took 0.101 seconds
[2024-12-24T22:36:31.076+0000] {processor.py:186} INFO - Started process (PID=589) to work on /home/airflow/.local/lib/python3.12/site-packages/airflow/example_dags/tutorial.py
[2024-12-24T22:36:31.078+0000] {processor.py:914} INFO - Processing file /home/airflow/.local/lib/python3.12/site-packages/airflow/example_dags/tutorial.py for tasks to queue
[2024-12-24T22:36:31.080+0000] {logging_mixin.py:190} INFO - [2024-12-24T22:36:31.080+0000] {dagbag.py:588} INFO - Filling up the DagBag from /home/airflow/.local/lib/python3.12/site-packages/airflow/example_dags/tutorial.py
[2024-12-24T22:36:31.088+0000] {processor.py:925} INFO - DAG(s) 'tutorial' retrieved from /home/airflow/.local/lib/python3.12/site-packages/airflow/example_dags/tutorial.py
[2024-12-24T22:36:31.107+0000] {logging_mixin.py:190} INFO - [2024-12-24T22:36:31.107+0000] {dag.py:3239} INFO - Sync 1 DAGs
[2024-12-24T22:36:31.126+0000] {logging_mixin.py:190} INFO - [2024-12-24T22:36:31.126+0000] {dag.py:4180} INFO - Setting next_dagrun for tutorial to 2024-12-23 00:00:00+00:00, run_after=2024-12-24 00:00:00+00:00
[2024-12-24T22:36:31.143+0000] {processor.py:208} INFO - Processing /home/airflow/.local/lib/python3.12/site-packages/airflow/example_dags/tutorial.py took 0.071 seconds
[2024-12-24T22:37:02.242+0000] {processor.py:186} INFO - Started process (PID=653) to work on /home/airflow/.local/lib/python3.12/site-packages/airflow/example_dags/tutorial.py
[2024-12-24T22:37:02.245+0000] {processor.py:914} INFO - Processing file /home/airflow/.local/lib/python3.12/site-packages/airflow/example_dags/tutorial.py for tasks to queue
[2024-12-24T22:37:02.248+0000] {logging_mixin.py:190} INFO - [2024-12-24T22:37:02.247+0000] {dagbag.py:588} INFO - Filling up the DagBag from /home/airflow/.local/lib/python3.12/site-packages/airflow/example_dags/tutorial.py
[2024-12-24T22:37:02.254+0000] {processor.py:925} INFO - DAG(s) 'tutorial' retrieved from /home/airflow/.local/lib/python3.12/site-packages/airflow/example_dags/tutorial.py
[2024-12-24T22:37:02.272+0000] {logging_mixin.py:190} INFO - [2024-12-24T22:37:02.272+0000] {dag.py:3239} INFO - Sync 1 DAGs
[2024-12-24T22:37:02.288+0000] {logging_mixin.py:190} INFO - [2024-12-24T22:37:02.288+0000] {dag.py:4180} INFO - Setting next_dagrun for tutorial to 2024-12-23 00:00:00+00:00, run_after=2024-12-24 00:00:00+00:00
[2024-12-24T22:37:02.324+0000] {processor.py:208} INFO - Processing /home/airflow/.local/lib/python3.12/site-packages/airflow/example_dags/tutorial.py took 0.087 seconds
[2024-12-24T22:37:34.336+0000] {processor.py:186} INFO - Started process (PID=717) to work on /home/airflow/.local/lib/python3.12/site-packages/airflow/example_dags/tutorial.py
[2024-12-24T22:37:34.337+0000] {processor.py:914} INFO - Processing file /home/airflow/.local/lib/python3.12/site-packages/airflow/example_dags/tutorial.py for tasks to queue
[2024-12-24T22:37:34.340+0000] {logging_mixin.py:190} INFO - [2024-12-24T22:37:34.339+0000] {dagbag.py:588} INFO - Filling up the DagBag from /home/airflow/.local/lib/python3.12/site-packages/airflow/example_dags/tutorial.py
[2024-12-24T22:37:34.346+0000] {processor.py:925} INFO - DAG(s) 'tutorial' retrieved from /home/airflow/.local/lib/python3.12/site-packages/airflow/example_dags/tutorial.py
[2024-12-24T22:37:34.361+0000] {logging_mixin.py:190} INFO - [2024-12-24T22:37:34.361+0000] {dag.py:3239} INFO - Sync 1 DAGs
[2024-12-24T22:37:34.377+0000] {logging_mixin.py:190} INFO - [2024-12-24T22:37:34.377+0000] {dag.py:4180} INFO - Setting next_dagrun for tutorial to 2024-12-23 00:00:00+00:00, run_after=2024-12-24 00:00:00+00:00
[2024-12-24T22:37:34.417+0000] {processor.py:208} INFO - Processing /home/airflow/.local/lib/python3.12/site-packages/airflow/example_dags/tutorial.py took 0.085 seconds
[2024-12-24T22:38:04.678+0000] {processor.py:186} INFO - Started process (PID=780) to work on /home/airflow/.local/lib/python3.12/site-packages/airflow/example_dags/tutorial.py
[2024-12-24T22:38:04.680+0000] {processor.py:914} INFO - Processing file /home/airflow/.local/lib/python3.12/site-packages/airflow/example_dags/tutorial.py for tasks to queue
[2024-12-24T22:38:04.682+0000] {logging_mixin.py:190} INFO - [2024-12-24T22:38:04.682+0000] {dagbag.py:588} INFO - Filling up the DagBag from /home/airflow/.local/lib/python3.12/site-packages/airflow/example_dags/tutorial.py
[2024-12-24T22:38:04.689+0000] {processor.py:925} INFO - DAG(s) 'tutorial' retrieved from /home/airflow/.local/lib/python3.12/site-packages/airflow/example_dags/tutorial.py
[2024-12-24T22:38:04.705+0000] {logging_mixin.py:190} INFO - [2024-12-24T22:38:04.705+0000] {dag.py:3239} INFO - Sync 1 DAGs
[2024-12-24T22:38:04.723+0000] {logging_mixin.py:190} INFO - [2024-12-24T22:38:04.723+0000] {dag.py:4180} INFO - Setting next_dagrun for tutorial to 2024-12-23 00:00:00+00:00, run_after=2024-12-24 00:00:00+00:00
[2024-12-24T22:38:04.737+0000] {processor.py:208} INFO - Processing /home/airflow/.local/lib/python3.12/site-packages/airflow/example_dags/tutorial.py took 0.063 seconds
[2024-12-24T22:38:35.934+0000] {processor.py:186} INFO - Started process (PID=844) to work on /home/airflow/.local/lib/python3.12/site-packages/airflow/example_dags/tutorial.py
[2024-12-24T22:38:35.936+0000] {processor.py:914} INFO - Processing file /home/airflow/.local/lib/python3.12/site-packages/airflow/example_dags/tutorial.py for tasks to queue
[2024-12-24T22:38:35.938+0000] {logging_mixin.py:190} INFO - [2024-12-24T22:38:35.938+0000] {dagbag.py:588} INFO - Filling up the DagBag from /home/airflow/.local/lib/python3.12/site-packages/airflow/example_dags/tutorial.py
[2024-12-24T22:38:35.948+0000] {processor.py:925} INFO - DAG(s) 'tutorial' retrieved from /home/airflow/.local/lib/python3.12/site-packages/airflow/example_dags/tutorial.py
[2024-12-24T22:38:35.963+0000] {logging_mixin.py:190} INFO - [2024-12-24T22:38:35.963+0000] {dag.py:3239} INFO - Sync 1 DAGs
[2024-12-24T22:38:35.982+0000] {logging_mixin.py:190} INFO - [2024-12-24T22:38:35.982+0000] {dag.py:4180} INFO - Setting next_dagrun for tutorial to 2024-12-23 00:00:00+00:00, run_after=2024-12-24 00:00:00+00:00
[2024-12-24T22:38:36.000+0000] {processor.py:208} INFO - Processing /home/airflow/.local/lib/python3.12/site-packages/airflow/example_dags/tutorial.py took 0.071 seconds
[2024-12-24T22:39:07.010+0000] {processor.py:186} INFO - Started process (PID=908) to work on /home/airflow/.local/lib/python3.12/site-packages/airflow/example_dags/tutorial.py
[2024-12-24T22:39:07.013+0000] {processor.py:914} INFO - Processing file /home/airflow/.local/lib/python3.12/site-packages/airflow/example_dags/tutorial.py for tasks to queue
[2024-12-24T22:39:07.016+0000] {logging_mixin.py:190} INFO - [2024-12-24T22:39:07.015+0000] {dagbag.py:588} INFO - Filling up the DagBag from /home/airflow/.local/lib/python3.12/site-packages/airflow/example_dags/tutorial.py
[2024-12-24T22:39:07.024+0000] {processor.py:925} INFO - DAG(s) 'tutorial' retrieved from /home/airflow/.local/lib/python3.12/site-packages/airflow/example_dags/tutorial.py
[2024-12-24T22:39:07.040+0000] {logging_mixin.py:190} INFO - [2024-12-24T22:39:07.040+0000] {dag.py:3239} INFO - Sync 1 DAGs
[2024-12-24T22:39:07.059+0000] {logging_mixin.py:190} INFO - [2024-12-24T22:39:07.059+0000] {dag.py:4180} INFO - Setting next_dagrun for tutorial to 2024-12-23 00:00:00+00:00, run_after=2024-12-24 00:00:00+00:00
[2024-12-24T22:39:07.076+0000] {processor.py:208} INFO - Processing /home/airflow/.local/lib/python3.12/site-packages/airflow/example_dags/tutorial.py took 0.070 seconds
[2024-12-24T22:44:30.680+0000] {processor.py:186} INFO - Started process (PID=84) to work on /home/airflow/.local/lib/python3.12/site-packages/airflow/example_dags/tutorial.py
[2024-12-24T22:44:30.684+0000] {processor.py:914} INFO - Processing file /home/airflow/.local/lib/python3.12/site-packages/airflow/example_dags/tutorial.py for tasks to queue
[2024-12-24T22:44:30.686+0000] {logging_mixin.py:190} INFO - [2024-12-24T22:44:30.686+0000] {dagbag.py:588} INFO - Filling up the DagBag from /home/airflow/.local/lib/python3.12/site-packages/airflow/example_dags/tutorial.py
[2024-12-24T22:44:30.699+0000] {processor.py:925} INFO - DAG(s) 'tutorial' retrieved from /home/airflow/.local/lib/python3.12/site-packages/airflow/example_dags/tutorial.py
[2024-12-24T22:44:30.723+0000] {logging_mixin.py:190} INFO - [2024-12-24T22:44:30.723+0000] {dag.py:3239} INFO - Sync 1 DAGs
[2024-12-24T22:44:30.744+0000] {logging_mixin.py:190} INFO - [2024-12-24T22:44:30.743+0000] {dag.py:4180} INFO - Setting next_dagrun for tutorial to 2024-12-23 00:00:00+00:00, run_after=2024-12-24 00:00:00+00:00
[2024-12-24T22:44:30.764+0000] {processor.py:208} INFO - Processing /home/airflow/.local/lib/python3.12/site-packages/airflow/example_dags/tutorial.py took 0.088 seconds
[2024-12-24T22:45:01.724+0000] {processor.py:186} INFO - Started process (PID=148) to work on /home/airflow/.local/lib/python3.12/site-packages/airflow/example_dags/tutorial.py
[2024-12-24T22:45:01.728+0000] {processor.py:914} INFO - Processing file /home/airflow/.local/lib/python3.12/site-packages/airflow/example_dags/tutorial.py for tasks to queue
[2024-12-24T22:45:01.732+0000] {logging_mixin.py:190} INFO - [2024-12-24T22:45:01.731+0000] {dagbag.py:588} INFO - Filling up the DagBag from /home/airflow/.local/lib/python3.12/site-packages/airflow/example_dags/tutorial.py
[2024-12-24T22:45:01.740+0000] {processor.py:925} INFO - DAG(s) 'tutorial' retrieved from /home/airflow/.local/lib/python3.12/site-packages/airflow/example_dags/tutorial.py
[2024-12-24T22:45:01.760+0000] {logging_mixin.py:190} INFO - [2024-12-24T22:45:01.759+0000] {dag.py:3239} INFO - Sync 1 DAGs
[2024-12-24T22:45:01.780+0000] {logging_mixin.py:190} INFO - [2024-12-24T22:45:01.780+0000] {dag.py:4180} INFO - Setting next_dagrun for tutorial to 2024-12-23 00:00:00+00:00, run_after=2024-12-24 00:00:00+00:00
[2024-12-24T22:45:01.800+0000] {processor.py:208} INFO - Processing /home/airflow/.local/lib/python3.12/site-packages/airflow/example_dags/tutorial.py took 0.082 seconds
[2024-12-24T22:45:33.207+0000] {processor.py:186} INFO - Started process (PID=206) to work on /home/airflow/.local/lib/python3.12/site-packages/airflow/example_dags/tutorial.py
[2024-12-24T22:45:33.209+0000] {processor.py:914} INFO - Processing file /home/airflow/.local/lib/python3.12/site-packages/airflow/example_dags/tutorial.py for tasks to queue
[2024-12-24T22:45:33.213+0000] {logging_mixin.py:190} INFO - [2024-12-24T22:45:33.213+0000] {dagbag.py:588} INFO - Filling up the DagBag from /home/airflow/.local/lib/python3.12/site-packages/airflow/example_dags/tutorial.py
[2024-12-24T22:45:33.222+0000] {processor.py:925} INFO - DAG(s) 'tutorial' retrieved from /home/airflow/.local/lib/python3.12/site-packages/airflow/example_dags/tutorial.py
[2024-12-24T22:45:33.240+0000] {logging_mixin.py:190} INFO - [2024-12-24T22:45:33.240+0000] {dag.py:3239} INFO - Sync 1 DAGs
[2024-12-24T22:45:33.257+0000] {logging_mixin.py:190} INFO - [2024-12-24T22:45:33.257+0000] {dag.py:4180} INFO - Setting next_dagrun for tutorial to 2024-12-23 00:00:00+00:00, run_after=2024-12-24 00:00:00+00:00
[2024-12-24T22:45:33.274+0000] {processor.py:208} INFO - Processing /home/airflow/.local/lib/python3.12/site-packages/airflow/example_dags/tutorial.py took 0.073 seconds
[2024-12-24T22:46:03.812+0000] {processor.py:186} INFO - Started process (PID=270) to work on /home/airflow/.local/lib/python3.12/site-packages/airflow/example_dags/tutorial.py
[2024-12-24T22:46:03.814+0000] {processor.py:914} INFO - Processing file /home/airflow/.local/lib/python3.12/site-packages/airflow/example_dags/tutorial.py for tasks to queue
[2024-12-24T22:46:03.817+0000] {logging_mixin.py:190} INFO - [2024-12-24T22:46:03.816+0000] {dagbag.py:588} INFO - Filling up the DagBag from /home/airflow/.local/lib/python3.12/site-packages/airflow/example_dags/tutorial.py
[2024-12-24T22:46:03.825+0000] {processor.py:925} INFO - DAG(s) 'tutorial' retrieved from /home/airflow/.local/lib/python3.12/site-packages/airflow/example_dags/tutorial.py
[2024-12-24T22:46:03.855+0000] {logging_mixin.py:190} INFO - [2024-12-24T22:46:03.855+0000] {dag.py:3239} INFO - Sync 1 DAGs
[2024-12-24T22:46:03.876+0000] {logging_mixin.py:190} INFO - [2024-12-24T22:46:03.876+0000] {dag.py:4180} INFO - Setting next_dagrun for tutorial to 2024-12-23 00:00:00+00:00, run_after=2024-12-24 00:00:00+00:00
[2024-12-24T22:46:03.905+0000] {processor.py:208} INFO - Processing /home/airflow/.local/lib/python3.12/site-packages/airflow/example_dags/tutorial.py took 0.098 seconds
[2024-12-24T22:46:35.494+0000] {processor.py:186} INFO - Started process (PID=334) to work on /home/airflow/.local/lib/python3.12/site-packages/airflow/example_dags/tutorial.py
[2024-12-24T22:46:35.497+0000] {processor.py:914} INFO - Processing file /home/airflow/.local/lib/python3.12/site-packages/airflow/example_dags/tutorial.py for tasks to queue
[2024-12-24T22:46:35.501+0000] {logging_mixin.py:190} INFO - [2024-12-24T22:46:35.501+0000] {dagbag.py:588} INFO - Filling up the DagBag from /home/airflow/.local/lib/python3.12/site-packages/airflow/example_dags/tutorial.py
[2024-12-24T22:46:35.510+0000] {processor.py:925} INFO - DAG(s) 'tutorial' retrieved from /home/airflow/.local/lib/python3.12/site-packages/airflow/example_dags/tutorial.py
[2024-12-24T22:46:35.533+0000] {logging_mixin.py:190} INFO - [2024-12-24T22:46:35.532+0000] {dag.py:3239} INFO - Sync 1 DAGs
[2024-12-24T22:46:35.553+0000] {logging_mixin.py:190} INFO - [2024-12-24T22:46:35.553+0000] {dag.py:4180} INFO - Setting next_dagrun for tutorial to 2024-12-23 00:00:00+00:00, run_after=2024-12-24 00:00:00+00:00
[2024-12-24T22:46:35.574+0000] {processor.py:208} INFO - Processing /home/airflow/.local/lib/python3.12/site-packages/airflow/example_dags/tutorial.py took 0.088 seconds
[2024-12-24T22:47:07.329+0000] {processor.py:186} INFO - Started process (PID=398) to work on /home/airflow/.local/lib/python3.12/site-packages/airflow/example_dags/tutorial.py
[2024-12-24T22:47:07.332+0000] {processor.py:914} INFO - Processing file /home/airflow/.local/lib/python3.12/site-packages/airflow/example_dags/tutorial.py for tasks to queue
[2024-12-24T22:47:07.336+0000] {logging_mixin.py:190} INFO - [2024-12-24T22:47:07.336+0000] {dagbag.py:588} INFO - Filling up the DagBag from /home/airflow/.local/lib/python3.12/site-packages/airflow/example_dags/tutorial.py
[2024-12-24T22:47:07.345+0000] {processor.py:925} INFO - DAG(s) 'tutorial' retrieved from /home/airflow/.local/lib/python3.12/site-packages/airflow/example_dags/tutorial.py
[2024-12-24T22:47:07.374+0000] {logging_mixin.py:190} INFO - [2024-12-24T22:47:07.373+0000] {dag.py:3239} INFO - Sync 1 DAGs
[2024-12-24T22:47:07.396+0000] {logging_mixin.py:190} INFO - [2024-12-24T22:47:07.396+0000] {dag.py:4180} INFO - Setting next_dagrun for tutorial to 2024-12-23 00:00:00+00:00, run_after=2024-12-24 00:00:00+00:00
[2024-12-24T22:47:07.421+0000] {processor.py:208} INFO - Processing /home/airflow/.local/lib/python3.12/site-packages/airflow/example_dags/tutorial.py took 0.096 seconds
[2024-12-24T22:47:40.632+0000] {processor.py:186} INFO - Started process (PID=462) to work on /home/airflow/.local/lib/python3.12/site-packages/airflow/example_dags/tutorial.py
[2024-12-24T22:47:40.636+0000] {processor.py:914} INFO - Processing file /home/airflow/.local/lib/python3.12/site-packages/airflow/example_dags/tutorial.py for tasks to queue
[2024-12-24T22:47:40.644+0000] {logging_mixin.py:190} INFO - [2024-12-24T22:47:40.644+0000] {dagbag.py:588} INFO - Filling up the DagBag from /home/airflow/.local/lib/python3.12/site-packages/airflow/example_dags/tutorial.py
[2024-12-24T22:47:40.668+0000] {processor.py:925} INFO - DAG(s) 'tutorial' retrieved from /home/airflow/.local/lib/python3.12/site-packages/airflow/example_dags/tutorial.py
[2024-12-24T22:47:40.693+0000] {logging_mixin.py:190} INFO - [2024-12-24T22:47:40.693+0000] {dag.py:3239} INFO - Sync 1 DAGs
[2024-12-24T22:47:40.749+0000] {logging_mixin.py:190} INFO - [2024-12-24T22:47:40.749+0000] {dag.py:4180} INFO - Setting next_dagrun for tutorial to 2024-12-23 00:00:00+00:00, run_after=2024-12-24 00:00:00+00:00
[2024-12-24T22:47:40.795+0000] {processor.py:208} INFO - Processing /home/airflow/.local/lib/python3.12/site-packages/airflow/example_dags/tutorial.py took 0.170 seconds
