[2024-12-24T19:12:40.189+0000] {processor.py:186} INFO - Started process (PID=108) to work on /home/airflow/.local/lib/python3.12/site-packages/airflow/example_dags/tutorial_dag.py
[2024-12-24T19:12:40.196+0000] {processor.py:914} INFO - Processing file /home/airflow/.local/lib/python3.12/site-packages/airflow/example_dags/tutorial_dag.py for tasks to queue
[2024-12-24T19:12:40.201+0000] {logging_mixin.py:190} INFO - [2024-12-24T19:12:40.200+0000] {dagbag.py:588} INFO - Filling up the DagBag from /home/airflow/.local/lib/python3.12/site-packages/airflow/example_dags/tutorial_dag.py
[2024-12-24T19:12:40.218+0000] {processor.py:925} INFO - DAG(s) 'tutorial_dag' retrieved from /home/airflow/.local/lib/python3.12/site-packages/airflow/example_dags/tutorial_dag.py
[2024-12-24T19:12:40.306+0000] {logging_mixin.py:190} INFO - [2024-12-24T19:12:40.306+0000] {override.py:1911} INFO - Created Permission View: can read on DAG:tutorial_dag
[2024-12-24T19:12:40.326+0000] {logging_mixin.py:190} INFO - [2024-12-24T19:12:40.326+0000] {override.py:1911} INFO - Created Permission View: can delete on DAG:tutorial_dag
[2024-12-24T19:12:40.344+0000] {logging_mixin.py:190} INFO - [2024-12-24T19:12:40.344+0000] {override.py:1911} INFO - Created Permission View: can edit on DAG:tutorial_dag
[2024-12-24T19:12:40.356+0000] {logging_mixin.py:190} INFO - [2024-12-24T19:12:40.356+0000] {override.py:1911} INFO - Created Permission View: can read on DAG Run:tutorial_dag
[2024-12-24T19:12:40.363+0000] {logging_mixin.py:190} INFO - [2024-12-24T19:12:40.363+0000] {override.py:1911} INFO - Created Permission View: can delete on DAG Run:tutorial_dag
[2024-12-24T19:12:40.372+0000] {logging_mixin.py:190} INFO - [2024-12-24T19:12:40.372+0000] {override.py:1911} INFO - Created Permission View: menu access on DAG Run:tutorial_dag
[2024-12-24T19:12:40.378+0000] {logging_mixin.py:190} INFO - [2024-12-24T19:12:40.378+0000] {override.py:1911} INFO - Created Permission View: can create on DAG Run:tutorial_dag
[2024-12-24T19:12:40.379+0000] {logging_mixin.py:190} INFO - [2024-12-24T19:12:40.379+0000] {dag.py:3239} INFO - Sync 1 DAGs
[2024-12-24T19:12:40.389+0000] {logging_mixin.py:190} INFO - [2024-12-24T19:12:40.389+0000] {dag.py:3262} INFO - Creating ORM DAG for tutorial_dag
[2024-12-24T19:12:40.390+0000] {logging_mixin.py:190} INFO - [2024-12-24T19:12:40.390+0000] {dag.py:4180} INFO - Setting next_dagrun for tutorial_dag to None, run_after=None
[2024-12-24T19:12:40.406+0000] {processor.py:208} INFO - Processing /home/airflow/.local/lib/python3.12/site-packages/airflow/example_dags/tutorial_dag.py took 0.221 seconds
[2024-12-24T19:13:10.812+0000] {processor.py:186} INFO - Started process (PID=171) to work on /home/airflow/.local/lib/python3.12/site-packages/airflow/example_dags/tutorial_dag.py
[2024-12-24T19:13:10.815+0000] {processor.py:914} INFO - Processing file /home/airflow/.local/lib/python3.12/site-packages/airflow/example_dags/tutorial_dag.py for tasks to queue
[2024-12-24T19:13:10.817+0000] {logging_mixin.py:190} INFO - [2024-12-24T19:13:10.816+0000] {dagbag.py:588} INFO - Filling up the DagBag from /home/airflow/.local/lib/python3.12/site-packages/airflow/example_dags/tutorial_dag.py
[2024-12-24T19:13:10.821+0000] {processor.py:925} INFO - DAG(s) 'tutorial_dag' retrieved from /home/airflow/.local/lib/python3.12/site-packages/airflow/example_dags/tutorial_dag.py
[2024-12-24T19:13:10.838+0000] {logging_mixin.py:190} INFO - [2024-12-24T19:13:10.838+0000] {dag.py:3239} INFO - Sync 1 DAGs
[2024-12-24T19:13:10.849+0000] {logging_mixin.py:190} INFO - [2024-12-24T19:13:10.849+0000] {dag.py:4180} INFO - Setting next_dagrun for tutorial_dag to None, run_after=None
[2024-12-24T19:13:10.859+0000] {processor.py:208} INFO - Processing /home/airflow/.local/lib/python3.12/site-packages/airflow/example_dags/tutorial_dag.py took 0.050 seconds
[2024-12-24T19:13:41.066+0000] {processor.py:186} INFO - Started process (PID=234) to work on /home/airflow/.local/lib/python3.12/site-packages/airflow/example_dags/tutorial_dag.py
[2024-12-24T19:13:41.067+0000] {processor.py:914} INFO - Processing file /home/airflow/.local/lib/python3.12/site-packages/airflow/example_dags/tutorial_dag.py for tasks to queue
[2024-12-24T19:13:41.069+0000] {logging_mixin.py:190} INFO - [2024-12-24T19:13:41.069+0000] {dagbag.py:588} INFO - Filling up the DagBag from /home/airflow/.local/lib/python3.12/site-packages/airflow/example_dags/tutorial_dag.py
[2024-12-24T19:13:41.074+0000] {processor.py:925} INFO - DAG(s) 'tutorial_dag' retrieved from /home/airflow/.local/lib/python3.12/site-packages/airflow/example_dags/tutorial_dag.py
[2024-12-24T19:13:41.086+0000] {logging_mixin.py:190} INFO - [2024-12-24T19:13:41.086+0000] {dag.py:3239} INFO - Sync 1 DAGs
[2024-12-24T19:13:41.096+0000] {logging_mixin.py:190} INFO - [2024-12-24T19:13:41.096+0000] {dag.py:4180} INFO - Setting next_dagrun for tutorial_dag to None, run_after=None
[2024-12-24T19:13:41.110+0000] {processor.py:208} INFO - Processing /home/airflow/.local/lib/python3.12/site-packages/airflow/example_dags/tutorial_dag.py took 0.049 seconds
[2024-12-24T19:14:11.195+0000] {processor.py:186} INFO - Started process (PID=297) to work on /home/airflow/.local/lib/python3.12/site-packages/airflow/example_dags/tutorial_dag.py
[2024-12-24T19:14:11.197+0000] {processor.py:914} INFO - Processing file /home/airflow/.local/lib/python3.12/site-packages/airflow/example_dags/tutorial_dag.py for tasks to queue
[2024-12-24T19:14:11.199+0000] {logging_mixin.py:190} INFO - [2024-12-24T19:14:11.199+0000] {dagbag.py:588} INFO - Filling up the DagBag from /home/airflow/.local/lib/python3.12/site-packages/airflow/example_dags/tutorial_dag.py
[2024-12-24T19:14:11.203+0000] {processor.py:925} INFO - DAG(s) 'tutorial_dag' retrieved from /home/airflow/.local/lib/python3.12/site-packages/airflow/example_dags/tutorial_dag.py
[2024-12-24T19:14:11.215+0000] {logging_mixin.py:190} INFO - [2024-12-24T19:14:11.215+0000] {dag.py:3239} INFO - Sync 1 DAGs
[2024-12-24T19:14:11.228+0000] {logging_mixin.py:190} INFO - [2024-12-24T19:14:11.227+0000] {dag.py:4180} INFO - Setting next_dagrun for tutorial_dag to None, run_after=None
[2024-12-24T19:14:11.239+0000] {processor.py:208} INFO - Processing /home/airflow/.local/lib/python3.12/site-packages/airflow/example_dags/tutorial_dag.py took 0.047 seconds
[2024-12-24T19:14:41.544+0000] {processor.py:186} INFO - Started process (PID=360) to work on /home/airflow/.local/lib/python3.12/site-packages/airflow/example_dags/tutorial_dag.py
[2024-12-24T19:14:41.545+0000] {processor.py:914} INFO - Processing file /home/airflow/.local/lib/python3.12/site-packages/airflow/example_dags/tutorial_dag.py for tasks to queue
[2024-12-24T19:14:41.547+0000] {logging_mixin.py:190} INFO - [2024-12-24T19:14:41.547+0000] {dagbag.py:588} INFO - Filling up the DagBag from /home/airflow/.local/lib/python3.12/site-packages/airflow/example_dags/tutorial_dag.py
[2024-12-24T19:14:41.552+0000] {processor.py:925} INFO - DAG(s) 'tutorial_dag' retrieved from /home/airflow/.local/lib/python3.12/site-packages/airflow/example_dags/tutorial_dag.py
[2024-12-24T19:14:41.564+0000] {logging_mixin.py:190} INFO - [2024-12-24T19:14:41.564+0000] {dag.py:3239} INFO - Sync 1 DAGs
[2024-12-24T19:14:41.572+0000] {logging_mixin.py:190} INFO - [2024-12-24T19:14:41.572+0000] {dag.py:4180} INFO - Setting next_dagrun for tutorial_dag to None, run_after=None
[2024-12-24T19:14:41.585+0000] {processor.py:208} INFO - Processing /home/airflow/.local/lib/python3.12/site-packages/airflow/example_dags/tutorial_dag.py took 0.045 seconds
[2024-12-24T19:15:12.382+0000] {processor.py:186} INFO - Started process (PID=417) to work on /home/airflow/.local/lib/python3.12/site-packages/airflow/example_dags/tutorial_dag.py
[2024-12-24T19:15:12.384+0000] {processor.py:914} INFO - Processing file /home/airflow/.local/lib/python3.12/site-packages/airflow/example_dags/tutorial_dag.py for tasks to queue
[2024-12-24T19:15:12.393+0000] {logging_mixin.py:190} INFO - [2024-12-24T19:15:12.392+0000] {dagbag.py:588} INFO - Filling up the DagBag from /home/airflow/.local/lib/python3.12/site-packages/airflow/example_dags/tutorial_dag.py
[2024-12-24T19:15:12.398+0000] {processor.py:925} INFO - DAG(s) 'tutorial_dag' retrieved from /home/airflow/.local/lib/python3.12/site-packages/airflow/example_dags/tutorial_dag.py
[2024-12-24T19:15:12.410+0000] {logging_mixin.py:190} INFO - [2024-12-24T19:15:12.410+0000] {dag.py:3239} INFO - Sync 1 DAGs
[2024-12-24T19:15:12.418+0000] {logging_mixin.py:190} INFO - [2024-12-24T19:15:12.417+0000] {dag.py:4180} INFO - Setting next_dagrun for tutorial_dag to None, run_after=None
[2024-12-24T19:15:12.429+0000] {processor.py:208} INFO - Processing /home/airflow/.local/lib/python3.12/site-packages/airflow/example_dags/tutorial_dag.py took 0.050 seconds
[2024-12-24T19:15:44.061+0000] {processor.py:186} INFO - Started process (PID=480) to work on /home/airflow/.local/lib/python3.12/site-packages/airflow/example_dags/tutorial_dag.py
[2024-12-24T19:15:44.063+0000] {processor.py:914} INFO - Processing file /home/airflow/.local/lib/python3.12/site-packages/airflow/example_dags/tutorial_dag.py for tasks to queue
[2024-12-24T19:15:44.065+0000] {logging_mixin.py:190} INFO - [2024-12-24T19:15:44.065+0000] {dagbag.py:588} INFO - Filling up the DagBag from /home/airflow/.local/lib/python3.12/site-packages/airflow/example_dags/tutorial_dag.py
[2024-12-24T19:15:44.070+0000] {processor.py:925} INFO - DAG(s) 'tutorial_dag' retrieved from /home/airflow/.local/lib/python3.12/site-packages/airflow/example_dags/tutorial_dag.py
[2024-12-24T19:15:44.083+0000] {logging_mixin.py:190} INFO - [2024-12-24T19:15:44.083+0000] {dag.py:3239} INFO - Sync 1 DAGs
[2024-12-24T19:15:44.092+0000] {logging_mixin.py:190} INFO - [2024-12-24T19:15:44.091+0000] {dag.py:4180} INFO - Setting next_dagrun for tutorial_dag to None, run_after=None
[2024-12-24T19:15:44.104+0000] {processor.py:208} INFO - Processing /home/airflow/.local/lib/python3.12/site-packages/airflow/example_dags/tutorial_dag.py took 0.046 seconds
[2024-12-24T19:16:17.318+0000] {processor.py:186} INFO - Started process (PID=543) to work on /home/airflow/.local/lib/python3.12/site-packages/airflow/example_dags/tutorial_dag.py
[2024-12-24T19:16:17.320+0000] {processor.py:914} INFO - Processing file /home/airflow/.local/lib/python3.12/site-packages/airflow/example_dags/tutorial_dag.py for tasks to queue
[2024-12-24T19:16:17.322+0000] {logging_mixin.py:190} INFO - [2024-12-24T19:16:17.321+0000] {dagbag.py:588} INFO - Filling up the DagBag from /home/airflow/.local/lib/python3.12/site-packages/airflow/example_dags/tutorial_dag.py
[2024-12-24T19:16:17.326+0000] {processor.py:925} INFO - DAG(s) 'tutorial_dag' retrieved from /home/airflow/.local/lib/python3.12/site-packages/airflow/example_dags/tutorial_dag.py
[2024-12-24T19:16:17.339+0000] {logging_mixin.py:190} INFO - [2024-12-24T19:16:17.339+0000] {dag.py:3239} INFO - Sync 1 DAGs
[2024-12-24T19:16:17.348+0000] {logging_mixin.py:190} INFO - [2024-12-24T19:16:17.348+0000] {dag.py:4180} INFO - Setting next_dagrun for tutorial_dag to None, run_after=None
[2024-12-24T19:16:17.359+0000] {processor.py:208} INFO - Processing /home/airflow/.local/lib/python3.12/site-packages/airflow/example_dags/tutorial_dag.py took 0.045 seconds
[2024-12-24T19:16:47.658+0000] {processor.py:186} INFO - Started process (PID=606) to work on /home/airflow/.local/lib/python3.12/site-packages/airflow/example_dags/tutorial_dag.py
[2024-12-24T19:16:47.660+0000] {processor.py:914} INFO - Processing file /home/airflow/.local/lib/python3.12/site-packages/airflow/example_dags/tutorial_dag.py for tasks to queue
[2024-12-24T19:16:47.661+0000] {logging_mixin.py:190} INFO - [2024-12-24T19:16:47.661+0000] {dagbag.py:588} INFO - Filling up the DagBag from /home/airflow/.local/lib/python3.12/site-packages/airflow/example_dags/tutorial_dag.py
[2024-12-24T19:16:47.667+0000] {processor.py:925} INFO - DAG(s) 'tutorial_dag' retrieved from /home/airflow/.local/lib/python3.12/site-packages/airflow/example_dags/tutorial_dag.py
[2024-12-24T19:16:47.678+0000] {logging_mixin.py:190} INFO - [2024-12-24T19:16:47.678+0000] {dag.py:3239} INFO - Sync 1 DAGs
[2024-12-24T19:16:47.687+0000] {logging_mixin.py:190} INFO - [2024-12-24T19:16:47.687+0000] {dag.py:4180} INFO - Setting next_dagrun for tutorial_dag to None, run_after=None
[2024-12-24T19:16:47.699+0000] {processor.py:208} INFO - Processing /home/airflow/.local/lib/python3.12/site-packages/airflow/example_dags/tutorial_dag.py took 0.044 seconds
[2024-12-24T19:17:19.617+0000] {processor.py:186} INFO - Started process (PID=669) to work on /home/airflow/.local/lib/python3.12/site-packages/airflow/example_dags/tutorial_dag.py
[2024-12-24T19:17:19.619+0000] {processor.py:914} INFO - Processing file /home/airflow/.local/lib/python3.12/site-packages/airflow/example_dags/tutorial_dag.py for tasks to queue
[2024-12-24T19:17:19.621+0000] {logging_mixin.py:190} INFO - [2024-12-24T19:17:19.621+0000] {dagbag.py:588} INFO - Filling up the DagBag from /home/airflow/.local/lib/python3.12/site-packages/airflow/example_dags/tutorial_dag.py
[2024-12-24T19:17:19.627+0000] {processor.py:925} INFO - DAG(s) 'tutorial_dag' retrieved from /home/airflow/.local/lib/python3.12/site-packages/airflow/example_dags/tutorial_dag.py
[2024-12-24T19:17:19.676+0000] {logging_mixin.py:190} INFO - [2024-12-24T19:17:19.676+0000] {dag.py:3239} INFO - Sync 1 DAGs
[2024-12-24T19:17:19.689+0000] {logging_mixin.py:190} INFO - [2024-12-24T19:17:19.688+0000] {dag.py:4180} INFO - Setting next_dagrun for tutorial_dag to None, run_after=None
[2024-12-24T19:17:19.702+0000] {processor.py:208} INFO - Processing /home/airflow/.local/lib/python3.12/site-packages/airflow/example_dags/tutorial_dag.py took 0.089 seconds
[2024-12-24T19:17:50.016+0000] {processor.py:186} INFO - Started process (PID=732) to work on /home/airflow/.local/lib/python3.12/site-packages/airflow/example_dags/tutorial_dag.py
[2024-12-24T19:17:50.017+0000] {processor.py:914} INFO - Processing file /home/airflow/.local/lib/python3.12/site-packages/airflow/example_dags/tutorial_dag.py for tasks to queue
[2024-12-24T19:17:50.019+0000] {logging_mixin.py:190} INFO - [2024-12-24T19:17:50.019+0000] {dagbag.py:588} INFO - Filling up the DagBag from /home/airflow/.local/lib/python3.12/site-packages/airflow/example_dags/tutorial_dag.py
[2024-12-24T19:17:50.025+0000] {processor.py:925} INFO - DAG(s) 'tutorial_dag' retrieved from /home/airflow/.local/lib/python3.12/site-packages/airflow/example_dags/tutorial_dag.py
[2024-12-24T19:17:50.038+0000] {logging_mixin.py:190} INFO - [2024-12-24T19:17:50.038+0000] {dag.py:3239} INFO - Sync 1 DAGs
[2024-12-24T19:17:50.046+0000] {logging_mixin.py:190} INFO - [2024-12-24T19:17:50.046+0000] {dag.py:4180} INFO - Setting next_dagrun for tutorial_dag to None, run_after=None
[2024-12-24T19:17:50.058+0000] {processor.py:208} INFO - Processing /home/airflow/.local/lib/python3.12/site-packages/airflow/example_dags/tutorial_dag.py took 0.045 seconds
[2024-12-24T19:18:20.529+0000] {processor.py:186} INFO - Started process (PID=795) to work on /home/airflow/.local/lib/python3.12/site-packages/airflow/example_dags/tutorial_dag.py
[2024-12-24T19:18:20.531+0000] {processor.py:914} INFO - Processing file /home/airflow/.local/lib/python3.12/site-packages/airflow/example_dags/tutorial_dag.py for tasks to queue
[2024-12-24T19:18:20.532+0000] {logging_mixin.py:190} INFO - [2024-12-24T19:18:20.532+0000] {dagbag.py:588} INFO - Filling up the DagBag from /home/airflow/.local/lib/python3.12/site-packages/airflow/example_dags/tutorial_dag.py
[2024-12-24T19:18:20.537+0000] {processor.py:925} INFO - DAG(s) 'tutorial_dag' retrieved from /home/airflow/.local/lib/python3.12/site-packages/airflow/example_dags/tutorial_dag.py
[2024-12-24T19:18:20.549+0000] {logging_mixin.py:190} INFO - [2024-12-24T19:18:20.548+0000] {dag.py:3239} INFO - Sync 1 DAGs
[2024-12-24T19:18:20.556+0000] {logging_mixin.py:190} INFO - [2024-12-24T19:18:20.556+0000] {dag.py:4180} INFO - Setting next_dagrun for tutorial_dag to None, run_after=None
[2024-12-24T19:18:20.566+0000] {processor.py:208} INFO - Processing /home/airflow/.local/lib/python3.12/site-packages/airflow/example_dags/tutorial_dag.py took 0.040 seconds
[2024-12-24T19:18:51.201+0000] {processor.py:186} INFO - Started process (PID=858) to work on /home/airflow/.local/lib/python3.12/site-packages/airflow/example_dags/tutorial_dag.py
[2024-12-24T19:18:51.205+0000] {processor.py:914} INFO - Processing file /home/airflow/.local/lib/python3.12/site-packages/airflow/example_dags/tutorial_dag.py for tasks to queue
[2024-12-24T19:18:51.207+0000] {logging_mixin.py:190} INFO - [2024-12-24T19:18:51.207+0000] {dagbag.py:588} INFO - Filling up the DagBag from /home/airflow/.local/lib/python3.12/site-packages/airflow/example_dags/tutorial_dag.py
[2024-12-24T19:18:51.217+0000] {processor.py:925} INFO - DAG(s) 'tutorial_dag' retrieved from /home/airflow/.local/lib/python3.12/site-packages/airflow/example_dags/tutorial_dag.py
[2024-12-24T19:18:51.233+0000] {logging_mixin.py:190} INFO - [2024-12-24T19:18:51.233+0000] {dag.py:3239} INFO - Sync 1 DAGs
[2024-12-24T19:18:51.243+0000] {logging_mixin.py:190} INFO - [2024-12-24T19:18:51.243+0000] {dag.py:4180} INFO - Setting next_dagrun for tutorial_dag to None, run_after=None
[2024-12-24T19:18:51.256+0000] {processor.py:208} INFO - Processing /home/airflow/.local/lib/python3.12/site-packages/airflow/example_dags/tutorial_dag.py took 0.058 seconds
[2024-12-24T19:19:21.832+0000] {processor.py:186} INFO - Started process (PID=921) to work on /home/airflow/.local/lib/python3.12/site-packages/airflow/example_dags/tutorial_dag.py
[2024-12-24T19:19:21.833+0000] {processor.py:914} INFO - Processing file /home/airflow/.local/lib/python3.12/site-packages/airflow/example_dags/tutorial_dag.py for tasks to queue
[2024-12-24T19:19:21.835+0000] {logging_mixin.py:190} INFO - [2024-12-24T19:19:21.835+0000] {dagbag.py:588} INFO - Filling up the DagBag from /home/airflow/.local/lib/python3.12/site-packages/airflow/example_dags/tutorial_dag.py
[2024-12-24T19:19:21.840+0000] {processor.py:925} INFO - DAG(s) 'tutorial_dag' retrieved from /home/airflow/.local/lib/python3.12/site-packages/airflow/example_dags/tutorial_dag.py
[2024-12-24T19:19:21.850+0000] {logging_mixin.py:190} INFO - [2024-12-24T19:19:21.850+0000] {dag.py:3239} INFO - Sync 1 DAGs
[2024-12-24T19:19:21.858+0000] {logging_mixin.py:190} INFO - [2024-12-24T19:19:21.857+0000] {dag.py:4180} INFO - Setting next_dagrun for tutorial_dag to None, run_after=None
[2024-12-24T19:19:21.869+0000] {processor.py:208} INFO - Processing /home/airflow/.local/lib/python3.12/site-packages/airflow/example_dags/tutorial_dag.py took 0.041 seconds
[2024-12-24T19:19:52.439+0000] {processor.py:186} INFO - Started process (PID=984) to work on /home/airflow/.local/lib/python3.12/site-packages/airflow/example_dags/tutorial_dag.py
[2024-12-24T19:19:52.441+0000] {processor.py:914} INFO - Processing file /home/airflow/.local/lib/python3.12/site-packages/airflow/example_dags/tutorial_dag.py for tasks to queue
[2024-12-24T19:19:52.443+0000] {logging_mixin.py:190} INFO - [2024-12-24T19:19:52.443+0000] {dagbag.py:588} INFO - Filling up the DagBag from /home/airflow/.local/lib/python3.12/site-packages/airflow/example_dags/tutorial_dag.py
[2024-12-24T19:19:52.448+0000] {processor.py:925} INFO - DAG(s) 'tutorial_dag' retrieved from /home/airflow/.local/lib/python3.12/site-packages/airflow/example_dags/tutorial_dag.py
[2024-12-24T19:19:52.459+0000] {logging_mixin.py:190} INFO - [2024-12-24T19:19:52.459+0000] {dag.py:3239} INFO - Sync 1 DAGs
[2024-12-24T19:19:52.467+0000] {logging_mixin.py:190} INFO - [2024-12-24T19:19:52.467+0000] {dag.py:4180} INFO - Setting next_dagrun for tutorial_dag to None, run_after=None
[2024-12-24T19:19:52.477+0000] {processor.py:208} INFO - Processing /home/airflow/.local/lib/python3.12/site-packages/airflow/example_dags/tutorial_dag.py took 0.042 seconds
[2024-12-24T19:20:23.252+0000] {processor.py:186} INFO - Started process (PID=1046) to work on /home/airflow/.local/lib/python3.12/site-packages/airflow/example_dags/tutorial_dag.py
[2024-12-24T19:20:23.253+0000] {processor.py:914} INFO - Processing file /home/airflow/.local/lib/python3.12/site-packages/airflow/example_dags/tutorial_dag.py for tasks to queue
[2024-12-24T19:20:23.255+0000] {logging_mixin.py:190} INFO - [2024-12-24T19:20:23.255+0000] {dagbag.py:588} INFO - Filling up the DagBag from /home/airflow/.local/lib/python3.12/site-packages/airflow/example_dags/tutorial_dag.py
[2024-12-24T19:20:23.261+0000] {processor.py:925} INFO - DAG(s) 'tutorial_dag' retrieved from /home/airflow/.local/lib/python3.12/site-packages/airflow/example_dags/tutorial_dag.py
[2024-12-24T19:20:23.275+0000] {logging_mixin.py:190} INFO - [2024-12-24T19:20:23.274+0000] {dag.py:3239} INFO - Sync 1 DAGs
[2024-12-24T19:20:23.284+0000] {logging_mixin.py:190} INFO - [2024-12-24T19:20:23.284+0000] {dag.py:4180} INFO - Setting next_dagrun for tutorial_dag to None, run_after=None
[2024-12-24T19:20:23.300+0000] {processor.py:208} INFO - Processing /home/airflow/.local/lib/python3.12/site-packages/airflow/example_dags/tutorial_dag.py took 0.052 seconds
[2024-12-24T19:20:54.041+0000] {processor.py:186} INFO - Started process (PID=1109) to work on /home/airflow/.local/lib/python3.12/site-packages/airflow/example_dags/tutorial_dag.py
[2024-12-24T19:20:54.042+0000] {processor.py:914} INFO - Processing file /home/airflow/.local/lib/python3.12/site-packages/airflow/example_dags/tutorial_dag.py for tasks to queue
[2024-12-24T19:20:54.045+0000] {logging_mixin.py:190} INFO - [2024-12-24T19:20:54.044+0000] {dagbag.py:588} INFO - Filling up the DagBag from /home/airflow/.local/lib/python3.12/site-packages/airflow/example_dags/tutorial_dag.py
[2024-12-24T19:20:54.049+0000] {processor.py:925} INFO - DAG(s) 'tutorial_dag' retrieved from /home/airflow/.local/lib/python3.12/site-packages/airflow/example_dags/tutorial_dag.py
[2024-12-24T19:20:54.062+0000] {logging_mixin.py:190} INFO - [2024-12-24T19:20:54.062+0000] {dag.py:3239} INFO - Sync 1 DAGs
[2024-12-24T19:20:54.072+0000] {logging_mixin.py:190} INFO - [2024-12-24T19:20:54.072+0000] {dag.py:4180} INFO - Setting next_dagrun for tutorial_dag to None, run_after=None
[2024-12-24T19:20:54.085+0000] {processor.py:208} INFO - Processing /home/airflow/.local/lib/python3.12/site-packages/airflow/example_dags/tutorial_dag.py took 0.048 seconds
[2024-12-24T19:21:24.436+0000] {processor.py:186} INFO - Started process (PID=1172) to work on /home/airflow/.local/lib/python3.12/site-packages/airflow/example_dags/tutorial_dag.py
[2024-12-24T19:21:24.438+0000] {processor.py:914} INFO - Processing file /home/airflow/.local/lib/python3.12/site-packages/airflow/example_dags/tutorial_dag.py for tasks to queue
[2024-12-24T19:21:24.440+0000] {logging_mixin.py:190} INFO - [2024-12-24T19:21:24.440+0000] {dagbag.py:588} INFO - Filling up the DagBag from /home/airflow/.local/lib/python3.12/site-packages/airflow/example_dags/tutorial_dag.py
[2024-12-24T19:21:24.445+0000] {processor.py:925} INFO - DAG(s) 'tutorial_dag' retrieved from /home/airflow/.local/lib/python3.12/site-packages/airflow/example_dags/tutorial_dag.py
[2024-12-24T19:21:24.456+0000] {logging_mixin.py:190} INFO - [2024-12-24T19:21:24.456+0000] {dag.py:3239} INFO - Sync 1 DAGs
[2024-12-24T19:21:24.465+0000] {logging_mixin.py:190} INFO - [2024-12-24T19:21:24.465+0000] {dag.py:4180} INFO - Setting next_dagrun for tutorial_dag to None, run_after=None
[2024-12-24T19:21:24.476+0000] {processor.py:208} INFO - Processing /home/airflow/.local/lib/python3.12/site-packages/airflow/example_dags/tutorial_dag.py took 0.043 seconds
[2024-12-24T19:21:55.209+0000] {processor.py:186} INFO - Started process (PID=1235) to work on /home/airflow/.local/lib/python3.12/site-packages/airflow/example_dags/tutorial_dag.py
[2024-12-24T19:21:55.211+0000] {processor.py:914} INFO - Processing file /home/airflow/.local/lib/python3.12/site-packages/airflow/example_dags/tutorial_dag.py for tasks to queue
[2024-12-24T19:21:55.213+0000] {logging_mixin.py:190} INFO - [2024-12-24T19:21:55.213+0000] {dagbag.py:588} INFO - Filling up the DagBag from /home/airflow/.local/lib/python3.12/site-packages/airflow/example_dags/tutorial_dag.py
[2024-12-24T19:21:55.217+0000] {processor.py:925} INFO - DAG(s) 'tutorial_dag' retrieved from /home/airflow/.local/lib/python3.12/site-packages/airflow/example_dags/tutorial_dag.py
[2024-12-24T19:21:55.227+0000] {logging_mixin.py:190} INFO - [2024-12-24T19:21:55.227+0000] {dag.py:3239} INFO - Sync 1 DAGs
[2024-12-24T19:21:55.234+0000] {logging_mixin.py:190} INFO - [2024-12-24T19:21:55.234+0000] {dag.py:4180} INFO - Setting next_dagrun for tutorial_dag to None, run_after=None
[2024-12-24T19:21:55.245+0000] {processor.py:208} INFO - Processing /home/airflow/.local/lib/python3.12/site-packages/airflow/example_dags/tutorial_dag.py took 0.038 seconds
[2024-12-24T19:22:25.909+0000] {processor.py:186} INFO - Started process (PID=1298) to work on /home/airflow/.local/lib/python3.12/site-packages/airflow/example_dags/tutorial_dag.py
[2024-12-24T19:22:25.910+0000] {processor.py:914} INFO - Processing file /home/airflow/.local/lib/python3.12/site-packages/airflow/example_dags/tutorial_dag.py for tasks to queue
[2024-12-24T19:22:25.912+0000] {logging_mixin.py:190} INFO - [2024-12-24T19:22:25.912+0000] {dagbag.py:588} INFO - Filling up the DagBag from /home/airflow/.local/lib/python3.12/site-packages/airflow/example_dags/tutorial_dag.py
[2024-12-24T19:22:25.919+0000] {processor.py:925} INFO - DAG(s) 'tutorial_dag' retrieved from /home/airflow/.local/lib/python3.12/site-packages/airflow/example_dags/tutorial_dag.py
[2024-12-24T19:22:25.934+0000] {logging_mixin.py:190} INFO - [2024-12-24T19:22:25.934+0000] {dag.py:3239} INFO - Sync 1 DAGs
[2024-12-24T19:22:25.944+0000] {logging_mixin.py:190} INFO - [2024-12-24T19:22:25.944+0000] {dag.py:4180} INFO - Setting next_dagrun for tutorial_dag to None, run_after=None
[2024-12-24T19:22:25.956+0000] {processor.py:208} INFO - Processing /home/airflow/.local/lib/python3.12/site-packages/airflow/example_dags/tutorial_dag.py took 0.052 seconds
[2024-12-24T19:22:56.308+0000] {processor.py:186} INFO - Started process (PID=1361) to work on /home/airflow/.local/lib/python3.12/site-packages/airflow/example_dags/tutorial_dag.py
[2024-12-24T19:22:56.310+0000] {processor.py:914} INFO - Processing file /home/airflow/.local/lib/python3.12/site-packages/airflow/example_dags/tutorial_dag.py for tasks to queue
[2024-12-24T19:22:56.311+0000] {logging_mixin.py:190} INFO - [2024-12-24T19:22:56.311+0000] {dagbag.py:588} INFO - Filling up the DagBag from /home/airflow/.local/lib/python3.12/site-packages/airflow/example_dags/tutorial_dag.py
[2024-12-24T19:22:56.316+0000] {processor.py:925} INFO - DAG(s) 'tutorial_dag' retrieved from /home/airflow/.local/lib/python3.12/site-packages/airflow/example_dags/tutorial_dag.py
[2024-12-24T19:22:56.327+0000] {logging_mixin.py:190} INFO - [2024-12-24T19:22:56.327+0000] {dag.py:3239} INFO - Sync 1 DAGs
[2024-12-24T19:22:56.335+0000] {logging_mixin.py:190} INFO - [2024-12-24T19:22:56.335+0000] {dag.py:4180} INFO - Setting next_dagrun for tutorial_dag to None, run_after=None
[2024-12-24T19:22:56.345+0000] {processor.py:208} INFO - Processing /home/airflow/.local/lib/python3.12/site-packages/airflow/example_dags/tutorial_dag.py took 0.040 seconds
[2024-12-24T19:23:26.821+0000] {processor.py:186} INFO - Started process (PID=1424) to work on /home/airflow/.local/lib/python3.12/site-packages/airflow/example_dags/tutorial_dag.py
[2024-12-24T19:23:26.823+0000] {processor.py:914} INFO - Processing file /home/airflow/.local/lib/python3.12/site-packages/airflow/example_dags/tutorial_dag.py for tasks to queue
[2024-12-24T19:23:26.825+0000] {logging_mixin.py:190} INFO - [2024-12-24T19:23:26.824+0000] {dagbag.py:588} INFO - Filling up the DagBag from /home/airflow/.local/lib/python3.12/site-packages/airflow/example_dags/tutorial_dag.py
[2024-12-24T19:23:26.829+0000] {processor.py:925} INFO - DAG(s) 'tutorial_dag' retrieved from /home/airflow/.local/lib/python3.12/site-packages/airflow/example_dags/tutorial_dag.py
[2024-12-24T19:23:26.847+0000] {logging_mixin.py:190} INFO - [2024-12-24T19:23:26.847+0000] {dag.py:3239} INFO - Sync 1 DAGs
[2024-12-24T19:23:26.858+0000] {logging_mixin.py:190} INFO - [2024-12-24T19:23:26.858+0000] {dag.py:4180} INFO - Setting next_dagrun for tutorial_dag to None, run_after=None
[2024-12-24T19:23:26.871+0000] {processor.py:208} INFO - Processing /home/airflow/.local/lib/python3.12/site-packages/airflow/example_dags/tutorial_dag.py took 0.053 seconds
[2024-12-24T19:23:57.729+0000] {processor.py:186} INFO - Started process (PID=1487) to work on /home/airflow/.local/lib/python3.12/site-packages/airflow/example_dags/tutorial_dag.py
[2024-12-24T19:23:57.731+0000] {processor.py:914} INFO - Processing file /home/airflow/.local/lib/python3.12/site-packages/airflow/example_dags/tutorial_dag.py for tasks to queue
[2024-12-24T19:23:57.733+0000] {logging_mixin.py:190} INFO - [2024-12-24T19:23:57.733+0000] {dagbag.py:588} INFO - Filling up the DagBag from /home/airflow/.local/lib/python3.12/site-packages/airflow/example_dags/tutorial_dag.py
[2024-12-24T19:23:57.738+0000] {processor.py:925} INFO - DAG(s) 'tutorial_dag' retrieved from /home/airflow/.local/lib/python3.12/site-packages/airflow/example_dags/tutorial_dag.py
[2024-12-24T19:23:57.752+0000] {logging_mixin.py:190} INFO - [2024-12-24T19:23:57.752+0000] {dag.py:3239} INFO - Sync 1 DAGs
[2024-12-24T19:23:57.760+0000] {logging_mixin.py:190} INFO - [2024-12-24T19:23:57.759+0000] {dag.py:4180} INFO - Setting next_dagrun for tutorial_dag to None, run_after=None
[2024-12-24T19:23:57.771+0000] {processor.py:208} INFO - Processing /home/airflow/.local/lib/python3.12/site-packages/airflow/example_dags/tutorial_dag.py took 0.046 seconds
[2024-12-24T19:24:28.296+0000] {processor.py:186} INFO - Started process (PID=1550) to work on /home/airflow/.local/lib/python3.12/site-packages/airflow/example_dags/tutorial_dag.py
[2024-12-24T19:24:28.298+0000] {processor.py:914} INFO - Processing file /home/airflow/.local/lib/python3.12/site-packages/airflow/example_dags/tutorial_dag.py for tasks to queue
[2024-12-24T19:24:28.299+0000] {logging_mixin.py:190} INFO - [2024-12-24T19:24:28.299+0000] {dagbag.py:588} INFO - Filling up the DagBag from /home/airflow/.local/lib/python3.12/site-packages/airflow/example_dags/tutorial_dag.py
[2024-12-24T19:24:28.304+0000] {processor.py:925} INFO - DAG(s) 'tutorial_dag' retrieved from /home/airflow/.local/lib/python3.12/site-packages/airflow/example_dags/tutorial_dag.py
[2024-12-24T19:24:28.315+0000] {logging_mixin.py:190} INFO - [2024-12-24T19:24:28.315+0000] {dag.py:3239} INFO - Sync 1 DAGs
[2024-12-24T19:24:28.324+0000] {logging_mixin.py:190} INFO - [2024-12-24T19:24:28.324+0000] {dag.py:4180} INFO - Setting next_dagrun for tutorial_dag to None, run_after=None
[2024-12-24T19:24:28.335+0000] {processor.py:208} INFO - Processing /home/airflow/.local/lib/python3.12/site-packages/airflow/example_dags/tutorial_dag.py took 0.042 seconds
[2024-12-24T19:24:58.690+0000] {processor.py:186} INFO - Started process (PID=1613) to work on /home/airflow/.local/lib/python3.12/site-packages/airflow/example_dags/tutorial_dag.py
[2024-12-24T19:24:58.691+0000] {processor.py:914} INFO - Processing file /home/airflow/.local/lib/python3.12/site-packages/airflow/example_dags/tutorial_dag.py for tasks to queue
[2024-12-24T19:24:58.694+0000] {logging_mixin.py:190} INFO - [2024-12-24T19:24:58.694+0000] {dagbag.py:588} INFO - Filling up the DagBag from /home/airflow/.local/lib/python3.12/site-packages/airflow/example_dags/tutorial_dag.py
[2024-12-24T19:24:58.700+0000] {processor.py:925} INFO - DAG(s) 'tutorial_dag' retrieved from /home/airflow/.local/lib/python3.12/site-packages/airflow/example_dags/tutorial_dag.py
[2024-12-24T19:24:58.711+0000] {logging_mixin.py:190} INFO - [2024-12-24T19:24:58.711+0000] {dag.py:3239} INFO - Sync 1 DAGs
[2024-12-24T19:24:58.720+0000] {logging_mixin.py:190} INFO - [2024-12-24T19:24:58.719+0000] {dag.py:4180} INFO - Setting next_dagrun for tutorial_dag to None, run_after=None
[2024-12-24T19:24:58.731+0000] {processor.py:208} INFO - Processing /home/airflow/.local/lib/python3.12/site-packages/airflow/example_dags/tutorial_dag.py took 0.045 seconds
[2024-12-24T19:25:31.064+0000] {processor.py:186} INFO - Started process (PID=1676) to work on /home/airflow/.local/lib/python3.12/site-packages/airflow/example_dags/tutorial_dag.py
[2024-12-24T19:25:31.066+0000] {processor.py:914} INFO - Processing file /home/airflow/.local/lib/python3.12/site-packages/airflow/example_dags/tutorial_dag.py for tasks to queue
[2024-12-24T19:25:31.067+0000] {logging_mixin.py:190} INFO - [2024-12-24T19:25:31.067+0000] {dagbag.py:588} INFO - Filling up the DagBag from /home/airflow/.local/lib/python3.12/site-packages/airflow/example_dags/tutorial_dag.py
[2024-12-24T19:25:31.072+0000] {processor.py:925} INFO - DAG(s) 'tutorial_dag' retrieved from /home/airflow/.local/lib/python3.12/site-packages/airflow/example_dags/tutorial_dag.py
[2024-12-24T19:25:31.083+0000] {logging_mixin.py:190} INFO - [2024-12-24T19:25:31.083+0000] {dag.py:3239} INFO - Sync 1 DAGs
[2024-12-24T19:25:31.091+0000] {logging_mixin.py:190} INFO - [2024-12-24T19:25:31.091+0000] {dag.py:4180} INFO - Setting next_dagrun for tutorial_dag to None, run_after=None
[2024-12-24T19:25:31.102+0000] {processor.py:208} INFO - Processing /home/airflow/.local/lib/python3.12/site-packages/airflow/example_dags/tutorial_dag.py took 0.042 seconds
[2024-12-24T19:26:05.009+0000] {processor.py:186} INFO - Started process (PID=1740) to work on /home/airflow/.local/lib/python3.12/site-packages/airflow/example_dags/tutorial_dag.py
[2024-12-24T19:26:05.011+0000] {processor.py:914} INFO - Processing file /home/airflow/.local/lib/python3.12/site-packages/airflow/example_dags/tutorial_dag.py for tasks to queue
[2024-12-24T19:26:05.013+0000] {logging_mixin.py:190} INFO - [2024-12-24T19:26:05.012+0000] {dagbag.py:588} INFO - Filling up the DagBag from /home/airflow/.local/lib/python3.12/site-packages/airflow/example_dags/tutorial_dag.py
[2024-12-24T19:26:05.017+0000] {processor.py:925} INFO - DAG(s) 'tutorial_dag' retrieved from /home/airflow/.local/lib/python3.12/site-packages/airflow/example_dags/tutorial_dag.py
[2024-12-24T19:26:05.028+0000] {logging_mixin.py:190} INFO - [2024-12-24T19:26:05.028+0000] {dag.py:3239} INFO - Sync 1 DAGs
[2024-12-24T19:26:05.037+0000] {logging_mixin.py:190} INFO - [2024-12-24T19:26:05.037+0000] {dag.py:4180} INFO - Setting next_dagrun for tutorial_dag to None, run_after=None
[2024-12-24T19:26:05.051+0000] {processor.py:208} INFO - Processing /home/airflow/.local/lib/python3.12/site-packages/airflow/example_dags/tutorial_dag.py took 0.045 seconds
[2024-12-24T19:26:35.880+0000] {processor.py:186} INFO - Started process (PID=1803) to work on /home/airflow/.local/lib/python3.12/site-packages/airflow/example_dags/tutorial_dag.py
[2024-12-24T19:26:35.881+0000] {processor.py:914} INFO - Processing file /home/airflow/.local/lib/python3.12/site-packages/airflow/example_dags/tutorial_dag.py for tasks to queue
[2024-12-24T19:26:35.883+0000] {logging_mixin.py:190} INFO - [2024-12-24T19:26:35.883+0000] {dagbag.py:588} INFO - Filling up the DagBag from /home/airflow/.local/lib/python3.12/site-packages/airflow/example_dags/tutorial_dag.py
[2024-12-24T19:26:35.888+0000] {processor.py:925} INFO - DAG(s) 'tutorial_dag' retrieved from /home/airflow/.local/lib/python3.12/site-packages/airflow/example_dags/tutorial_dag.py
[2024-12-24T19:26:35.899+0000] {logging_mixin.py:190} INFO - [2024-12-24T19:26:35.899+0000] {dag.py:3239} INFO - Sync 1 DAGs
[2024-12-24T19:26:35.907+0000] {logging_mixin.py:190} INFO - [2024-12-24T19:26:35.907+0000] {dag.py:4180} INFO - Setting next_dagrun for tutorial_dag to None, run_after=None
[2024-12-24T19:26:35.918+0000] {processor.py:208} INFO - Processing /home/airflow/.local/lib/python3.12/site-packages/airflow/example_dags/tutorial_dag.py took 0.041 seconds
[2024-12-24T19:27:06.999+0000] {processor.py:186} INFO - Started process (PID=1866) to work on /home/airflow/.local/lib/python3.12/site-packages/airflow/example_dags/tutorial_dag.py
[2024-12-24T19:27:07.002+0000] {processor.py:914} INFO - Processing file /home/airflow/.local/lib/python3.12/site-packages/airflow/example_dags/tutorial_dag.py for tasks to queue
[2024-12-24T19:27:07.003+0000] {logging_mixin.py:190} INFO - [2024-12-24T19:27:07.003+0000] {dagbag.py:588} INFO - Filling up the DagBag from /home/airflow/.local/lib/python3.12/site-packages/airflow/example_dags/tutorial_dag.py
[2024-12-24T19:27:07.008+0000] {processor.py:925} INFO - DAG(s) 'tutorial_dag' retrieved from /home/airflow/.local/lib/python3.12/site-packages/airflow/example_dags/tutorial_dag.py
[2024-12-24T19:27:07.020+0000] {logging_mixin.py:190} INFO - [2024-12-24T19:27:07.020+0000] {dag.py:3239} INFO - Sync 1 DAGs
[2024-12-24T19:27:07.028+0000] {logging_mixin.py:190} INFO - [2024-12-24T19:27:07.028+0000] {dag.py:4180} INFO - Setting next_dagrun for tutorial_dag to None, run_after=None
[2024-12-24T19:27:07.039+0000] {processor.py:208} INFO - Processing /home/airflow/.local/lib/python3.12/site-packages/airflow/example_dags/tutorial_dag.py took 0.043 seconds
[2024-12-24T19:27:37.549+0000] {processor.py:186} INFO - Started process (PID=1929) to work on /home/airflow/.local/lib/python3.12/site-packages/airflow/example_dags/tutorial_dag.py
[2024-12-24T19:27:37.551+0000] {processor.py:914} INFO - Processing file /home/airflow/.local/lib/python3.12/site-packages/airflow/example_dags/tutorial_dag.py for tasks to queue
[2024-12-24T19:27:37.553+0000] {logging_mixin.py:190} INFO - [2024-12-24T19:27:37.553+0000] {dagbag.py:588} INFO - Filling up the DagBag from /home/airflow/.local/lib/python3.12/site-packages/airflow/example_dags/tutorial_dag.py
[2024-12-24T19:27:37.558+0000] {processor.py:925} INFO - DAG(s) 'tutorial_dag' retrieved from /home/airflow/.local/lib/python3.12/site-packages/airflow/example_dags/tutorial_dag.py
[2024-12-24T19:27:37.569+0000] {logging_mixin.py:190} INFO - [2024-12-24T19:27:37.569+0000] {dag.py:3239} INFO - Sync 1 DAGs
[2024-12-24T19:27:37.578+0000] {logging_mixin.py:190} INFO - [2024-12-24T19:27:37.577+0000] {dag.py:4180} INFO - Setting next_dagrun for tutorial_dag to None, run_after=None
[2024-12-24T19:27:37.588+0000] {processor.py:208} INFO - Processing /home/airflow/.local/lib/python3.12/site-packages/airflow/example_dags/tutorial_dag.py took 0.043 seconds
[2024-12-24T19:28:07.890+0000] {processor.py:186} INFO - Started process (PID=1992) to work on /home/airflow/.local/lib/python3.12/site-packages/airflow/example_dags/tutorial_dag.py
[2024-12-24T19:28:07.892+0000] {processor.py:914} INFO - Processing file /home/airflow/.local/lib/python3.12/site-packages/airflow/example_dags/tutorial_dag.py for tasks to queue
[2024-12-24T19:28:07.893+0000] {logging_mixin.py:190} INFO - [2024-12-24T19:28:07.893+0000] {dagbag.py:588} INFO - Filling up the DagBag from /home/airflow/.local/lib/python3.12/site-packages/airflow/example_dags/tutorial_dag.py
[2024-12-24T19:28:07.899+0000] {processor.py:925} INFO - DAG(s) 'tutorial_dag' retrieved from /home/airflow/.local/lib/python3.12/site-packages/airflow/example_dags/tutorial_dag.py
[2024-12-24T19:28:07.912+0000] {logging_mixin.py:190} INFO - [2024-12-24T19:28:07.911+0000] {dag.py:3239} INFO - Sync 1 DAGs
[2024-12-24T19:28:07.920+0000] {logging_mixin.py:190} INFO - [2024-12-24T19:28:07.920+0000] {dag.py:4180} INFO - Setting next_dagrun for tutorial_dag to None, run_after=None
[2024-12-24T19:28:07.933+0000] {processor.py:208} INFO - Processing /home/airflow/.local/lib/python3.12/site-packages/airflow/example_dags/tutorial_dag.py took 0.050 seconds
[2024-12-24T19:28:38.286+0000] {processor.py:186} INFO - Started process (PID=2055) to work on /home/airflow/.local/lib/python3.12/site-packages/airflow/example_dags/tutorial_dag.py
[2024-12-24T19:28:38.287+0000] {processor.py:914} INFO - Processing file /home/airflow/.local/lib/python3.12/site-packages/airflow/example_dags/tutorial_dag.py for tasks to queue
[2024-12-24T19:28:38.289+0000] {logging_mixin.py:190} INFO - [2024-12-24T19:28:38.289+0000] {dagbag.py:588} INFO - Filling up the DagBag from /home/airflow/.local/lib/python3.12/site-packages/airflow/example_dags/tutorial_dag.py
[2024-12-24T19:28:38.293+0000] {processor.py:925} INFO - DAG(s) 'tutorial_dag' retrieved from /home/airflow/.local/lib/python3.12/site-packages/airflow/example_dags/tutorial_dag.py
[2024-12-24T19:28:38.304+0000] {logging_mixin.py:190} INFO - [2024-12-24T19:28:38.304+0000] {dag.py:3239} INFO - Sync 1 DAGs
[2024-12-24T19:28:38.311+0000] {logging_mixin.py:190} INFO - [2024-12-24T19:28:38.311+0000] {dag.py:4180} INFO - Setting next_dagrun for tutorial_dag to None, run_after=None
[2024-12-24T19:28:38.322+0000] {processor.py:208} INFO - Processing /home/airflow/.local/lib/python3.12/site-packages/airflow/example_dags/tutorial_dag.py took 0.039 seconds
[2024-12-24T19:29:08.793+0000] {processor.py:186} INFO - Started process (PID=2112) to work on /home/airflow/.local/lib/python3.12/site-packages/airflow/example_dags/tutorial_dag.py
[2024-12-24T19:29:08.794+0000] {processor.py:914} INFO - Processing file /home/airflow/.local/lib/python3.12/site-packages/airflow/example_dags/tutorial_dag.py for tasks to queue
[2024-12-24T19:29:08.796+0000] {logging_mixin.py:190} INFO - [2024-12-24T19:29:08.796+0000] {dagbag.py:588} INFO - Filling up the DagBag from /home/airflow/.local/lib/python3.12/site-packages/airflow/example_dags/tutorial_dag.py
[2024-12-24T19:29:08.905+0000] {processor.py:925} INFO - DAG(s) 'tutorial_dag' retrieved from /home/airflow/.local/lib/python3.12/site-packages/airflow/example_dags/tutorial_dag.py
[2024-12-24T19:29:08.920+0000] {logging_mixin.py:190} INFO - [2024-12-24T19:29:08.920+0000] {dag.py:3239} INFO - Sync 1 DAGs
[2024-12-24T19:29:08.929+0000] {logging_mixin.py:190} INFO - [2024-12-24T19:29:08.929+0000] {dag.py:4180} INFO - Setting next_dagrun for tutorial_dag to None, run_after=None
[2024-12-24T19:29:08.942+0000] {processor.py:208} INFO - Processing /home/airflow/.local/lib/python3.12/site-packages/airflow/example_dags/tutorial_dag.py took 0.154 seconds
[2024-12-24T19:29:38.981+0000] {processor.py:186} INFO - Started process (PID=2174) to work on /home/airflow/.local/lib/python3.12/site-packages/airflow/example_dags/tutorial_dag.py
[2024-12-24T19:29:38.983+0000] {processor.py:914} INFO - Processing file /home/airflow/.local/lib/python3.12/site-packages/airflow/example_dags/tutorial_dag.py for tasks to queue
[2024-12-24T19:29:38.985+0000] {logging_mixin.py:190} INFO - [2024-12-24T19:29:38.984+0000] {dagbag.py:588} INFO - Filling up the DagBag from /home/airflow/.local/lib/python3.12/site-packages/airflow/example_dags/tutorial_dag.py
[2024-12-24T19:29:38.989+0000] {processor.py:925} INFO - DAG(s) 'tutorial_dag' retrieved from /home/airflow/.local/lib/python3.12/site-packages/airflow/example_dags/tutorial_dag.py
[2024-12-24T19:29:39.003+0000] {logging_mixin.py:190} INFO - [2024-12-24T19:29:39.003+0000] {dag.py:3239} INFO - Sync 1 DAGs
[2024-12-24T19:29:39.012+0000] {logging_mixin.py:190} INFO - [2024-12-24T19:29:39.012+0000] {dag.py:4180} INFO - Setting next_dagrun for tutorial_dag to None, run_after=None
[2024-12-24T19:29:39.025+0000] {processor.py:208} INFO - Processing /home/airflow/.local/lib/python3.12/site-packages/airflow/example_dags/tutorial_dag.py took 0.047 seconds
[2024-12-24T19:30:09.262+0000] {processor.py:186} INFO - Started process (PID=2237) to work on /home/airflow/.local/lib/python3.12/site-packages/airflow/example_dags/tutorial_dag.py
[2024-12-24T19:30:09.264+0000] {processor.py:914} INFO - Processing file /home/airflow/.local/lib/python3.12/site-packages/airflow/example_dags/tutorial_dag.py for tasks to queue
[2024-12-24T19:30:09.265+0000] {logging_mixin.py:190} INFO - [2024-12-24T19:30:09.265+0000] {dagbag.py:588} INFO - Filling up the DagBag from /home/airflow/.local/lib/python3.12/site-packages/airflow/example_dags/tutorial_dag.py
[2024-12-24T19:30:09.270+0000] {processor.py:925} INFO - DAG(s) 'tutorial_dag' retrieved from /home/airflow/.local/lib/python3.12/site-packages/airflow/example_dags/tutorial_dag.py
[2024-12-24T19:30:09.281+0000] {logging_mixin.py:190} INFO - [2024-12-24T19:30:09.281+0000] {dag.py:3239} INFO - Sync 1 DAGs
[2024-12-24T19:30:09.288+0000] {logging_mixin.py:190} INFO - [2024-12-24T19:30:09.288+0000] {dag.py:4180} INFO - Setting next_dagrun for tutorial_dag to None, run_after=None
[2024-12-24T19:30:09.299+0000] {processor.py:208} INFO - Processing /home/airflow/.local/lib/python3.12/site-packages/airflow/example_dags/tutorial_dag.py took 0.040 seconds
[2024-12-24T19:30:43.091+0000] {processor.py:186} INFO - Started process (PID=2301) to work on /home/airflow/.local/lib/python3.12/site-packages/airflow/example_dags/tutorial_dag.py
[2024-12-24T19:30:43.093+0000] {processor.py:914} INFO - Processing file /home/airflow/.local/lib/python3.12/site-packages/airflow/example_dags/tutorial_dag.py for tasks to queue
[2024-12-24T19:30:43.095+0000] {logging_mixin.py:190} INFO - [2024-12-24T19:30:43.094+0000] {dagbag.py:588} INFO - Filling up the DagBag from /home/airflow/.local/lib/python3.12/site-packages/airflow/example_dags/tutorial_dag.py
[2024-12-24T19:30:43.100+0000] {processor.py:925} INFO - DAG(s) 'tutorial_dag' retrieved from /home/airflow/.local/lib/python3.12/site-packages/airflow/example_dags/tutorial_dag.py
[2024-12-24T19:30:43.112+0000] {logging_mixin.py:190} INFO - [2024-12-24T19:30:43.112+0000] {dag.py:3239} INFO - Sync 1 DAGs
[2024-12-24T19:30:43.121+0000] {logging_mixin.py:190} INFO - [2024-12-24T19:30:43.121+0000] {dag.py:4180} INFO - Setting next_dagrun for tutorial_dag to None, run_after=None
[2024-12-24T19:30:43.132+0000] {processor.py:208} INFO - Processing /home/airflow/.local/lib/python3.12/site-packages/airflow/example_dags/tutorial_dag.py took 0.044 seconds
[2024-12-24T19:31:16.759+0000] {processor.py:186} INFO - Started process (PID=2364) to work on /home/airflow/.local/lib/python3.12/site-packages/airflow/example_dags/tutorial_dag.py
[2024-12-24T19:31:16.761+0000] {processor.py:914} INFO - Processing file /home/airflow/.local/lib/python3.12/site-packages/airflow/example_dags/tutorial_dag.py for tasks to queue
[2024-12-24T19:31:16.763+0000] {logging_mixin.py:190} INFO - [2024-12-24T19:31:16.762+0000] {dagbag.py:588} INFO - Filling up the DagBag from /home/airflow/.local/lib/python3.12/site-packages/airflow/example_dags/tutorial_dag.py
[2024-12-24T19:31:16.768+0000] {processor.py:925} INFO - DAG(s) 'tutorial_dag' retrieved from /home/airflow/.local/lib/python3.12/site-packages/airflow/example_dags/tutorial_dag.py
[2024-12-24T19:31:16.781+0000] {logging_mixin.py:190} INFO - [2024-12-24T19:31:16.781+0000] {dag.py:3239} INFO - Sync 1 DAGs
[2024-12-24T19:31:16.790+0000] {logging_mixin.py:190} INFO - [2024-12-24T19:31:16.790+0000] {dag.py:4180} INFO - Setting next_dagrun for tutorial_dag to None, run_after=None
[2024-12-24T19:31:16.805+0000] {processor.py:208} INFO - Processing /home/airflow/.local/lib/python3.12/site-packages/airflow/example_dags/tutorial_dag.py took 0.050 seconds
[2024-12-24T19:31:50.504+0000] {processor.py:186} INFO - Started process (PID=2427) to work on /home/airflow/.local/lib/python3.12/site-packages/airflow/example_dags/tutorial_dag.py
[2024-12-24T19:31:50.506+0000] {processor.py:914} INFO - Processing file /home/airflow/.local/lib/python3.12/site-packages/airflow/example_dags/tutorial_dag.py for tasks to queue
[2024-12-24T19:31:50.509+0000] {logging_mixin.py:190} INFO - [2024-12-24T19:31:50.508+0000] {dagbag.py:588} INFO - Filling up the DagBag from /home/airflow/.local/lib/python3.12/site-packages/airflow/example_dags/tutorial_dag.py
[2024-12-24T19:31:50.514+0000] {processor.py:925} INFO - DAG(s) 'tutorial_dag' retrieved from /home/airflow/.local/lib/python3.12/site-packages/airflow/example_dags/tutorial_dag.py
[2024-12-24T19:31:50.527+0000] {logging_mixin.py:190} INFO - [2024-12-24T19:31:50.527+0000] {dag.py:3239} INFO - Sync 1 DAGs
[2024-12-24T19:31:50.536+0000] {logging_mixin.py:190} INFO - [2024-12-24T19:31:50.536+0000] {dag.py:4180} INFO - Setting next_dagrun for tutorial_dag to None, run_after=None
[2024-12-24T19:31:50.548+0000] {processor.py:208} INFO - Processing /home/airflow/.local/lib/python3.12/site-packages/airflow/example_dags/tutorial_dag.py took 0.047 seconds
[2024-12-24T19:32:20.859+0000] {processor.py:186} INFO - Started process (PID=2490) to work on /home/airflow/.local/lib/python3.12/site-packages/airflow/example_dags/tutorial_dag.py
[2024-12-24T19:32:20.860+0000] {processor.py:914} INFO - Processing file /home/airflow/.local/lib/python3.12/site-packages/airflow/example_dags/tutorial_dag.py for tasks to queue
[2024-12-24T19:32:20.861+0000] {logging_mixin.py:190} INFO - [2024-12-24T19:32:20.861+0000] {dagbag.py:588} INFO - Filling up the DagBag from /home/airflow/.local/lib/python3.12/site-packages/airflow/example_dags/tutorial_dag.py
[2024-12-24T19:32:20.866+0000] {processor.py:925} INFO - DAG(s) 'tutorial_dag' retrieved from /home/airflow/.local/lib/python3.12/site-packages/airflow/example_dags/tutorial_dag.py
[2024-12-24T19:32:20.877+0000] {logging_mixin.py:190} INFO - [2024-12-24T19:32:20.877+0000] {dag.py:3239} INFO - Sync 1 DAGs
[2024-12-24T19:32:20.893+0000] {logging_mixin.py:190} INFO - [2024-12-24T19:32:20.893+0000] {dag.py:4180} INFO - Setting next_dagrun for tutorial_dag to None, run_after=None
[2024-12-24T19:32:20.905+0000] {processor.py:208} INFO - Processing /home/airflow/.local/lib/python3.12/site-packages/airflow/example_dags/tutorial_dag.py took 0.050 seconds
[2024-12-24T19:32:51.297+0000] {processor.py:186} INFO - Started process (PID=2553) to work on /home/airflow/.local/lib/python3.12/site-packages/airflow/example_dags/tutorial_dag.py
[2024-12-24T19:32:51.301+0000] {processor.py:914} INFO - Processing file /home/airflow/.local/lib/python3.12/site-packages/airflow/example_dags/tutorial_dag.py for tasks to queue
[2024-12-24T19:32:51.303+0000] {logging_mixin.py:190} INFO - [2024-12-24T19:32:51.303+0000] {dagbag.py:588} INFO - Filling up the DagBag from /home/airflow/.local/lib/python3.12/site-packages/airflow/example_dags/tutorial_dag.py
[2024-12-24T19:32:51.310+0000] {processor.py:925} INFO - DAG(s) 'tutorial_dag' retrieved from /home/airflow/.local/lib/python3.12/site-packages/airflow/example_dags/tutorial_dag.py
[2024-12-24T19:32:51.326+0000] {logging_mixin.py:190} INFO - [2024-12-24T19:32:51.326+0000] {dag.py:3239} INFO - Sync 1 DAGs
[2024-12-24T19:32:51.337+0000] {logging_mixin.py:190} INFO - [2024-12-24T19:32:51.337+0000] {dag.py:4180} INFO - Setting next_dagrun for tutorial_dag to None, run_after=None
[2024-12-24T19:32:51.350+0000] {processor.py:208} INFO - Processing /home/airflow/.local/lib/python3.12/site-packages/airflow/example_dags/tutorial_dag.py took 0.057 seconds
[2024-12-24T19:33:21.860+0000] {processor.py:186} INFO - Started process (PID=2616) to work on /home/airflow/.local/lib/python3.12/site-packages/airflow/example_dags/tutorial_dag.py
[2024-12-24T19:33:21.861+0000] {processor.py:914} INFO - Processing file /home/airflow/.local/lib/python3.12/site-packages/airflow/example_dags/tutorial_dag.py for tasks to queue
[2024-12-24T19:33:21.863+0000] {logging_mixin.py:190} INFO - [2024-12-24T19:33:21.863+0000] {dagbag.py:588} INFO - Filling up the DagBag from /home/airflow/.local/lib/python3.12/site-packages/airflow/example_dags/tutorial_dag.py
[2024-12-24T19:33:21.868+0000] {processor.py:925} INFO - DAG(s) 'tutorial_dag' retrieved from /home/airflow/.local/lib/python3.12/site-packages/airflow/example_dags/tutorial_dag.py
[2024-12-24T19:33:21.879+0000] {logging_mixin.py:190} INFO - [2024-12-24T19:33:21.878+0000] {dag.py:3239} INFO - Sync 1 DAGs
[2024-12-24T19:33:21.887+0000] {logging_mixin.py:190} INFO - [2024-12-24T19:33:21.887+0000] {dag.py:4180} INFO - Setting next_dagrun for tutorial_dag to None, run_after=None
[2024-12-24T19:33:21.897+0000] {processor.py:208} INFO - Processing /home/airflow/.local/lib/python3.12/site-packages/airflow/example_dags/tutorial_dag.py took 0.041 seconds
[2024-12-24T19:33:52.199+0000] {processor.py:186} INFO - Started process (PID=2679) to work on /home/airflow/.local/lib/python3.12/site-packages/airflow/example_dags/tutorial_dag.py
[2024-12-24T19:33:52.201+0000] {processor.py:914} INFO - Processing file /home/airflow/.local/lib/python3.12/site-packages/airflow/example_dags/tutorial_dag.py for tasks to queue
[2024-12-24T19:33:52.202+0000] {logging_mixin.py:190} INFO - [2024-12-24T19:33:52.202+0000] {dagbag.py:588} INFO - Filling up the DagBag from /home/airflow/.local/lib/python3.12/site-packages/airflow/example_dags/tutorial_dag.py
[2024-12-24T19:33:52.208+0000] {processor.py:925} INFO - DAG(s) 'tutorial_dag' retrieved from /home/airflow/.local/lib/python3.12/site-packages/airflow/example_dags/tutorial_dag.py
[2024-12-24T19:33:52.221+0000] {logging_mixin.py:190} INFO - [2024-12-24T19:33:52.221+0000] {dag.py:3239} INFO - Sync 1 DAGs
[2024-12-24T19:33:52.230+0000] {logging_mixin.py:190} INFO - [2024-12-24T19:33:52.229+0000] {dag.py:4180} INFO - Setting next_dagrun for tutorial_dag to None, run_after=None
[2024-12-24T19:33:52.242+0000] {processor.py:208} INFO - Processing /home/airflow/.local/lib/python3.12/site-packages/airflow/example_dags/tutorial_dag.py took 0.048 seconds
[2024-12-24T19:34:22.962+0000] {processor.py:186} INFO - Started process (PID=2742) to work on /home/airflow/.local/lib/python3.12/site-packages/airflow/example_dags/tutorial_dag.py
[2024-12-24T19:34:22.963+0000] {processor.py:914} INFO - Processing file /home/airflow/.local/lib/python3.12/site-packages/airflow/example_dags/tutorial_dag.py for tasks to queue
[2024-12-24T19:34:22.965+0000] {logging_mixin.py:190} INFO - [2024-12-24T19:34:22.965+0000] {dagbag.py:588} INFO - Filling up the DagBag from /home/airflow/.local/lib/python3.12/site-packages/airflow/example_dags/tutorial_dag.py
[2024-12-24T19:34:22.969+0000] {processor.py:925} INFO - DAG(s) 'tutorial_dag' retrieved from /home/airflow/.local/lib/python3.12/site-packages/airflow/example_dags/tutorial_dag.py
[2024-12-24T19:34:22.981+0000] {logging_mixin.py:190} INFO - [2024-12-24T19:34:22.981+0000] {dag.py:3239} INFO - Sync 1 DAGs
[2024-12-24T19:34:22.988+0000] {logging_mixin.py:190} INFO - [2024-12-24T19:34:22.988+0000] {dag.py:4180} INFO - Setting next_dagrun for tutorial_dag to None, run_after=None
[2024-12-24T19:34:23.000+0000] {processor.py:208} INFO - Processing /home/airflow/.local/lib/python3.12/site-packages/airflow/example_dags/tutorial_dag.py took 0.041 seconds
[2024-12-24T19:34:53.644+0000] {processor.py:186} INFO - Started process (PID=2805) to work on /home/airflow/.local/lib/python3.12/site-packages/airflow/example_dags/tutorial_dag.py
[2024-12-24T19:34:53.648+0000] {processor.py:914} INFO - Processing file /home/airflow/.local/lib/python3.12/site-packages/airflow/example_dags/tutorial_dag.py for tasks to queue
[2024-12-24T19:34:53.651+0000] {logging_mixin.py:190} INFO - [2024-12-24T19:34:53.650+0000] {dagbag.py:588} INFO - Filling up the DagBag from /home/airflow/.local/lib/python3.12/site-packages/airflow/example_dags/tutorial_dag.py
[2024-12-24T19:34:53.656+0000] {processor.py:925} INFO - DAG(s) 'tutorial_dag' retrieved from /home/airflow/.local/lib/python3.12/site-packages/airflow/example_dags/tutorial_dag.py
[2024-12-24T19:34:53.670+0000] {logging_mixin.py:190} INFO - [2024-12-24T19:34:53.670+0000] {dag.py:3239} INFO - Sync 1 DAGs
[2024-12-24T19:34:53.680+0000] {logging_mixin.py:190} INFO - [2024-12-24T19:34:53.680+0000] {dag.py:4180} INFO - Setting next_dagrun for tutorial_dag to None, run_after=None
[2024-12-24T19:34:53.693+0000] {processor.py:208} INFO - Processing /home/airflow/.local/lib/python3.12/site-packages/airflow/example_dags/tutorial_dag.py took 0.053 seconds
[2024-12-24T19:35:24.636+0000] {processor.py:186} INFO - Started process (PID=2868) to work on /home/airflow/.local/lib/python3.12/site-packages/airflow/example_dags/tutorial_dag.py
[2024-12-24T19:35:24.638+0000] {processor.py:914} INFO - Processing file /home/airflow/.local/lib/python3.12/site-packages/airflow/example_dags/tutorial_dag.py for tasks to queue
[2024-12-24T19:35:24.640+0000] {logging_mixin.py:190} INFO - [2024-12-24T19:35:24.639+0000] {dagbag.py:588} INFO - Filling up the DagBag from /home/airflow/.local/lib/python3.12/site-packages/airflow/example_dags/tutorial_dag.py
[2024-12-24T19:35:24.645+0000] {processor.py:925} INFO - DAG(s) 'tutorial_dag' retrieved from /home/airflow/.local/lib/python3.12/site-packages/airflow/example_dags/tutorial_dag.py
[2024-12-24T19:35:24.659+0000] {logging_mixin.py:190} INFO - [2024-12-24T19:35:24.659+0000] {dag.py:3239} INFO - Sync 1 DAGs
[2024-12-24T19:35:24.668+0000] {logging_mixin.py:190} INFO - [2024-12-24T19:35:24.668+0000] {dag.py:4180} INFO - Setting next_dagrun for tutorial_dag to None, run_after=None
[2024-12-24T19:35:24.682+0000] {processor.py:208} INFO - Processing /home/airflow/.local/lib/python3.12/site-packages/airflow/example_dags/tutorial_dag.py took 0.051 seconds
[2024-12-24T19:35:54.803+0000] {processor.py:186} INFO - Started process (PID=2932) to work on /home/airflow/.local/lib/python3.12/site-packages/airflow/example_dags/tutorial_dag.py
[2024-12-24T19:35:54.805+0000] {processor.py:914} INFO - Processing file /home/airflow/.local/lib/python3.12/site-packages/airflow/example_dags/tutorial_dag.py for tasks to queue
[2024-12-24T19:35:54.806+0000] {logging_mixin.py:190} INFO - [2024-12-24T19:35:54.806+0000] {dagbag.py:588} INFO - Filling up the DagBag from /home/airflow/.local/lib/python3.12/site-packages/airflow/example_dags/tutorial_dag.py
[2024-12-24T19:35:54.811+0000] {processor.py:925} INFO - DAG(s) 'tutorial_dag' retrieved from /home/airflow/.local/lib/python3.12/site-packages/airflow/example_dags/tutorial_dag.py
[2024-12-24T19:35:54.827+0000] {logging_mixin.py:190} INFO - [2024-12-24T19:35:54.826+0000] {dag.py:3239} INFO - Sync 1 DAGs
[2024-12-24T19:35:54.835+0000] {logging_mixin.py:190} INFO - [2024-12-24T19:35:54.835+0000] {dag.py:4180} INFO - Setting next_dagrun for tutorial_dag to None, run_after=None
[2024-12-24T19:35:54.846+0000] {processor.py:208} INFO - Processing /home/airflow/.local/lib/python3.12/site-packages/airflow/example_dags/tutorial_dag.py took 0.046 seconds
[2024-12-24T19:36:26.335+0000] {processor.py:186} INFO - Started process (PID=2995) to work on /home/airflow/.local/lib/python3.12/site-packages/airflow/example_dags/tutorial_dag.py
[2024-12-24T19:36:26.336+0000] {processor.py:914} INFO - Processing file /home/airflow/.local/lib/python3.12/site-packages/airflow/example_dags/tutorial_dag.py for tasks to queue
[2024-12-24T19:36:26.338+0000] {logging_mixin.py:190} INFO - [2024-12-24T19:36:26.338+0000] {dagbag.py:588} INFO - Filling up the DagBag from /home/airflow/.local/lib/python3.12/site-packages/airflow/example_dags/tutorial_dag.py
[2024-12-24T19:36:26.342+0000] {processor.py:925} INFO - DAG(s) 'tutorial_dag' retrieved from /home/airflow/.local/lib/python3.12/site-packages/airflow/example_dags/tutorial_dag.py
[2024-12-24T19:36:26.353+0000] {logging_mixin.py:190} INFO - [2024-12-24T19:36:26.353+0000] {dag.py:3239} INFO - Sync 1 DAGs
[2024-12-24T19:36:26.362+0000] {logging_mixin.py:190} INFO - [2024-12-24T19:36:26.362+0000] {dag.py:4180} INFO - Setting next_dagrun for tutorial_dag to None, run_after=None
[2024-12-24T19:36:26.375+0000] {processor.py:208} INFO - Processing /home/airflow/.local/lib/python3.12/site-packages/airflow/example_dags/tutorial_dag.py took 0.044 seconds
[2024-12-24T19:36:57.504+0000] {processor.py:186} INFO - Started process (PID=3058) to work on /home/airflow/.local/lib/python3.12/site-packages/airflow/example_dags/tutorial_dag.py
[2024-12-24T19:36:57.506+0000] {processor.py:914} INFO - Processing file /home/airflow/.local/lib/python3.12/site-packages/airflow/example_dags/tutorial_dag.py for tasks to queue
[2024-12-24T19:36:57.508+0000] {logging_mixin.py:190} INFO - [2024-12-24T19:36:57.507+0000] {dagbag.py:588} INFO - Filling up the DagBag from /home/airflow/.local/lib/python3.12/site-packages/airflow/example_dags/tutorial_dag.py
[2024-12-24T19:36:57.513+0000] {processor.py:925} INFO - DAG(s) 'tutorial_dag' retrieved from /home/airflow/.local/lib/python3.12/site-packages/airflow/example_dags/tutorial_dag.py
[2024-12-24T19:36:57.528+0000] {logging_mixin.py:190} INFO - [2024-12-24T19:36:57.528+0000] {dag.py:3239} INFO - Sync 1 DAGs
[2024-12-24T19:36:57.538+0000] {logging_mixin.py:190} INFO - [2024-12-24T19:36:57.537+0000] {dag.py:4180} INFO - Setting next_dagrun for tutorial_dag to None, run_after=None
[2024-12-24T19:36:57.550+0000] {processor.py:208} INFO - Processing /home/airflow/.local/lib/python3.12/site-packages/airflow/example_dags/tutorial_dag.py took 0.050 seconds
[2024-12-24T22:26:41.209+0000] {processor.py:186} INFO - Started process (PID=109) to work on /home/airflow/.local/lib/python3.12/site-packages/airflow/example_dags/tutorial_dag.py
[2024-12-24T22:26:41.212+0000] {processor.py:914} INFO - Processing file /home/airflow/.local/lib/python3.12/site-packages/airflow/example_dags/tutorial_dag.py for tasks to queue
[2024-12-24T22:26:41.216+0000] {logging_mixin.py:190} INFO - [2024-12-24T22:26:41.215+0000] {dagbag.py:588} INFO - Filling up the DagBag from /home/airflow/.local/lib/python3.12/site-packages/airflow/example_dags/tutorial_dag.py
[2024-12-24T22:26:41.226+0000] {processor.py:925} INFO - DAG(s) 'tutorial_dag' retrieved from /home/airflow/.local/lib/python3.12/site-packages/airflow/example_dags/tutorial_dag.py
[2024-12-24T22:26:41.248+0000] {logging_mixin.py:190} INFO - [2024-12-24T22:26:41.247+0000] {dag.py:3239} INFO - Sync 1 DAGs
[2024-12-24T22:26:41.261+0000] {logging_mixin.py:190} INFO - [2024-12-24T22:26:41.260+0000] {dag.py:4180} INFO - Setting next_dagrun for tutorial_dag to None, run_after=None
[2024-12-24T22:26:41.277+0000] {processor.py:208} INFO - Processing /home/airflow/.local/lib/python3.12/site-packages/airflow/example_dags/tutorial_dag.py took 0.074 seconds
[2024-12-24T22:27:12.714+0000] {processor.py:186} INFO - Started process (PID=173) to work on /home/airflow/.local/lib/python3.12/site-packages/airflow/example_dags/tutorial_dag.py
[2024-12-24T22:27:12.716+0000] {processor.py:914} INFO - Processing file /home/airflow/.local/lib/python3.12/site-packages/airflow/example_dags/tutorial_dag.py for tasks to queue
[2024-12-24T22:27:12.718+0000] {logging_mixin.py:190} INFO - [2024-12-24T22:27:12.718+0000] {dagbag.py:588} INFO - Filling up the DagBag from /home/airflow/.local/lib/python3.12/site-packages/airflow/example_dags/tutorial_dag.py
[2024-12-24T22:27:12.727+0000] {processor.py:925} INFO - DAG(s) 'tutorial_dag' retrieved from /home/airflow/.local/lib/python3.12/site-packages/airflow/example_dags/tutorial_dag.py
[2024-12-24T22:27:12.748+0000] {logging_mixin.py:190} INFO - [2024-12-24T22:27:12.748+0000] {dag.py:3239} INFO - Sync 1 DAGs
[2024-12-24T22:27:12.764+0000] {logging_mixin.py:190} INFO - [2024-12-24T22:27:12.764+0000] {dag.py:4180} INFO - Setting next_dagrun for tutorial_dag to None, run_after=None
[2024-12-24T22:27:12.781+0000] {processor.py:208} INFO - Processing /home/airflow/.local/lib/python3.12/site-packages/airflow/example_dags/tutorial_dag.py took 0.073 seconds
[2024-12-24T22:27:42.823+0000] {processor.py:186} INFO - Started process (PID=236) to work on /home/airflow/.local/lib/python3.12/site-packages/airflow/example_dags/tutorial_dag.py
[2024-12-24T22:27:42.825+0000] {processor.py:914} INFO - Processing file /home/airflow/.local/lib/python3.12/site-packages/airflow/example_dags/tutorial_dag.py for tasks to queue
[2024-12-24T22:27:42.827+0000] {logging_mixin.py:190} INFO - [2024-12-24T22:27:42.827+0000] {dagbag.py:588} INFO - Filling up the DagBag from /home/airflow/.local/lib/python3.12/site-packages/airflow/example_dags/tutorial_dag.py
[2024-12-24T22:27:42.833+0000] {processor.py:925} INFO - DAG(s) 'tutorial_dag' retrieved from /home/airflow/.local/lib/python3.12/site-packages/airflow/example_dags/tutorial_dag.py
[2024-12-24T22:27:42.848+0000] {logging_mixin.py:190} INFO - [2024-12-24T22:27:42.848+0000] {dag.py:3239} INFO - Sync 1 DAGs
[2024-12-24T22:27:42.858+0000] {logging_mixin.py:190} INFO - [2024-12-24T22:27:42.858+0000] {dag.py:4180} INFO - Setting next_dagrun for tutorial_dag to None, run_after=None
[2024-12-24T22:27:42.872+0000] {processor.py:208} INFO - Processing /home/airflow/.local/lib/python3.12/site-packages/airflow/example_dags/tutorial_dag.py took 0.053 seconds
[2024-12-24T22:28:13.347+0000] {processor.py:186} INFO - Started process (PID=300) to work on /home/airflow/.local/lib/python3.12/site-packages/airflow/example_dags/tutorial_dag.py
[2024-12-24T22:28:13.349+0000] {processor.py:914} INFO - Processing file /home/airflow/.local/lib/python3.12/site-packages/airflow/example_dags/tutorial_dag.py for tasks to queue
[2024-12-24T22:28:13.352+0000] {logging_mixin.py:190} INFO - [2024-12-24T22:28:13.352+0000] {dagbag.py:588} INFO - Filling up the DagBag from /home/airflow/.local/lib/python3.12/site-packages/airflow/example_dags/tutorial_dag.py
[2024-12-24T22:28:13.359+0000] {processor.py:925} INFO - DAG(s) 'tutorial_dag' retrieved from /home/airflow/.local/lib/python3.12/site-packages/airflow/example_dags/tutorial_dag.py
[2024-12-24T22:28:13.376+0000] {logging_mixin.py:190} INFO - [2024-12-24T22:28:13.376+0000] {dag.py:3239} INFO - Sync 1 DAGs
[2024-12-24T22:28:13.386+0000] {logging_mixin.py:190} INFO - [2024-12-24T22:28:13.386+0000] {dag.py:4180} INFO - Setting next_dagrun for tutorial_dag to None, run_after=None
[2024-12-24T22:28:13.403+0000] {processor.py:208} INFO - Processing /home/airflow/.local/lib/python3.12/site-packages/airflow/example_dags/tutorial_dag.py took 0.061 seconds
[2024-12-24T22:28:44.506+0000] {processor.py:186} INFO - Started process (PID=364) to work on /home/airflow/.local/lib/python3.12/site-packages/airflow/example_dags/tutorial_dag.py
[2024-12-24T22:28:44.509+0000] {processor.py:914} INFO - Processing file /home/airflow/.local/lib/python3.12/site-packages/airflow/example_dags/tutorial_dag.py for tasks to queue
[2024-12-24T22:28:44.511+0000] {logging_mixin.py:190} INFO - [2024-12-24T22:28:44.510+0000] {dagbag.py:588} INFO - Filling up the DagBag from /home/airflow/.local/lib/python3.12/site-packages/airflow/example_dags/tutorial_dag.py
[2024-12-24T22:28:44.518+0000] {processor.py:925} INFO - DAG(s) 'tutorial_dag' retrieved from /home/airflow/.local/lib/python3.12/site-packages/airflow/example_dags/tutorial_dag.py
[2024-12-24T22:28:44.533+0000] {logging_mixin.py:190} INFO - [2024-12-24T22:28:44.533+0000] {dag.py:3239} INFO - Sync 1 DAGs
[2024-12-24T22:28:44.545+0000] {logging_mixin.py:190} INFO - [2024-12-24T22:28:44.544+0000] {dag.py:4180} INFO - Setting next_dagrun for tutorial_dag to None, run_after=None
[2024-12-24T22:28:44.561+0000] {processor.py:208} INFO - Processing /home/airflow/.local/lib/python3.12/site-packages/airflow/example_dags/tutorial_dag.py took 0.060 seconds
[2024-12-24T22:29:17.903+0000] {processor.py:186} INFO - Started process (PID=428) to work on /home/airflow/.local/lib/python3.12/site-packages/airflow/example_dags/tutorial_dag.py
[2024-12-24T22:29:17.905+0000] {processor.py:914} INFO - Processing file /home/airflow/.local/lib/python3.12/site-packages/airflow/example_dags/tutorial_dag.py for tasks to queue
[2024-12-24T22:29:17.907+0000] {logging_mixin.py:190} INFO - [2024-12-24T22:29:17.907+0000] {dagbag.py:588} INFO - Filling up the DagBag from /home/airflow/.local/lib/python3.12/site-packages/airflow/example_dags/tutorial_dag.py
[2024-12-24T22:29:17.913+0000] {processor.py:925} INFO - DAG(s) 'tutorial_dag' retrieved from /home/airflow/.local/lib/python3.12/site-packages/airflow/example_dags/tutorial_dag.py
[2024-12-24T22:29:17.927+0000] {logging_mixin.py:190} INFO - [2024-12-24T22:29:17.927+0000] {dag.py:3239} INFO - Sync 1 DAGs
[2024-12-24T22:29:17.939+0000] {logging_mixin.py:190} INFO - [2024-12-24T22:29:17.939+0000] {dag.py:4180} INFO - Setting next_dagrun for tutorial_dag to None, run_after=None
[2024-12-24T22:29:17.954+0000] {processor.py:208} INFO - Processing /home/airflow/.local/lib/python3.12/site-packages/airflow/example_dags/tutorial_dag.py took 0.055 seconds
[2024-12-24T22:29:52.503+0000] {processor.py:186} INFO - Started process (PID=492) to work on /home/airflow/.local/lib/python3.12/site-packages/airflow/example_dags/tutorial_dag.py
[2024-12-24T22:29:52.505+0000] {processor.py:914} INFO - Processing file /home/airflow/.local/lib/python3.12/site-packages/airflow/example_dags/tutorial_dag.py for tasks to queue
[2024-12-24T22:29:52.508+0000] {logging_mixin.py:190} INFO - [2024-12-24T22:29:52.507+0000] {dagbag.py:588} INFO - Filling up the DagBag from /home/airflow/.local/lib/python3.12/site-packages/airflow/example_dags/tutorial_dag.py
[2024-12-24T22:29:52.516+0000] {processor.py:925} INFO - DAG(s) 'tutorial_dag' retrieved from /home/airflow/.local/lib/python3.12/site-packages/airflow/example_dags/tutorial_dag.py
[2024-12-24T22:29:52.534+0000] {logging_mixin.py:190} INFO - [2024-12-24T22:29:52.534+0000] {dag.py:3239} INFO - Sync 1 DAGs
[2024-12-24T22:29:52.545+0000] {logging_mixin.py:190} INFO - [2024-12-24T22:29:52.544+0000] {dag.py:4180} INFO - Setting next_dagrun for tutorial_dag to None, run_after=None
[2024-12-24T22:29:52.588+0000] {processor.py:208} INFO - Processing /home/airflow/.local/lib/python3.12/site-packages/airflow/example_dags/tutorial_dag.py took 0.089 seconds
[2024-12-24T22:30:22.778+0000] {processor.py:186} INFO - Started process (PID=555) to work on /home/airflow/.local/lib/python3.12/site-packages/airflow/example_dags/tutorial_dag.py
[2024-12-24T22:30:22.779+0000] {processor.py:914} INFO - Processing file /home/airflow/.local/lib/python3.12/site-packages/airflow/example_dags/tutorial_dag.py for tasks to queue
[2024-12-24T22:30:22.782+0000] {logging_mixin.py:190} INFO - [2024-12-24T22:30:22.782+0000] {dagbag.py:588} INFO - Filling up the DagBag from /home/airflow/.local/lib/python3.12/site-packages/airflow/example_dags/tutorial_dag.py
[2024-12-24T22:30:22.790+0000] {processor.py:925} INFO - DAG(s) 'tutorial_dag' retrieved from /home/airflow/.local/lib/python3.12/site-packages/airflow/example_dags/tutorial_dag.py
[2024-12-24T22:30:22.805+0000] {logging_mixin.py:190} INFO - [2024-12-24T22:30:22.805+0000] {dag.py:3239} INFO - Sync 1 DAGs
[2024-12-24T22:30:22.818+0000] {logging_mixin.py:190} INFO - [2024-12-24T22:30:22.818+0000] {dag.py:4180} INFO - Setting next_dagrun for tutorial_dag to None, run_after=None
[2024-12-24T22:30:22.835+0000] {processor.py:208} INFO - Processing /home/airflow/.local/lib/python3.12/site-packages/airflow/example_dags/tutorial_dag.py took 0.062 seconds
[2024-12-24T22:30:57.356+0000] {processor.py:186} INFO - Started process (PID=103) to work on /home/airflow/.local/lib/python3.12/site-packages/airflow/example_dags/tutorial_dag.py
[2024-12-24T22:30:57.358+0000] {processor.py:914} INFO - Processing file /home/airflow/.local/lib/python3.12/site-packages/airflow/example_dags/tutorial_dag.py for tasks to queue
[2024-12-24T22:30:57.362+0000] {logging_mixin.py:190} INFO - [2024-12-24T22:30:57.361+0000] {dagbag.py:588} INFO - Filling up the DagBag from /home/airflow/.local/lib/python3.12/site-packages/airflow/example_dags/tutorial_dag.py
[2024-12-24T22:30:57.368+0000] {processor.py:925} INFO - DAG(s) 'tutorial_dag' retrieved from /home/airflow/.local/lib/python3.12/site-packages/airflow/example_dags/tutorial_dag.py
[2024-12-24T22:30:57.388+0000] {logging_mixin.py:190} INFO - [2024-12-24T22:30:57.388+0000] {dag.py:3239} INFO - Sync 1 DAGs
[2024-12-24T22:30:57.399+0000] {logging_mixin.py:190} INFO - [2024-12-24T22:30:57.399+0000] {dag.py:4180} INFO - Setting next_dagrun for tutorial_dag to None, run_after=None
[2024-12-24T22:30:57.443+0000] {processor.py:208} INFO - Processing /home/airflow/.local/lib/python3.12/site-packages/airflow/example_dags/tutorial_dag.py took 0.094 seconds
[2024-12-24T22:32:24.005+0000] {processor.py:186} INFO - Started process (PID=110) to work on /home/airflow/.local/lib/python3.12/site-packages/airflow/example_dags/tutorial_dag.py
[2024-12-24T22:32:24.007+0000] {processor.py:914} INFO - Processing file /home/airflow/.local/lib/python3.12/site-packages/airflow/example_dags/tutorial_dag.py for tasks to queue
[2024-12-24T22:32:24.008+0000] {logging_mixin.py:190} INFO - [2024-12-24T22:32:24.008+0000] {dagbag.py:588} INFO - Filling up the DagBag from /home/airflow/.local/lib/python3.12/site-packages/airflow/example_dags/tutorial_dag.py
[2024-12-24T22:32:24.014+0000] {processor.py:925} INFO - DAG(s) 'tutorial_dag' retrieved from /home/airflow/.local/lib/python3.12/site-packages/airflow/example_dags/tutorial_dag.py
[2024-12-24T22:32:24.030+0000] {logging_mixin.py:190} INFO - [2024-12-24T22:32:24.030+0000] {dag.py:3239} INFO - Sync 1 DAGs
[2024-12-24T22:32:24.042+0000] {logging_mixin.py:190} INFO - [2024-12-24T22:32:24.042+0000] {dag.py:4180} INFO - Setting next_dagrun for tutorial_dag to None, run_after=None
[2024-12-24T22:32:24.060+0000] {processor.py:208} INFO - Processing /home/airflow/.local/lib/python3.12/site-packages/airflow/example_dags/tutorial_dag.py took 0.059 seconds
[2024-12-24T22:32:54.496+0000] {processor.py:186} INFO - Started process (PID=173) to work on /home/airflow/.local/lib/python3.12/site-packages/airflow/example_dags/tutorial_dag.py
[2024-12-24T22:32:54.500+0000] {processor.py:914} INFO - Processing file /home/airflow/.local/lib/python3.12/site-packages/airflow/example_dags/tutorial_dag.py for tasks to queue
[2024-12-24T22:32:54.505+0000] {logging_mixin.py:190} INFO - [2024-12-24T22:32:54.504+0000] {dagbag.py:588} INFO - Filling up the DagBag from /home/airflow/.local/lib/python3.12/site-packages/airflow/example_dags/tutorial_dag.py
[2024-12-24T22:32:54.518+0000] {processor.py:925} INFO - DAG(s) 'tutorial_dag' retrieved from /home/airflow/.local/lib/python3.12/site-packages/airflow/example_dags/tutorial_dag.py
[2024-12-24T22:32:54.544+0000] {logging_mixin.py:190} INFO - [2024-12-24T22:32:54.543+0000] {dag.py:3239} INFO - Sync 1 DAGs
[2024-12-24T22:32:54.558+0000] {logging_mixin.py:190} INFO - [2024-12-24T22:32:54.558+0000] {dag.py:4180} INFO - Setting next_dagrun for tutorial_dag to None, run_after=None
[2024-12-24T22:32:54.606+0000] {processor.py:208} INFO - Processing /home/airflow/.local/lib/python3.12/site-packages/airflow/example_dags/tutorial_dag.py took 0.117 seconds
[2024-12-24T22:33:25.549+0000] {processor.py:186} INFO - Started process (PID=238) to work on /home/airflow/.local/lib/python3.12/site-packages/airflow/example_dags/tutorial_dag.py
[2024-12-24T22:33:25.550+0000] {processor.py:914} INFO - Processing file /home/airflow/.local/lib/python3.12/site-packages/airflow/example_dags/tutorial_dag.py for tasks to queue
[2024-12-24T22:33:25.553+0000] {logging_mixin.py:190} INFO - [2024-12-24T22:33:25.552+0000] {dagbag.py:588} INFO - Filling up the DagBag from /home/airflow/.local/lib/python3.12/site-packages/airflow/example_dags/tutorial_dag.py
[2024-12-24T22:33:25.562+0000] {processor.py:925} INFO - DAG(s) 'tutorial_dag' retrieved from /home/airflow/.local/lib/python3.12/site-packages/airflow/example_dags/tutorial_dag.py
[2024-12-24T22:33:25.583+0000] {logging_mixin.py:190} INFO - [2024-12-24T22:33:25.583+0000] {dag.py:3239} INFO - Sync 1 DAGs
[2024-12-24T22:33:25.596+0000] {logging_mixin.py:190} INFO - [2024-12-24T22:33:25.596+0000] {dag.py:4180} INFO - Setting next_dagrun for tutorial_dag to None, run_after=None
[2024-12-24T22:33:25.615+0000] {processor.py:208} INFO - Processing /home/airflow/.local/lib/python3.12/site-packages/airflow/example_dags/tutorial_dag.py took 0.073 seconds
[2024-12-24T22:33:55.807+0000] {processor.py:186} INFO - Started process (PID=302) to work on /home/airflow/.local/lib/python3.12/site-packages/airflow/example_dags/tutorial_dag.py
[2024-12-24T22:33:55.808+0000] {processor.py:914} INFO - Processing file /home/airflow/.local/lib/python3.12/site-packages/airflow/example_dags/tutorial_dag.py for tasks to queue
[2024-12-24T22:33:55.811+0000] {logging_mixin.py:190} INFO - [2024-12-24T22:33:55.811+0000] {dagbag.py:588} INFO - Filling up the DagBag from /home/airflow/.local/lib/python3.12/site-packages/airflow/example_dags/tutorial_dag.py
[2024-12-24T22:33:55.819+0000] {processor.py:925} INFO - DAG(s) 'tutorial_dag' retrieved from /home/airflow/.local/lib/python3.12/site-packages/airflow/example_dags/tutorial_dag.py
[2024-12-24T22:33:55.836+0000] {logging_mixin.py:190} INFO - [2024-12-24T22:33:55.836+0000] {dag.py:3239} INFO - Sync 1 DAGs
[2024-12-24T22:33:55.849+0000] {logging_mixin.py:190} INFO - [2024-12-24T22:33:55.849+0000] {dag.py:4180} INFO - Setting next_dagrun for tutorial_dag to None, run_after=None
[2024-12-24T22:33:55.868+0000] {processor.py:208} INFO - Processing /home/airflow/.local/lib/python3.12/site-packages/airflow/example_dags/tutorial_dag.py took 0.068 seconds
[2024-12-24T22:34:28.503+0000] {processor.py:186} INFO - Started process (PID=366) to work on /home/airflow/.local/lib/python3.12/site-packages/airflow/example_dags/tutorial_dag.py
[2024-12-24T22:34:28.505+0000] {processor.py:914} INFO - Processing file /home/airflow/.local/lib/python3.12/site-packages/airflow/example_dags/tutorial_dag.py for tasks to queue
[2024-12-24T22:34:28.509+0000] {logging_mixin.py:190} INFO - [2024-12-24T22:34:28.509+0000] {dagbag.py:588} INFO - Filling up the DagBag from /home/airflow/.local/lib/python3.12/site-packages/airflow/example_dags/tutorial_dag.py
[2024-12-24T22:34:28.521+0000] {processor.py:925} INFO - DAG(s) 'tutorial_dag' retrieved from /home/airflow/.local/lib/python3.12/site-packages/airflow/example_dags/tutorial_dag.py
[2024-12-24T22:34:28.550+0000] {logging_mixin.py:190} INFO - [2024-12-24T22:34:28.550+0000] {dag.py:3239} INFO - Sync 1 DAGs
[2024-12-24T22:34:28.563+0000] {logging_mixin.py:190} INFO - [2024-12-24T22:34:28.563+0000] {dag.py:4180} INFO - Setting next_dagrun for tutorial_dag to None, run_after=None
[2024-12-24T22:34:28.585+0000] {processor.py:208} INFO - Processing /home/airflow/.local/lib/python3.12/site-packages/airflow/example_dags/tutorial_dag.py took 0.094 seconds
[2024-12-24T22:35:03.084+0000] {processor.py:186} INFO - Started process (PID=430) to work on /home/airflow/.local/lib/python3.12/site-packages/airflow/example_dags/tutorial_dag.py
[2024-12-24T22:35:03.087+0000] {processor.py:914} INFO - Processing file /home/airflow/.local/lib/python3.12/site-packages/airflow/example_dags/tutorial_dag.py for tasks to queue
[2024-12-24T22:35:03.091+0000] {logging_mixin.py:190} INFO - [2024-12-24T22:35:03.091+0000] {dagbag.py:588} INFO - Filling up the DagBag from /home/airflow/.local/lib/python3.12/site-packages/airflow/example_dags/tutorial_dag.py
[2024-12-24T22:35:03.098+0000] {processor.py:925} INFO - DAG(s) 'tutorial_dag' retrieved from /home/airflow/.local/lib/python3.12/site-packages/airflow/example_dags/tutorial_dag.py
[2024-12-24T22:35:03.117+0000] {logging_mixin.py:190} INFO - [2024-12-24T22:35:03.117+0000] {dag.py:3239} INFO - Sync 1 DAGs
[2024-12-24T22:35:03.131+0000] {logging_mixin.py:190} INFO - [2024-12-24T22:35:03.131+0000] {dag.py:4180} INFO - Setting next_dagrun for tutorial_dag to None, run_after=None
[2024-12-24T22:35:03.174+0000] {processor.py:208} INFO - Processing /home/airflow/.local/lib/python3.12/site-packages/airflow/example_dags/tutorial_dag.py took 0.095 seconds
[2024-12-24T22:35:36.766+0000] {processor.py:186} INFO - Started process (PID=494) to work on /home/airflow/.local/lib/python3.12/site-packages/airflow/example_dags/tutorial_dag.py
[2024-12-24T22:35:36.768+0000] {processor.py:914} INFO - Processing file /home/airflow/.local/lib/python3.12/site-packages/airflow/example_dags/tutorial_dag.py for tasks to queue
[2024-12-24T22:35:36.771+0000] {logging_mixin.py:190} INFO - [2024-12-24T22:35:36.770+0000] {dagbag.py:588} INFO - Filling up the DagBag from /home/airflow/.local/lib/python3.12/site-packages/airflow/example_dags/tutorial_dag.py
[2024-12-24T22:35:36.777+0000] {processor.py:925} INFO - DAG(s) 'tutorial_dag' retrieved from /home/airflow/.local/lib/python3.12/site-packages/airflow/example_dags/tutorial_dag.py
[2024-12-24T22:35:36.800+0000] {logging_mixin.py:190} INFO - [2024-12-24T22:35:36.800+0000] {dag.py:3239} INFO - Sync 1 DAGs
[2024-12-24T22:35:36.812+0000] {logging_mixin.py:190} INFO - [2024-12-24T22:35:36.812+0000] {dag.py:4180} INFO - Setting next_dagrun for tutorial_dag to None, run_after=None
[2024-12-24T22:35:36.832+0000] {processor.py:208} INFO - Processing /home/airflow/.local/lib/python3.12/site-packages/airflow/example_dags/tutorial_dag.py took 0.073 seconds
[2024-12-24T22:36:09.226+0000] {processor.py:186} INFO - Started process (PID=557) to work on /home/airflow/.local/lib/python3.12/site-packages/airflow/example_dags/tutorial_dag.py
[2024-12-24T22:36:09.228+0000] {processor.py:914} INFO - Processing file /home/airflow/.local/lib/python3.12/site-packages/airflow/example_dags/tutorial_dag.py for tasks to queue
[2024-12-24T22:36:09.230+0000] {logging_mixin.py:190} INFO - [2024-12-24T22:36:09.230+0000] {dagbag.py:588} INFO - Filling up the DagBag from /home/airflow/.local/lib/python3.12/site-packages/airflow/example_dags/tutorial_dag.py
[2024-12-24T22:36:09.236+0000] {processor.py:925} INFO - DAG(s) 'tutorial_dag' retrieved from /home/airflow/.local/lib/python3.12/site-packages/airflow/example_dags/tutorial_dag.py
[2024-12-24T22:36:09.252+0000] {logging_mixin.py:190} INFO - [2024-12-24T22:36:09.252+0000] {dag.py:3239} INFO - Sync 1 DAGs
[2024-12-24T22:36:09.261+0000] {logging_mixin.py:190} INFO - [2024-12-24T22:36:09.261+0000] {dag.py:4180} INFO - Setting next_dagrun for tutorial_dag to None, run_after=None
[2024-12-24T22:36:09.299+0000] {processor.py:208} INFO - Processing /home/airflow/.local/lib/python3.12/site-packages/airflow/example_dags/tutorial_dag.py took 0.077 seconds
[2024-12-24T22:36:39.808+0000] {processor.py:186} INFO - Started process (PID=621) to work on /home/airflow/.local/lib/python3.12/site-packages/airflow/example_dags/tutorial_dag.py
[2024-12-24T22:36:39.811+0000] {processor.py:914} INFO - Processing file /home/airflow/.local/lib/python3.12/site-packages/airflow/example_dags/tutorial_dag.py for tasks to queue
[2024-12-24T22:36:39.814+0000] {logging_mixin.py:190} INFO - [2024-12-24T22:36:39.814+0000] {dagbag.py:588} INFO - Filling up the DagBag from /home/airflow/.local/lib/python3.12/site-packages/airflow/example_dags/tutorial_dag.py
[2024-12-24T22:36:39.821+0000] {processor.py:925} INFO - DAG(s) 'tutorial_dag' retrieved from /home/airflow/.local/lib/python3.12/site-packages/airflow/example_dags/tutorial_dag.py
[2024-12-24T22:36:39.842+0000] {logging_mixin.py:190} INFO - [2024-12-24T22:36:39.842+0000] {dag.py:3239} INFO - Sync 1 DAGs
[2024-12-24T22:36:39.854+0000] {logging_mixin.py:190} INFO - [2024-12-24T22:36:39.854+0000] {dag.py:4180} INFO - Setting next_dagrun for tutorial_dag to None, run_after=None
[2024-12-24T22:36:39.890+0000] {processor.py:208} INFO - Processing /home/airflow/.local/lib/python3.12/site-packages/airflow/example_dags/tutorial_dag.py took 0.089 seconds
[2024-12-24T22:37:09.994+0000] {processor.py:186} INFO - Started process (PID=685) to work on /home/airflow/.local/lib/python3.12/site-packages/airflow/example_dags/tutorial_dag.py
[2024-12-24T22:37:09.996+0000] {processor.py:914} INFO - Processing file /home/airflow/.local/lib/python3.12/site-packages/airflow/example_dags/tutorial_dag.py for tasks to queue
[2024-12-24T22:37:09.998+0000] {logging_mixin.py:190} INFO - [2024-12-24T22:37:09.998+0000] {dagbag.py:588} INFO - Filling up the DagBag from /home/airflow/.local/lib/python3.12/site-packages/airflow/example_dags/tutorial_dag.py
[2024-12-24T22:37:10.004+0000] {processor.py:925} INFO - DAG(s) 'tutorial_dag' retrieved from /home/airflow/.local/lib/python3.12/site-packages/airflow/example_dags/tutorial_dag.py
[2024-12-24T22:37:10.018+0000] {logging_mixin.py:190} INFO - [2024-12-24T22:37:10.018+0000] {dag.py:3239} INFO - Sync 1 DAGs
[2024-12-24T22:37:10.029+0000] {logging_mixin.py:190} INFO - [2024-12-24T22:37:10.028+0000] {dag.py:4180} INFO - Setting next_dagrun for tutorial_dag to None, run_after=None
[2024-12-24T22:37:10.044+0000] {processor.py:208} INFO - Processing /home/airflow/.local/lib/python3.12/site-packages/airflow/example_dags/tutorial_dag.py took 0.054 seconds
[2024-12-24T22:37:40.458+0000] {processor.py:186} INFO - Started process (PID=749) to work on /home/airflow/.local/lib/python3.12/site-packages/airflow/example_dags/tutorial_dag.py
[2024-12-24T22:37:40.460+0000] {processor.py:914} INFO - Processing file /home/airflow/.local/lib/python3.12/site-packages/airflow/example_dags/tutorial_dag.py for tasks to queue
[2024-12-24T22:37:40.467+0000] {logging_mixin.py:190} INFO - [2024-12-24T22:37:40.467+0000] {dagbag.py:588} INFO - Filling up the DagBag from /home/airflow/.local/lib/python3.12/site-packages/airflow/example_dags/tutorial_dag.py
[2024-12-24T22:37:40.473+0000] {processor.py:925} INFO - DAG(s) 'tutorial_dag' retrieved from /home/airflow/.local/lib/python3.12/site-packages/airflow/example_dags/tutorial_dag.py
[2024-12-24T22:37:40.494+0000] {logging_mixin.py:190} INFO - [2024-12-24T22:37:40.494+0000] {dag.py:3239} INFO - Sync 1 DAGs
[2024-12-24T22:37:40.508+0000] {logging_mixin.py:190} INFO - [2024-12-24T22:37:40.507+0000] {dag.py:4180} INFO - Setting next_dagrun for tutorial_dag to None, run_after=None
[2024-12-24T22:37:40.524+0000] {processor.py:208} INFO - Processing /home/airflow/.local/lib/python3.12/site-packages/airflow/example_dags/tutorial_dag.py took 0.071 seconds
[2024-12-24T22:38:10.731+0000] {processor.py:186} INFO - Started process (PID=813) to work on /home/airflow/.local/lib/python3.12/site-packages/airflow/example_dags/tutorial_dag.py
[2024-12-24T22:38:10.733+0000] {processor.py:914} INFO - Processing file /home/airflow/.local/lib/python3.12/site-packages/airflow/example_dags/tutorial_dag.py for tasks to queue
[2024-12-24T22:38:10.736+0000] {logging_mixin.py:190} INFO - [2024-12-24T22:38:10.735+0000] {dagbag.py:588} INFO - Filling up the DagBag from /home/airflow/.local/lib/python3.12/site-packages/airflow/example_dags/tutorial_dag.py
[2024-12-24T22:38:10.742+0000] {processor.py:925} INFO - DAG(s) 'tutorial_dag' retrieved from /home/airflow/.local/lib/python3.12/site-packages/airflow/example_dags/tutorial_dag.py
[2024-12-24T22:38:10.759+0000] {logging_mixin.py:190} INFO - [2024-12-24T22:38:10.758+0000] {dag.py:3239} INFO - Sync 1 DAGs
[2024-12-24T22:38:10.770+0000] {logging_mixin.py:190} INFO - [2024-12-24T22:38:10.770+0000] {dag.py:4180} INFO - Setting next_dagrun for tutorial_dag to None, run_after=None
[2024-12-24T22:38:10.809+0000] {processor.py:208} INFO - Processing /home/airflow/.local/lib/python3.12/site-packages/airflow/example_dags/tutorial_dag.py took 0.083 seconds
[2024-12-24T22:38:41.022+0000] {processor.py:186} INFO - Started process (PID=876) to work on /home/airflow/.local/lib/python3.12/site-packages/airflow/example_dags/tutorial_dag.py
[2024-12-24T22:38:41.024+0000] {processor.py:914} INFO - Processing file /home/airflow/.local/lib/python3.12/site-packages/airflow/example_dags/tutorial_dag.py for tasks to queue
[2024-12-24T22:38:41.027+0000] {logging_mixin.py:190} INFO - [2024-12-24T22:38:41.027+0000] {dagbag.py:588} INFO - Filling up the DagBag from /home/airflow/.local/lib/python3.12/site-packages/airflow/example_dags/tutorial_dag.py
[2024-12-24T22:38:41.034+0000] {processor.py:925} INFO - DAG(s) 'tutorial_dag' retrieved from /home/airflow/.local/lib/python3.12/site-packages/airflow/example_dags/tutorial_dag.py
[2024-12-24T22:38:41.052+0000] {logging_mixin.py:190} INFO - [2024-12-24T22:38:41.052+0000] {dag.py:3239} INFO - Sync 1 DAGs
[2024-12-24T22:38:41.064+0000] {logging_mixin.py:190} INFO - [2024-12-24T22:38:41.063+0000] {dag.py:4180} INFO - Setting next_dagrun for tutorial_dag to None, run_after=None
[2024-12-24T22:38:41.102+0000] {processor.py:208} INFO - Processing /home/airflow/.local/lib/python3.12/site-packages/airflow/example_dags/tutorial_dag.py took 0.084 seconds
[2024-12-24T22:39:11.695+0000] {processor.py:186} INFO - Started process (PID=940) to work on /home/airflow/.local/lib/python3.12/site-packages/airflow/example_dags/tutorial_dag.py
[2024-12-24T22:39:11.696+0000] {processor.py:914} INFO - Processing file /home/airflow/.local/lib/python3.12/site-packages/airflow/example_dags/tutorial_dag.py for tasks to queue
[2024-12-24T22:39:11.699+0000] {logging_mixin.py:190} INFO - [2024-12-24T22:39:11.699+0000] {dagbag.py:588} INFO - Filling up the DagBag from /home/airflow/.local/lib/python3.12/site-packages/airflow/example_dags/tutorial_dag.py
[2024-12-24T22:39:11.707+0000] {processor.py:925} INFO - DAG(s) 'tutorial_dag' retrieved from /home/airflow/.local/lib/python3.12/site-packages/airflow/example_dags/tutorial_dag.py
[2024-12-24T22:39:11.726+0000] {logging_mixin.py:190} INFO - [2024-12-24T22:39:11.726+0000] {dag.py:3239} INFO - Sync 1 DAGs
[2024-12-24T22:39:11.738+0000] {logging_mixin.py:190} INFO - [2024-12-24T22:39:11.738+0000] {dag.py:4180} INFO - Setting next_dagrun for tutorial_dag to None, run_after=None
[2024-12-24T22:39:11.755+0000] {processor.py:208} INFO - Processing /home/airflow/.local/lib/python3.12/site-packages/airflow/example_dags/tutorial_dag.py took 0.066 seconds
[2024-12-24T22:44:33.422+0000] {processor.py:186} INFO - Started process (PID=110) to work on /home/airflow/.local/lib/python3.12/site-packages/airflow/example_dags/tutorial_dag.py
[2024-12-24T22:44:33.433+0000] {processor.py:914} INFO - Processing file /home/airflow/.local/lib/python3.12/site-packages/airflow/example_dags/tutorial_dag.py for tasks to queue
[2024-12-24T22:44:33.436+0000] {logging_mixin.py:190} INFO - [2024-12-24T22:44:33.436+0000] {dagbag.py:588} INFO - Filling up the DagBag from /home/airflow/.local/lib/python3.12/site-packages/airflow/example_dags/tutorial_dag.py
[2024-12-24T22:44:33.446+0000] {processor.py:925} INFO - DAG(s) 'tutorial_dag' retrieved from /home/airflow/.local/lib/python3.12/site-packages/airflow/example_dags/tutorial_dag.py
[2024-12-24T22:44:33.466+0000] {logging_mixin.py:190} INFO - [2024-12-24T22:44:33.466+0000] {dag.py:3239} INFO - Sync 1 DAGs
[2024-12-24T22:44:33.482+0000] {logging_mixin.py:190} INFO - [2024-12-24T22:44:33.481+0000] {dag.py:4180} INFO - Setting next_dagrun for tutorial_dag to None, run_after=None
[2024-12-24T22:44:33.505+0000] {processor.py:208} INFO - Processing /home/airflow/.local/lib/python3.12/site-packages/airflow/example_dags/tutorial_dag.py took 0.089 seconds
[2024-12-24T22:45:04.177+0000] {processor.py:186} INFO - Started process (PID=174) to work on /home/airflow/.local/lib/python3.12/site-packages/airflow/example_dags/tutorial_dag.py
[2024-12-24T22:45:04.179+0000] {processor.py:914} INFO - Processing file /home/airflow/.local/lib/python3.12/site-packages/airflow/example_dags/tutorial_dag.py for tasks to queue
[2024-12-24T22:45:04.183+0000] {logging_mixin.py:190} INFO - [2024-12-24T22:45:04.182+0000] {dagbag.py:588} INFO - Filling up the DagBag from /home/airflow/.local/lib/python3.12/site-packages/airflow/example_dags/tutorial_dag.py
[2024-12-24T22:45:04.191+0000] {processor.py:925} INFO - DAG(s) 'tutorial_dag' retrieved from /home/airflow/.local/lib/python3.12/site-packages/airflow/example_dags/tutorial_dag.py
[2024-12-24T22:45:04.213+0000] {logging_mixin.py:190} INFO - [2024-12-24T22:45:04.212+0000] {dag.py:3239} INFO - Sync 1 DAGs
[2024-12-24T22:45:04.226+0000] {logging_mixin.py:190} INFO - [2024-12-24T22:45:04.226+0000] {dag.py:4180} INFO - Setting next_dagrun for tutorial_dag to None, run_after=None
[2024-12-24T22:45:04.250+0000] {processor.py:208} INFO - Processing /home/airflow/.local/lib/python3.12/site-packages/airflow/example_dags/tutorial_dag.py took 0.079 seconds
[2024-12-24T22:45:36.613+0000] {processor.py:186} INFO - Started process (PID=238) to work on /home/airflow/.local/lib/python3.12/site-packages/airflow/example_dags/tutorial_dag.py
[2024-12-24T22:45:36.617+0000] {processor.py:914} INFO - Processing file /home/airflow/.local/lib/python3.12/site-packages/airflow/example_dags/tutorial_dag.py for tasks to queue
[2024-12-24T22:45:36.622+0000] {logging_mixin.py:190} INFO - [2024-12-24T22:45:36.621+0000] {dagbag.py:588} INFO - Filling up the DagBag from /home/airflow/.local/lib/python3.12/site-packages/airflow/example_dags/tutorial_dag.py
[2024-12-24T22:45:36.637+0000] {processor.py:925} INFO - DAG(s) 'tutorial_dag' retrieved from /home/airflow/.local/lib/python3.12/site-packages/airflow/example_dags/tutorial_dag.py
[2024-12-24T22:45:36.664+0000] {logging_mixin.py:190} INFO - [2024-12-24T22:45:36.664+0000] {dag.py:3239} INFO - Sync 1 DAGs
[2024-12-24T22:45:36.675+0000] {logging_mixin.py:190} INFO - [2024-12-24T22:45:36.675+0000] {dag.py:4180} INFO - Setting next_dagrun for tutorial_dag to None, run_after=None
[2024-12-24T22:45:36.705+0000] {processor.py:208} INFO - Processing /home/airflow/.local/lib/python3.12/site-packages/airflow/example_dags/tutorial_dag.py took 0.099 seconds
[2024-12-24T22:46:07.465+0000] {processor.py:186} INFO - Started process (PID=302) to work on /home/airflow/.local/lib/python3.12/site-packages/airflow/example_dags/tutorial_dag.py
[2024-12-24T22:46:07.470+0000] {processor.py:914} INFO - Processing file /home/airflow/.local/lib/python3.12/site-packages/airflow/example_dags/tutorial_dag.py for tasks to queue
[2024-12-24T22:46:07.480+0000] {logging_mixin.py:190} INFO - [2024-12-24T22:46:07.480+0000] {dagbag.py:588} INFO - Filling up the DagBag from /home/airflow/.local/lib/python3.12/site-packages/airflow/example_dags/tutorial_dag.py
[2024-12-24T22:46:07.498+0000] {processor.py:925} INFO - DAG(s) 'tutorial_dag' retrieved from /home/airflow/.local/lib/python3.12/site-packages/airflow/example_dags/tutorial_dag.py
[2024-12-24T22:46:07.526+0000] {logging_mixin.py:190} INFO - [2024-12-24T22:46:07.525+0000] {dag.py:3239} INFO - Sync 1 DAGs
[2024-12-24T22:46:07.538+0000] {logging_mixin.py:190} INFO - [2024-12-24T22:46:07.538+0000] {dag.py:4180} INFO - Setting next_dagrun for tutorial_dag to None, run_after=None
[2024-12-24T22:46:07.558+0000] {processor.py:208} INFO - Processing /home/airflow/.local/lib/python3.12/site-packages/airflow/example_dags/tutorial_dag.py took 0.108 seconds
[2024-12-24T22:46:39.211+0000] {processor.py:186} INFO - Started process (PID=360) to work on /home/airflow/.local/lib/python3.12/site-packages/airflow/example_dags/tutorial_dag.py
[2024-12-24T22:46:39.214+0000] {processor.py:914} INFO - Processing file /home/airflow/.local/lib/python3.12/site-packages/airflow/example_dags/tutorial_dag.py for tasks to queue
[2024-12-24T22:46:39.219+0000] {logging_mixin.py:190} INFO - [2024-12-24T22:46:39.218+0000] {dagbag.py:588} INFO - Filling up the DagBag from /home/airflow/.local/lib/python3.12/site-packages/airflow/example_dags/tutorial_dag.py
[2024-12-24T22:46:39.228+0000] {processor.py:925} INFO - DAG(s) 'tutorial_dag' retrieved from /home/airflow/.local/lib/python3.12/site-packages/airflow/example_dags/tutorial_dag.py
[2024-12-24T22:46:39.251+0000] {logging_mixin.py:190} INFO - [2024-12-24T22:46:39.250+0000] {dag.py:3239} INFO - Sync 1 DAGs
[2024-12-24T22:46:39.263+0000] {logging_mixin.py:190} INFO - [2024-12-24T22:46:39.262+0000] {dag.py:4180} INFO - Setting next_dagrun for tutorial_dag to None, run_after=None
[2024-12-24T22:46:39.287+0000] {processor.py:208} INFO - Processing /home/airflow/.local/lib/python3.12/site-packages/airflow/example_dags/tutorial_dag.py took 0.085 seconds
[2024-12-24T22:47:11.423+0000] {processor.py:186} INFO - Started process (PID=424) to work on /home/airflow/.local/lib/python3.12/site-packages/airflow/example_dags/tutorial_dag.py
[2024-12-24T22:47:11.428+0000] {processor.py:914} INFO - Processing file /home/airflow/.local/lib/python3.12/site-packages/airflow/example_dags/tutorial_dag.py for tasks to queue
[2024-12-24T22:47:11.435+0000] {logging_mixin.py:190} INFO - [2024-12-24T22:47:11.435+0000] {dagbag.py:588} INFO - Filling up the DagBag from /home/airflow/.local/lib/python3.12/site-packages/airflow/example_dags/tutorial_dag.py
[2024-12-24T22:47:11.455+0000] {processor.py:925} INFO - DAG(s) 'tutorial_dag' retrieved from /home/airflow/.local/lib/python3.12/site-packages/airflow/example_dags/tutorial_dag.py
[2024-12-24T22:47:11.489+0000] {logging_mixin.py:190} INFO - [2024-12-24T22:47:11.489+0000] {dag.py:3239} INFO - Sync 1 DAGs
[2024-12-24T22:47:11.517+0000] {logging_mixin.py:190} INFO - [2024-12-24T22:47:11.517+0000] {dag.py:4180} INFO - Setting next_dagrun for tutorial_dag to None, run_after=None
[2024-12-24T22:47:11.552+0000] {processor.py:208} INFO - Processing /home/airflow/.local/lib/python3.12/site-packages/airflow/example_dags/tutorial_dag.py took 0.143 seconds
[2024-12-24T22:47:46.100+0000] {processor.py:186} INFO - Started process (PID=494) to work on /home/airflow/.local/lib/python3.12/site-packages/airflow/example_dags/tutorial_dag.py
[2024-12-24T22:47:46.103+0000] {processor.py:914} INFO - Processing file /home/airflow/.local/lib/python3.12/site-packages/airflow/example_dags/tutorial_dag.py for tasks to queue
[2024-12-24T22:47:46.106+0000] {logging_mixin.py:190} INFO - [2024-12-24T22:47:46.106+0000] {dagbag.py:588} INFO - Filling up the DagBag from /home/airflow/.local/lib/python3.12/site-packages/airflow/example_dags/tutorial_dag.py
[2024-12-24T22:47:46.112+0000] {processor.py:925} INFO - DAG(s) 'tutorial_dag' retrieved from /home/airflow/.local/lib/python3.12/site-packages/airflow/example_dags/tutorial_dag.py
[2024-12-24T22:47:46.130+0000] {logging_mixin.py:190} INFO - [2024-12-24T22:47:46.130+0000] {dag.py:3239} INFO - Sync 1 DAGs
[2024-12-24T22:47:46.143+0000] {logging_mixin.py:190} INFO - [2024-12-24T22:47:46.143+0000] {dag.py:4180} INFO - Setting next_dagrun for tutorial_dag to None, run_after=None
[2024-12-24T22:47:46.162+0000] {processor.py:208} INFO - Processing /home/airflow/.local/lib/python3.12/site-packages/airflow/example_dags/tutorial_dag.py took 0.067 seconds
